-- Found ament_cmake: 2.5.4 (/opt/ros/jazzy/share/ament_cmake/cmake)
-- Found rosidl_default_generators: 1.6.0 (/opt/ros/jazzy/share/rosidl_default_generators/cmake)
-- Using all available rosidl_typesupport_c: rosidl_typesupport_fastrtps_c;rosidl_typesupport_introspection_c
-- Using all available rosidl_typesupport_cpp: rosidl_typesupport_fastrtps_cpp;rosidl_typesupport_introspection_cpp
-- Found rosidl_adapter: 4.6.6 (/opt/ros/jazzy/share/rosidl_adapter/cmake)
-- Found ament_cmake_ros: 0.12.0 (/opt/ros/jazzy/share/ament_cmake_ros/cmake)
-- Using all available rosidl_typesupport_c: rosidl_typesupport_fastrtps_c;rosidl_typesupport_introspection_c
-- Using all available rosidl_typesupport_cpp: rosidl_typesupport_fastrtps_cpp;rosidl_typesupport_introspection_cpp
-- Found python_cmake_module: 0.11.1 (/opt/ros/jazzy/share/python_cmake_module/cmake)
-- Found PythonExtra: /usr/bin/python3  
-- Found Python3: /usr/bin/python3 (found version "3.12.3") found components: Interpreter Development NumPy Development.Module Development.Embed 
-- Configuring done (4.3s)
-- Generating done (0.1s)
-- Build files have been written to: /home/shai/ros2_ttt_robot/build/ttt_msgs
[  1%] [34m[1mGenerating type hashes for ROS interfaces[0m
[  1%] Built target ament_cmake_python_copy_ttt_msgs
running egg_info
creating ttt_msgs.egg-info
writing ttt_msgs.egg-info/PKG-INFO
writing dependency_links to ttt_msgs.egg-info/dependency_links.txt
writing top-level names to ttt_msgs.egg-info/top_level.txt
writing manifest file 'ttt_msgs.egg-info/SOURCES.txt'
reading manifest file 'ttt_msgs.egg-info/SOURCES.txt'
writing manifest file 'ttt_msgs.egg-info/SOURCES.txt'
[  1%] Built target ttt_msgs__rosidl_generator_type_description
[  2%] Built target ament_cmake_python_build_ttt_msgs_egg
[  2%] [34m[1mGenerating C code for ROS interfaces[0m
[  4%] [34m[1mGenerating C++ code for ROS interfaces[0m
[  4%] Built target ttt_msgs__cpp
[  8%] [32mBuilding C object CMakeFiles/ttt_msgs__rosidl_generator_c.dir/rosidl_generator_c/ttt_msgs/msg/detail/game_state__type_support.c.o[0m
[  9%] [32mBuilding C object CMakeFiles/ttt_msgs__rosidl_generator_c.dir/rosidl_generator_c/ttt_msgs/msg/detail/game_state__functions.c.o[0m
[  8%] [32mBuilding C object CMakeFiles/ttt_msgs__rosidl_generator_c.dir/rosidl_generator_c/ttt_msgs/msg/detail/move__description.c.o[0m
[  9%] [32mBuilding C object CMakeFiles/ttt_msgs__rosidl_generator_c.dir/rosidl_generator_c/ttt_msgs/msg/detail/game_state__description.c.o[0m
[ 10%] [32mBuilding C object CMakeFiles/ttt_msgs__rosidl_generator_c.dir/rosidl_generator_c/ttt_msgs/msg/detail/move__functions.c.o[0m
[ 12%] [32mBuilding C object CMakeFiles/ttt_msgs__rosidl_generator_c.dir/rosidl_generator_c/ttt_msgs/msg/detail/move__type_support.c.o[0m
[ 13%] [32mBuilding C object CMakeFiles/ttt_msgs__rosidl_generator_c.dir/rosidl_generator_c/ttt_msgs/action/detail/draw_symbol__description.c.o[0m
[ 14%] [32mBuilding C object CMakeFiles/ttt_msgs__rosidl_generator_c.dir/rosidl_generator_c/ttt_msgs/action/detail/draw_symbol__functions.c.o[0m
[ 16%] [32mBuilding C object CMakeFiles/ttt_msgs__rosidl_generator_c.dir/rosidl_generator_c/ttt_msgs/action/detail/draw_symbol__type_support.c.o[0m
[ 17%] [32mBuilding C object CMakeFiles/ttt_msgs__rosidl_generator_c.dir/rosidl_generator_c/ttt_msgs/action/detail/draw_grid__description.c.o[0m
[ 18%] [32mBuilding C object CMakeFiles/ttt_msgs__rosidl_generator_c.dir/rosidl_generator_c/ttt_msgs/action/detail/draw_grid__functions.c.o[0m
[ 20%] [32mBuilding C object CMakeFiles/ttt_msgs__rosidl_generator_c.dir/rosidl_generator_c/ttt_msgs/action/detail/draw_grid__type_support.c.o[0m
[ 21%] [32mBuilding C object CMakeFiles/ttt_msgs__rosidl_generator_c.dir/rosidl_generator_c/ttt_msgs/action/detail/go_home__description.c.o[0m
[ 22%] [32mBuilding C object CMakeFiles/ttt_msgs__rosidl_generator_c.dir/rosidl_generator_c/ttt_msgs/action/detail/go_home__functions.c.o[0m
[ 24%] [32mBuilding C object CMakeFiles/ttt_msgs__rosidl_generator_c.dir/rosidl_generator_c/ttt_msgs/action/detail/go_home__type_support.c.o[0m
[ 25%] [32m[1mLinking C shared library libttt_msgs__rosidl_generator_c.so[0m
[ 25%] Built target ttt_msgs__rosidl_generator_c
[ 28%] [34m[1mGenerating C type support dispatch for ROS interfaces[0m
[ 31%] [34m[1mGenerating C type support for eProsima Fast-RTPS[0m
[ 31%] [34m[1mGenerating C++ type support dispatch for ROS interfaces[0m
[ 31%] [34m[1mGenerating C introspection for ROS interfaces[0m
[ 32%] [32mBuilding CXX object CMakeFiles/ttt_msgs__rosidl_typesupport_cpp.dir/rosidl_typesupport_cpp/ttt_msgs/msg/game_state__type_support.cpp.o[0m
[ 33%] [32mBuilding CXX object CMakeFiles/ttt_msgs__rosidl_typesupport_c.dir/rosidl_typesupport_c/ttt_msgs/msg/game_state__type_support.cpp.o[0m
[ 35%] [32mBuilding CXX object CMakeFiles/ttt_msgs__rosidl_typesupport_c.dir/rosidl_typesupport_c/ttt_msgs/msg/move__type_support.cpp.o[0m
[ 36%] [32mBuilding CXX object CMakeFiles/ttt_msgs__rosidl_typesupport_c.dir/rosidl_typesupport_c/ttt_msgs/action/draw_symbol__type_support.cpp.o[0m
[ 37%] [32mBuilding CXX object CMakeFiles/ttt_msgs__rosidl_typesupport_c.dir/rosidl_typesupport_c/ttt_msgs/action/draw_grid__type_support.cpp.o[0m
[ 39%] [32mBuilding C object CMakeFiles/ttt_msgs__rosidl_typesupport_introspection_c.dir/rosidl_typesupport_introspection_c/ttt_msgs/msg/detail/game_state__type_support.c.o[0m
[ 40%] [32mBuilding C object CMakeFiles/ttt_msgs__rosidl_typesupport_introspection_c.dir/rosidl_typesupport_introspection_c/ttt_msgs/msg/detail/move__type_support.c.o[0m
[ 41%] [32mBuilding CXX object CMakeFiles/ttt_msgs__rosidl_typesupport_c.dir/rosidl_typesupport_c/ttt_msgs/action/go_home__type_support.cpp.o[0m
[ 43%] [32mBuilding C object CMakeFiles/ttt_msgs__rosidl_typesupport_introspection_c.dir/rosidl_typesupport_introspection_c/ttt_msgs/action/detail/draw_symbol__type_support.c.o[0m
[ 44%] [32m[1mLinking CXX shared library libttt_msgs__rosidl_typesupport_c.so[0m
[ 45%] [32mBuilding C object CMakeFiles/ttt_msgs__rosidl_typesupport_introspection_c.dir/rosidl_typesupport_introspection_c/ttt_msgs/action/detail/draw_grid__type_support.c.o[0m
[ 45%] Built target ttt_msgs__rosidl_typesupport_c
[ 47%] [34m[1mGenerating C++ type support for eProsima Fast-RTPS[0m
[ 48%] [32mBuilding C object CMakeFiles/ttt_msgs__rosidl_typesupport_introspection_c.dir/rosidl_typesupport_introspection_c/ttt_msgs/action/detail/go_home__type_support.c.o[0m
[ 50%] [32mBuilding CXX object CMakeFiles/ttt_msgs__rosidl_typesupport_cpp.dir/rosidl_typesupport_cpp/ttt_msgs/msg/move__type_support.cpp.o[0m
[ 51%] [32m[1mLinking C shared library libttt_msgs__rosidl_typesupport_introspection_c.so[0m
[ 51%] Built target ttt_msgs__rosidl_typesupport_introspection_c
[ 52%] [34m[1mGenerating C++ introspection for ROS interfaces[0m
[ 54%] [32mBuilding CXX object CMakeFiles/ttt_msgs__rosidl_typesupport_fastrtps_c.dir/rosidl_typesupport_fastrtps_c/ttt_msgs/msg/detail/game_state__type_support_c.cpp.o[0m
[ 55%] [32mBuilding CXX object CMakeFiles/ttt_msgs__rosidl_typesupport_cpp.dir/rosidl_typesupport_cpp/ttt_msgs/action/draw_symbol__type_support.cpp.o[0m
[ 56%] [32mBuilding CXX object CMakeFiles/ttt_msgs__rosidl_typesupport_fastrtps_c.dir/rosidl_typesupport_fastrtps_c/ttt_msgs/msg/detail/move__type_support_c.cpp.o[0m
[ 58%] [32mBuilding CXX object CMakeFiles/ttt_msgs__rosidl_typesupport_introspection_cpp.dir/rosidl_typesupport_introspection_cpp/ttt_msgs/msg/detail/game_state__type_support.cpp.o[0m
[ 59%] [32mBuilding CXX object CMakeFiles/ttt_msgs__rosidl_typesupport_cpp.dir/rosidl_typesupport_cpp/ttt_msgs/action/draw_grid__type_support.cpp.o[0m
[ 60%] [32mBuilding CXX object CMakeFiles/ttt_msgs__rosidl_typesupport_fastrtps_cpp.dir/rosidl_typesupport_fastrtps_cpp/ttt_msgs/msg/detail/dds_fastrtps/game_state__type_support.cpp.o[0m
[ 62%] [32mBuilding CXX object CMakeFiles/ttt_msgs__rosidl_typesupport_fastrtps_c.dir/rosidl_typesupport_fastrtps_c/ttt_msgs/action/detail/draw_symbol__type_support_c.cpp.o[0m
[ 63%] [32mBuilding CXX object CMakeFiles/ttt_msgs__rosidl_typesupport_introspection_cpp.dir/rosidl_typesupport_introspection_cpp/ttt_msgs/msg/detail/move__type_support.cpp.o[0m
[ 64%] [32mBuilding CXX object CMakeFiles/ttt_msgs__rosidl_typesupport_introspection_cpp.dir/rosidl_typesupport_introspection_cpp/ttt_msgs/action/detail/draw_symbol__type_support.cpp.o[0m
[ 66%] [32mBuilding CXX object CMakeFiles/ttt_msgs__rosidl_typesupport_fastrtps_cpp.dir/rosidl_typesupport_fastrtps_cpp/ttt_msgs/msg/detail/dds_fastrtps/move__type_support.cpp.o[0m
[ 67%] [32mBuilding CXX object CMakeFiles/ttt_msgs__rosidl_typesupport_cpp.dir/rosidl_typesupport_cpp/ttt_msgs/action/go_home__type_support.cpp.o[0m
[ 68%] [32mBuilding CXX object CMakeFiles/ttt_msgs__rosidl_typesupport_fastrtps_c.dir/rosidl_typesupport_fastrtps_c/ttt_msgs/action/detail/draw_grid__type_support_c.cpp.o[0m
[ 70%] [32mBuilding CXX object CMakeFiles/ttt_msgs__rosidl_typesupport_fastrtps_cpp.dir/rosidl_typesupport_fastrtps_cpp/ttt_msgs/action/detail/dds_fastrtps/draw_symbol__type_support.cpp.o[0m
[ 71%] [32mBuilding CXX object CMakeFiles/ttt_msgs__rosidl_typesupport_introspection_cpp.dir/rosidl_typesupport_introspection_cpp/ttt_msgs/action/detail/draw_grid__type_support.cpp.o[0m
[ 72%] [32mBuilding CXX object CMakeFiles/ttt_msgs__rosidl_typesupport_fastrtps_c.dir/rosidl_typesupport_fastrtps_c/ttt_msgs/action/detail/go_home__type_support_c.cpp.o[0m
[ 74%] [32m[1mLinking CXX shared library libttt_msgs__rosidl_typesupport_cpp.so[0m
[ 74%] Built target ttt_msgs__rosidl_typesupport_cpp
[ 75%] [32mBuilding CXX object CMakeFiles/ttt_msgs__rosidl_typesupport_fastrtps_cpp.dir/rosidl_typesupport_fastrtps_cpp/ttt_msgs/action/detail/dds_fastrtps/draw_grid__type_support.cpp.o[0m
[ 77%] [32mBuilding CXX object CMakeFiles/ttt_msgs__rosidl_typesupport_introspection_cpp.dir/rosidl_typesupport_introspection_cpp/ttt_msgs/action/detail/go_home__type_support.cpp.o[0m
[ 78%] [32m[1mLinking CXX shared library libttt_msgs__rosidl_typesupport_fastrtps_c.so[0m
[ 79%] [32mBuilding CXX object CMakeFiles/ttt_msgs__rosidl_typesupport_fastrtps_cpp.dir/rosidl_typesupport_fastrtps_cpp/ttt_msgs/action/detail/dds_fastrtps/go_home__type_support.cpp.o[0m
[ 79%] Built target ttt_msgs__rosidl_typesupport_fastrtps_c
[ 81%] [32m[1mLinking CXX shared library libttt_msgs__rosidl_typesupport_introspection_cpp.so[0m
[ 81%] Built target ttt_msgs__rosidl_typesupport_introspection_cpp
[ 82%] [32m[1mLinking CXX shared library libttt_msgs__rosidl_typesupport_fastrtps_cpp.so[0m
[ 82%] Built target ttt_msgs__rosidl_typesupport_fastrtps_cpp
[ 82%] Built target ttt_msgs
[ 83%] [34m[1mGenerating Python code for ROS interfaces[0m
[ 83%] Built target ttt_msgs__py
[ 87%] [32mBuilding C object CMakeFiles/ttt_msgs__rosidl_generator_py.dir/rosidl_generator_py/ttt_msgs/action/_draw_grid_s.c.o[0m
[ 89%] [32mBuilding C object CMakeFiles/ttt_msgs__rosidl_generator_py.dir/rosidl_generator_py/ttt_msgs/action/_draw_symbol_s.c.o[0m
[ 89%] [32mBuilding C object CMakeFiles/ttt_msgs__rosidl_generator_py.dir/rosidl_generator_py/ttt_msgs/msg/_move_s.c.o[0m
[ 89%] [32mBuilding C object CMakeFiles/ttt_msgs__rosidl_generator_py.dir/rosidl_generator_py/ttt_msgs/msg/_game_state_s.c.o[0m
[ 90%] [32mBuilding C object CMakeFiles/ttt_msgs__rosidl_generator_py.dir/rosidl_generator_py/ttt_msgs/action/_go_home_s.c.o[0m
[ 91%] [32m[1mLinking C shared library libttt_msgs__rosidl_generator_py.so[0m
[ 91%] Built target ttt_msgs__rosidl_generator_py
[ 95%] [32mBuilding C object CMakeFiles/ttt_msgs_s__rosidl_typesupport_introspection_c.dir/rosidl_generator_py/ttt_msgs/_ttt_msgs_s.ep.rosidl_typesupport_introspection_c.c.o[0m
[ 95%] [32mBuilding C object CMakeFiles/ttt_msgs_s__rosidl_typesupport_fastrtps_c.dir/rosidl_generator_py/ttt_msgs/_ttt_msgs_s.ep.rosidl_typesupport_fastrtps_c.c.o[0m
[ 95%] [32mBuilding C object CMakeFiles/ttt_msgs_s__rosidl_typesupport_c.dir/rosidl_generator_py/ttt_msgs/_ttt_msgs_s.ep.rosidl_typesupport_c.c.o[0m
[ 97%] [32m[1mLinking C shared module rosidl_generator_py/ttt_msgs/ttt_msgs_s__rosidl_typesupport_introspection_c.so[0m
[ 98%] [32m[1mLinking C shared module rosidl_generator_py/ttt_msgs/ttt_msgs_s__rosidl_typesupport_c.so[0m
[100%] [32m[1mLinking C shared module rosidl_generator_py/ttt_msgs/ttt_msgs_s__rosidl_typesupport_fastrtps_c.so[0m
[100%] Built target ttt_msgs_s__rosidl_typesupport_introspection_c
[100%] Built target ttt_msgs_s__rosidl_typesupport_c
[100%] Built target ttt_msgs_s__rosidl_typesupport_fastrtps_c
-- Install configuration: ""
-- Installing: /home/shai/ros2_ttt_robot/install/ttt_msgs/share/ament_index/resource_index/rosidl_interfaces/ttt_msgs
-- Installing: /home/shai/ros2_ttt_robot/install/ttt_msgs/share/ttt_msgs/msg/GameState.json
-- Installing: /home/shai/ros2_ttt_robot/install/ttt_msgs/share/ttt_msgs/msg/Move.json
-- Installing: /home/shai/ros2_ttt_robot/install/ttt_msgs/share/ttt_msgs/action/DrawSymbol.json
-- Installing: /home/shai/ros2_ttt_robot/install/ttt_msgs/share/ttt_msgs/action/DrawGrid.json
-- Installing: /home/shai/ros2_ttt_robot/install/ttt_msgs/share/ttt_msgs/action/GoHome.json
-- Installing: /home/shai/ros2_ttt_robot/install/ttt_msgs/include/ttt_msgs/ttt_msgs
-- Installing: /home/shai/ros2_ttt_robot/install/ttt_msgs/include/ttt_msgs/ttt_msgs/msg
-- Installing: /home/shai/ros2_ttt_robot/install/ttt_msgs/include/ttt_msgs/ttt_msgs/msg/move.h
-- Installing: /home/shai/ros2_ttt_robot/install/ttt_msgs/include/ttt_msgs/ttt_msgs/msg/detail
-- Installing: /home/shai/ros2_ttt_robot/install/ttt_msgs/include/ttt_msgs/ttt_msgs/msg/detail/game_state__functions.h
-- Installing: /home/shai/ros2_ttt_robot/install/ttt_msgs/include/ttt_msgs/ttt_msgs/msg/detail/move__struct.h
-- Installing: /home/shai/ros2_ttt_robot/install/ttt_msgs/include/ttt_msgs/ttt_msgs/msg/detail/game_state__struct.h
-- Installing: /home/shai/ros2_ttt_robot/install/ttt_msgs/include/ttt_msgs/ttt_msgs/msg/detail/move__type_support.h
-- Installing: /home/shai/ros2_ttt_robot/install/ttt_msgs/include/ttt_msgs/ttt_msgs/msg/detail/move__functions.c
-- Installing: /home/shai/ros2_ttt_robot/install/ttt_msgs/include/ttt_msgs/ttt_msgs/msg/detail/move__type_support.c
-- Installing: /home/shai/ros2_ttt_robot/install/ttt_msgs/include/ttt_msgs/ttt_msgs/msg/detail/game_state__description.c
-- Installing: /home/shai/ros2_ttt_robot/install/ttt_msgs/include/ttt_msgs/ttt_msgs/msg/detail/game_state__functions.c
-- Installing: /home/shai/ros2_ttt_robot/install/ttt_msgs/include/ttt_msgs/ttt_msgs/msg/detail/game_state__type_support.h
-- Installing: /home/shai/ros2_ttt_robot/install/ttt_msgs/include/ttt_msgs/ttt_msgs/msg/detail/move__description.c
-- Installing: /home/shai/ros2_ttt_robot/install/ttt_msgs/include/ttt_msgs/ttt_msgs/msg/detail/game_state__type_support.c
-- Installing: /home/shai/ros2_ttt_robot/install/ttt_msgs/include/ttt_msgs/ttt_msgs/msg/detail/move__functions.h
-- Installing: /home/shai/ros2_ttt_robot/install/ttt_msgs/include/ttt_msgs/ttt_msgs/msg/rosidl_generator_c__visibility_control.h
-- Installing: /home/shai/ros2_ttt_robot/install/ttt_msgs/include/ttt_msgs/ttt_msgs/msg/game_state.h
-- Installing: /home/shai/ros2_ttt_robot/install/ttt_msgs/include/ttt_msgs/ttt_msgs/action
-- Installing: /home/shai/ros2_ttt_robot/install/ttt_msgs/include/ttt_msgs/ttt_msgs/action/draw_symbol.h
-- Installing: /home/shai/ros2_ttt_robot/install/ttt_msgs/include/ttt_msgs/ttt_msgs/action/detail
-- Installing: /home/shai/ros2_ttt_robot/install/ttt_msgs/include/ttt_msgs/ttt_msgs/action/detail/draw_grid__type_support.h
-- Installing: /home/shai/ros2_ttt_robot/install/ttt_msgs/include/ttt_msgs/ttt_msgs/action/detail/draw_symbol__functions.c
-- Installing: /home/shai/ros2_ttt_robot/install/ttt_msgs/include/ttt_msgs/ttt_msgs/action/detail/draw_grid__description.c
-- Installing: /home/shai/ros2_ttt_robot/install/ttt_msgs/include/ttt_msgs/ttt_msgs/action/detail/draw_symbol__functions.h
-- Installing: /home/shai/ros2_ttt_robot/install/ttt_msgs/include/ttt_msgs/ttt_msgs/action/detail/go_home__type_support.h
-- Installing: /home/shai/ros2_ttt_robot/install/ttt_msgs/include/ttt_msgs/ttt_msgs/action/detail/draw_symbol__description.c
-- Installing: /home/shai/ros2_ttt_robot/install/ttt_msgs/include/ttt_msgs/ttt_msgs/action/detail/go_home__description.c
-- Installing: /home/shai/ros2_ttt_robot/install/ttt_msgs/include/ttt_msgs/ttt_msgs/action/detail/draw_grid__functions.c
-- Installing: /home/shai/ros2_ttt_robot/install/ttt_msgs/include/ttt_msgs/ttt_msgs/action/detail/go_home__type_support.c
-- Installing: /home/shai/ros2_ttt_robot/install/ttt_msgs/include/ttt_msgs/ttt_msgs/action/detail/draw_grid__functions.h
-- Installing: /home/shai/ros2_ttt_robot/install/ttt_msgs/include/ttt_msgs/ttt_msgs/action/detail/draw_grid__type_support.c
-- Installing: /home/shai/ros2_ttt_robot/install/ttt_msgs/include/ttt_msgs/ttt_msgs/action/detail/draw_grid__struct.h
-- Installing: /home/shai/ros2_ttt_robot/install/ttt_msgs/include/ttt_msgs/ttt_msgs/action/detail/draw_symbol__struct.h
-- Installing: /home/shai/ros2_ttt_robot/install/ttt_msgs/include/ttt_msgs/ttt_msgs/action/detail/go_home__struct.h
-- Installing: /home/shai/ros2_ttt_robot/install/ttt_msgs/include/ttt_msgs/ttt_msgs/action/detail/go_home__functions.c
-- Installing: /home/shai/ros2_ttt_robot/install/ttt_msgs/include/ttt_msgs/ttt_msgs/action/detail/go_home__functions.h
-- Installing: /home/shai/ros2_ttt_robot/install/ttt_msgs/include/ttt_msgs/ttt_msgs/action/detail/draw_symbol__type_support.h
-- Installing: /home/shai/ros2_ttt_robot/install/ttt_msgs/include/ttt_msgs/ttt_msgs/action/detail/draw_symbol__type_support.c
-- Installing: /home/shai/ros2_ttt_robot/install/ttt_msgs/include/ttt_msgs/ttt_msgs/action/go_home.h
-- Installing: /home/shai/ros2_ttt_robot/install/ttt_msgs/include/ttt_msgs/ttt_msgs/action/draw_grid.h
-- Installing: /home/shai/ros2_ttt_robot/install/ttt_msgs/share/ttt_msgs/environment/library_path.sh
-- Installing: /home/shai/ros2_ttt_robot/install/ttt_msgs/share/ttt_msgs/environment/library_path.dsv
-- Installing: /home/shai/ros2_ttt_robot/install/ttt_msgs/lib/libttt_msgs__rosidl_generator_c.so
-- Set non-toolchain portion of runtime path of "/home/shai/ros2_ttt_robot/install/ttt_msgs/lib/libttt_msgs__rosidl_generator_c.so" to ""
-- Up-to-date: /home/shai/ros2_ttt_robot/install/ttt_msgs/include/ttt_msgs/ttt_msgs
-- Up-to-date: /home/shai/ros2_ttt_robot/install/ttt_msgs/include/ttt_msgs/ttt_msgs/msg
-- Installing: /home/shai/ros2_ttt_robot/install/ttt_msgs/include/ttt_msgs/ttt_msgs/msg/rosidl_typesupport_fastrtps_c__visibility_control.h
-- Up-to-date: /home/shai/ros2_ttt_robot/install/ttt_msgs/include/ttt_msgs/ttt_msgs/msg/detail
-- Installing: /home/shai/ros2_ttt_robot/install/ttt_msgs/include/ttt_msgs/ttt_msgs/msg/detail/move__rosidl_typesupport_fastrtps_c.h
-- Installing: /home/shai/ros2_ttt_robot/install/ttt_msgs/include/ttt_msgs/ttt_msgs/msg/detail/game_state__rosidl_typesupport_fastrtps_c.h
-- Up-to-date: /home/shai/ros2_ttt_robot/install/ttt_msgs/include/ttt_msgs/ttt_msgs/action
-- Up-to-date: /home/shai/ros2_ttt_robot/install/ttt_msgs/include/ttt_msgs/ttt_msgs/action/detail
-- Installing: /home/shai/ros2_ttt_robot/install/ttt_msgs/include/ttt_msgs/ttt_msgs/action/detail/draw_grid__rosidl_typesupport_fastrtps_c.h
-- Installing: /home/shai/ros2_ttt_robot/install/ttt_msgs/include/ttt_msgs/ttt_msgs/action/detail/draw_symbol__rosidl_typesupport_fastrtps_c.h
-- Installing: /home/shai/ros2_ttt_robot/install/ttt_msgs/include/ttt_msgs/ttt_msgs/action/detail/go_home__rosidl_typesupport_fastrtps_c.h
-- Installing: /home/shai/ros2_ttt_robot/install/ttt_msgs/lib/libttt_msgs__rosidl_typesupport_fastrtps_c.so
-- Set non-toolchain portion of runtime path of "/home/shai/ros2_ttt_robot/install/ttt_msgs/lib/libttt_msgs__rosidl_typesupport_fastrtps_c.so" to ""
-- Up-to-date: /home/shai/ros2_ttt_robot/install/ttt_msgs/include/ttt_msgs/ttt_msgs
-- Up-to-date: /home/shai/ros2_ttt_robot/install/ttt_msgs/include/ttt_msgs/ttt_msgs/msg
-- Up-to-date: /home/shai/ros2_ttt_robot/install/ttt_msgs/include/ttt_msgs/ttt_msgs/msg/detail
-- Installing: /home/shai/ros2_ttt_robot/install/ttt_msgs/include/ttt_msgs/ttt_msgs/msg/detail/move__rosidl_typesupport_introspection_c.h
-- Installing: /home/shai/ros2_ttt_robot/install/ttt_msgs/include/ttt_msgs/ttt_msgs/msg/detail/move__type_support.c
-- Installing: /home/shai/ros2_ttt_robot/install/ttt_msgs/include/ttt_msgs/ttt_msgs/msg/detail/game_state__rosidl_typesupport_introspection_c.h
-- Installing: /home/shai/ros2_ttt_robot/install/ttt_msgs/include/ttt_msgs/ttt_msgs/msg/detail/game_state__type_support.c
-- Installing: /home/shai/ros2_ttt_robot/install/ttt_msgs/include/ttt_msgs/ttt_msgs/msg/rosidl_typesupport_introspection_c__visibility_control.h
-- Up-to-date: /home/shai/ros2_ttt_robot/install/ttt_msgs/include/ttt_msgs/ttt_msgs/action
-- Up-to-date: /home/shai/ros2_ttt_robot/install/ttt_msgs/include/ttt_msgs/ttt_msgs/action/detail
-- Installing: /home/shai/ros2_ttt_robot/install/ttt_msgs/include/ttt_msgs/ttt_msgs/action/detail/go_home__type_support.c
-- Installing: /home/shai/ros2_ttt_robot/install/ttt_msgs/include/ttt_msgs/ttt_msgs/action/detail/go_home__rosidl_typesupport_introspection_c.h
-- Installing: /home/shai/ros2_ttt_robot/install/ttt_msgs/include/ttt_msgs/ttt_msgs/action/detail/draw_grid__type_support.c
-- Installing: /home/shai/ros2_ttt_robot/install/ttt_msgs/include/ttt_msgs/ttt_msgs/action/detail/draw_grid__rosidl_typesupport_introspection_c.h
-- Installing: /home/shai/ros2_ttt_robot/install/ttt_msgs/include/ttt_msgs/ttt_msgs/action/detail/draw_symbol__rosidl_typesupport_introspection_c.h
-- Installing: /home/shai/ros2_ttt_robot/install/ttt_msgs/include/ttt_msgs/ttt_msgs/action/detail/draw_symbol__type_support.c
-- Installing: /home/shai/ros2_ttt_robot/install/ttt_msgs/lib/libttt_msgs__rosidl_typesupport_introspection_c.so
-- Set non-toolchain portion of runtime path of "/home/shai/ros2_ttt_robot/install/ttt_msgs/lib/libttt_msgs__rosidl_typesupport_introspection_c.so" to ""
-- Installing: /home/shai/ros2_ttt_robot/install/ttt_msgs/lib/libttt_msgs__rosidl_typesupport_c.so
-- Set non-toolchain portion of runtime path of "/home/shai/ros2_ttt_robot/install/ttt_msgs/lib/libttt_msgs__rosidl_typesupport_c.so" to ""
-- Up-to-date: /home/shai/ros2_ttt_robot/install/ttt_msgs/include/ttt_msgs/ttt_msgs
-- Up-to-date: /home/shai/ros2_ttt_robot/install/ttt_msgs/include/ttt_msgs/ttt_msgs/msg
-- Up-to-date: /home/shai/ros2_ttt_robot/install/ttt_msgs/include/ttt_msgs/ttt_msgs/msg/detail
-- Installing: /home/shai/ros2_ttt_robot/install/ttt_msgs/include/ttt_msgs/ttt_msgs/msg/detail/game_state__builder.hpp
-- Installing: /home/shai/ros2_ttt_robot/install/ttt_msgs/include/ttt_msgs/ttt_msgs/msg/detail/move__struct.hpp
-- Installing: /home/shai/ros2_ttt_robot/install/ttt_msgs/include/ttt_msgs/ttt_msgs/msg/detail/move__traits.hpp
-- Installing: /home/shai/ros2_ttt_robot/install/ttt_msgs/include/ttt_msgs/ttt_msgs/msg/detail/move__type_support.hpp
-- Installing: /home/shai/ros2_ttt_robot/install/ttt_msgs/include/ttt_msgs/ttt_msgs/msg/detail/game_state__traits.hpp
-- Installing: /home/shai/ros2_ttt_robot/install/ttt_msgs/include/ttt_msgs/ttt_msgs/msg/detail/move__builder.hpp
-- Installing: /home/shai/ros2_ttt_robot/install/ttt_msgs/include/ttt_msgs/ttt_msgs/msg/detail/game_state__type_support.hpp
-- Installing: /home/shai/ros2_ttt_robot/install/ttt_msgs/include/ttt_msgs/ttt_msgs/msg/detail/game_state__struct.hpp
-- Installing: /home/shai/ros2_ttt_robot/install/ttt_msgs/include/ttt_msgs/ttt_msgs/msg/rosidl_generator_cpp__visibility_control.hpp
-- Installing: /home/shai/ros2_ttt_robot/install/ttt_msgs/include/ttt_msgs/ttt_msgs/msg/move.hpp
-- Installing: /home/shai/ros2_ttt_robot/install/ttt_msgs/include/ttt_msgs/ttt_msgs/msg/game_state.hpp
-- Up-to-date: /home/shai/ros2_ttt_robot/install/ttt_msgs/include/ttt_msgs/ttt_msgs/action
-- Installing: /home/shai/ros2_ttt_robot/install/ttt_msgs/include/ttt_msgs/ttt_msgs/action/go_home.hpp
-- Up-to-date: /home/shai/ros2_ttt_robot/install/ttt_msgs/include/ttt_msgs/ttt_msgs/action/detail
-- Installing: /home/shai/ros2_ttt_robot/install/ttt_msgs/include/ttt_msgs/ttt_msgs/action/detail/draw_grid__traits.hpp
-- Installing: /home/shai/ros2_ttt_robot/install/ttt_msgs/include/ttt_msgs/ttt_msgs/action/detail/draw_grid__struct.hpp
-- Installing: /home/shai/ros2_ttt_robot/install/ttt_msgs/include/ttt_msgs/ttt_msgs/action/detail/go_home__traits.hpp
-- Installing: /home/shai/ros2_ttt_robot/install/ttt_msgs/include/ttt_msgs/ttt_msgs/action/detail/draw_symbol__struct.hpp
-- Installing: /home/shai/ros2_ttt_robot/install/ttt_msgs/include/ttt_msgs/ttt_msgs/action/detail/draw_symbol__type_support.hpp
-- Installing: /home/shai/ros2_ttt_robot/install/ttt_msgs/include/ttt_msgs/ttt_msgs/action/detail/go_home__struct.hpp
-- Installing: /home/shai/ros2_ttt_robot/install/ttt_msgs/include/ttt_msgs/ttt_msgs/action/detail/draw_grid__builder.hpp
-- Installing: /home/shai/ros2_ttt_robot/install/ttt_msgs/include/ttt_msgs/ttt_msgs/action/detail/draw_grid__type_support.hpp
-- Installing: /home/shai/ros2_ttt_robot/install/ttt_msgs/include/ttt_msgs/ttt_msgs/action/detail/go_home__builder.hpp
-- Installing: /home/shai/ros2_ttt_robot/install/ttt_msgs/include/ttt_msgs/ttt_msgs/action/detail/go_home__type_support.hpp
-- Installing: /home/shai/ros2_ttt_robot/install/ttt_msgs/include/ttt_msgs/ttt_msgs/action/detail/draw_symbol__traits.hpp
-- Installing: /home/shai/ros2_ttt_robot/install/ttt_msgs/include/ttt_msgs/ttt_msgs/action/detail/draw_symbol__builder.hpp
-- Installing: /home/shai/ros2_ttt_robot/install/ttt_msgs/include/ttt_msgs/ttt_msgs/action/draw_symbol.hpp
-- Installing: /home/shai/ros2_ttt_robot/install/ttt_msgs/include/ttt_msgs/ttt_msgs/action/draw_grid.hpp
-- Up-to-date: /home/shai/ros2_ttt_robot/install/ttt_msgs/include/ttt_msgs/ttt_msgs
-- Up-to-date: /home/shai/ros2_ttt_robot/install/ttt_msgs/include/ttt_msgs/ttt_msgs/msg
-- Up-to-date: /home/shai/ros2_ttt_robot/install/ttt_msgs/include/ttt_msgs/ttt_msgs/msg/detail
-- Installing: /home/shai/ros2_ttt_robot/install/ttt_msgs/include/ttt_msgs/ttt_msgs/msg/detail/move__rosidl_typesupport_fastrtps_cpp.hpp
-- Installing: /home/shai/ros2_ttt_robot/install/ttt_msgs/include/ttt_msgs/ttt_msgs/msg/detail/game_state__rosidl_typesupport_fastrtps_cpp.hpp
-- Installing: /home/shai/ros2_ttt_robot/install/ttt_msgs/include/ttt_msgs/ttt_msgs/msg/detail/dds_fastrtps
-- Installing: /home/shai/ros2_ttt_robot/install/ttt_msgs/include/ttt_msgs/ttt_msgs/msg/rosidl_typesupport_fastrtps_cpp__visibility_control.h
-- Up-to-date: /home/shai/ros2_ttt_robot/install/ttt_msgs/include/ttt_msgs/ttt_msgs/action
-- Up-to-date: /home/shai/ros2_ttt_robot/install/ttt_msgs/include/ttt_msgs/ttt_msgs/action/detail
-- Installing: /home/shai/ros2_ttt_robot/install/ttt_msgs/include/ttt_msgs/ttt_msgs/action/detail/draw_symbol__rosidl_typesupport_fastrtps_cpp.hpp
-- Installing: /home/shai/ros2_ttt_robot/install/ttt_msgs/include/ttt_msgs/ttt_msgs/action/detail/go_home__rosidl_typesupport_fastrtps_cpp.hpp
-- Installing: /home/shai/ros2_ttt_robot/install/ttt_msgs/include/ttt_msgs/ttt_msgs/action/detail/draw_grid__rosidl_typesupport_fastrtps_cpp.hpp
-- Installing: /home/shai/ros2_ttt_robot/install/ttt_msgs/include/ttt_msgs/ttt_msgs/action/detail/dds_fastrtps
-- Installing: /home/shai/ros2_ttt_robot/install/ttt_msgs/lib/libttt_msgs__rosidl_typesupport_fastrtps_cpp.so
-- Set non-toolchain portion of runtime path of "/home/shai/ros2_ttt_robot/install/ttt_msgs/lib/libttt_msgs__rosidl_typesupport_fastrtps_cpp.so" to ""
-- Up-to-date: /home/shai/ros2_ttt_robot/install/ttt_msgs/include/ttt_msgs/ttt_msgs
-- Up-to-date: /home/shai/ros2_ttt_robot/install/ttt_msgs/include/ttt_msgs/ttt_msgs/msg
-- Up-to-date: /home/shai/ros2_ttt_robot/install/ttt_msgs/include/ttt_msgs/ttt_msgs/msg/detail
-- Installing: /home/shai/ros2_ttt_robot/install/ttt_msgs/include/ttt_msgs/ttt_msgs/msg/detail/game_state__type_support.cpp
-- Installing: /home/shai/ros2_ttt_robot/install/ttt_msgs/include/ttt_msgs/ttt_msgs/msg/detail/move__type_support.cpp
-- Installing: /home/shai/ros2_ttt_robot/install/ttt_msgs/include/ttt_msgs/ttt_msgs/msg/detail/game_state__rosidl_typesupport_introspection_cpp.hpp
-- Installing: /home/shai/ros2_ttt_robot/install/ttt_msgs/include/ttt_msgs/ttt_msgs/msg/detail/move__rosidl_typesupport_introspection_cpp.hpp
-- Up-to-date: /home/shai/ros2_ttt_robot/install/ttt_msgs/include/ttt_msgs/ttt_msgs/action
-- Up-to-date: /home/shai/ros2_ttt_robot/install/ttt_msgs/include/ttt_msgs/ttt_msgs/action/detail
-- Installing: /home/shai/ros2_ttt_robot/install/ttt_msgs/include/ttt_msgs/ttt_msgs/action/detail/go_home__type_support.cpp
-- Installing: /home/shai/ros2_ttt_robot/install/ttt_msgs/include/ttt_msgs/ttt_msgs/action/detail/draw_symbol__type_support.cpp
-- Installing: /home/shai/ros2_ttt_robot/install/ttt_msgs/include/ttt_msgs/ttt_msgs/action/detail/draw_grid__rosidl_typesupport_introspection_cpp.hpp
-- Installing: /home/shai/ros2_ttt_robot/install/ttt_msgs/include/ttt_msgs/ttt_msgs/action/detail/go_home__rosidl_typesupport_introspection_cpp.hpp
-- Installing: /home/shai/ros2_ttt_robot/install/ttt_msgs/include/ttt_msgs/ttt_msgs/action/detail/draw_grid__type_support.cpp
-- Installing: /home/shai/ros2_ttt_robot/install/ttt_msgs/include/ttt_msgs/ttt_msgs/action/detail/draw_symbol__rosidl_typesupport_introspection_cpp.hpp
-- Installing: /home/shai/ros2_ttt_robot/install/ttt_msgs/lib/libttt_msgs__rosidl_typesupport_introspection_cpp.so
-- Set non-toolchain portion of runtime path of "/home/shai/ros2_ttt_robot/install/ttt_msgs/lib/libttt_msgs__rosidl_typesupport_introspection_cpp.so" to ""
-- Installing: /home/shai/ros2_ttt_robot/install/ttt_msgs/lib/libttt_msgs__rosidl_typesupport_cpp.so
-- Set non-toolchain portion of runtime path of "/home/shai/ros2_ttt_robot/install/ttt_msgs/lib/libttt_msgs__rosidl_typesupport_cpp.so" to ""
-- Installing: /home/shai/ros2_ttt_robot/install/ttt_msgs/share/ttt_msgs/environment/pythonpath.sh
-- Installing: /home/shai/ros2_ttt_robot/install/ttt_msgs/share/ttt_msgs/environment/pythonpath.dsv
-- Installing: /home/shai/ros2_ttt_robot/install/ttt_msgs/lib/python3.12/site-packages/ttt_msgs-0.0.0-py3.12.egg-info
-- Installing: /home/shai/ros2_ttt_robot/install/ttt_msgs/lib/python3.12/site-packages/ttt_msgs-0.0.0-py3.12.egg-info/dependency_links.txt
-- Installing: /home/shai/ros2_ttt_robot/install/ttt_msgs/lib/python3.12/site-packages/ttt_msgs-0.0.0-py3.12.egg-info/PKG-INFO
-- Installing: /home/shai/ros2_ttt_robot/install/ttt_msgs/lib/python3.12/site-packages/ttt_msgs-0.0.0-py3.12.egg-info/top_level.txt
-- Installing: /home/shai/ros2_ttt_robot/install/ttt_msgs/lib/python3.12/site-packages/ttt_msgs-0.0.0-py3.12.egg-info/SOURCES.txt
-- Installing: /home/shai/ros2_ttt_robot/install/ttt_msgs/lib/python3.12/site-packages/ttt_msgs
-- Installing: /home/shai/ros2_ttt_robot/install/ttt_msgs/lib/python3.12/site-packages/ttt_msgs/ttt_msgs_s__rosidl_typesupport_fastrtps_c.so
-- Installing: /home/shai/ros2_ttt_robot/install/ttt_msgs/lib/python3.12/site-packages/ttt_msgs/_ttt_msgs_s.ep.rosidl_typesupport_fastrtps_c.c
-- Installing: /home/shai/ros2_ttt_robot/install/ttt_msgs/lib/python3.12/site-packages/ttt_msgs/ttt_msgs_s__rosidl_typesupport_introspection_c.so
-- Installing: /home/shai/ros2_ttt_robot/install/ttt_msgs/lib/python3.12/site-packages/ttt_msgs/msg
-- Installing: /home/shai/ros2_ttt_robot/install/ttt_msgs/lib/python3.12/site-packages/ttt_msgs/msg/_game_state_s.c
-- Installing: /home/shai/ros2_ttt_robot/install/ttt_msgs/lib/python3.12/site-packages/ttt_msgs/msg/_game_state.py
-- Installing: /home/shai/ros2_ttt_robot/install/ttt_msgs/lib/python3.12/site-packages/ttt_msgs/msg/_move_s.c
-- Installing: /home/shai/ros2_ttt_robot/install/ttt_msgs/lib/python3.12/site-packages/ttt_msgs/msg/__init__.py
-- Installing: /home/shai/ros2_ttt_robot/install/ttt_msgs/lib/python3.12/site-packages/ttt_msgs/msg/_move.py
-- Installing: /home/shai/ros2_ttt_robot/install/ttt_msgs/lib/python3.12/site-packages/ttt_msgs/_ttt_msgs_s.ep.rosidl_typesupport_introspection_c.c
-- Installing: /home/shai/ros2_ttt_robot/install/ttt_msgs/lib/python3.12/site-packages/ttt_msgs/__init__.py
-- Installing: /home/shai/ros2_ttt_robot/install/ttt_msgs/lib/python3.12/site-packages/ttt_msgs/action
-- Installing: /home/shai/ros2_ttt_robot/install/ttt_msgs/lib/python3.12/site-packages/ttt_msgs/action/_go_home.py
-- Installing: /home/shai/ros2_ttt_robot/install/ttt_msgs/lib/python3.12/site-packages/ttt_msgs/action/_draw_symbol.py
-- Installing: /home/shai/ros2_ttt_robot/install/ttt_msgs/lib/python3.12/site-packages/ttt_msgs/action/_draw_grid_s.c
-- Installing: /home/shai/ros2_ttt_robot/install/ttt_msgs/lib/python3.12/site-packages/ttt_msgs/action/_draw_symbol_s.c
-- Installing: /home/shai/ros2_ttt_robot/install/ttt_msgs/lib/python3.12/site-packages/ttt_msgs/action/_draw_grid.py
-- Installing: /home/shai/ros2_ttt_robot/install/ttt_msgs/lib/python3.12/site-packages/ttt_msgs/action/__init__.py
-- Installing: /home/shai/ros2_ttt_robot/install/ttt_msgs/lib/python3.12/site-packages/ttt_msgs/action/_go_home_s.c
-- Installing: /home/shai/ros2_ttt_robot/install/ttt_msgs/lib/python3.12/site-packages/ttt_msgs/_ttt_msgs_s.ep.rosidl_typesupport_c.c
-- Installing: /home/shai/ros2_ttt_robot/install/ttt_msgs/lib/python3.12/site-packages/ttt_msgs/ttt_msgs_s__rosidl_typesupport_c.so
Listing '/home/shai/ros2_ttt_robot/install/ttt_msgs/lib/python3.12/site-packages/ttt_msgs'...
Compiling '/home/shai/ros2_ttt_robot/install/ttt_msgs/lib/python3.12/site-packages/ttt_msgs/__init__.py'...
Listing '/home/shai/ros2_ttt_robot/install/ttt_msgs/lib/python3.12/site-packages/ttt_msgs/action'...
Compiling '/home/shai/ros2_ttt_robot/install/ttt_msgs/lib/python3.12/site-packages/ttt_msgs/action/__init__.py'...
Compiling '/home/shai/ros2_ttt_robot/install/ttt_msgs/lib/python3.12/site-packages/ttt_msgs/action/_draw_grid.py'...
Compiling '/home/shai/ros2_ttt_robot/install/ttt_msgs/lib/python3.12/site-packages/ttt_msgs/action/_draw_symbol.py'...
Compiling '/home/shai/ros2_ttt_robot/install/ttt_msgs/lib/python3.12/site-packages/ttt_msgs/action/_go_home.py'...
Listing '/home/shai/ros2_ttt_robot/install/ttt_msgs/lib/python3.12/site-packages/ttt_msgs/msg'...
Compiling '/home/shai/ros2_ttt_robot/install/ttt_msgs/lib/python3.12/site-packages/ttt_msgs/msg/__init__.py'...
Compiling '/home/shai/ros2_ttt_robot/install/ttt_msgs/lib/python3.12/site-packages/ttt_msgs/msg/_game_state.py'...
Compiling '/home/shai/ros2_ttt_robot/install/ttt_msgs/lib/python3.12/site-packages/ttt_msgs/msg/_move.py'...
-- Installing: /home/shai/ros2_ttt_robot/install/ttt_msgs/lib/python3.12/site-packages/ttt_msgs/ttt_msgs_s__rosidl_typesupport_fastrtps_c.so
-- Set non-toolchain portion of runtime path of "/home/shai/ros2_ttt_robot/install/ttt_msgs/lib/python3.12/site-packages/ttt_msgs/ttt_msgs_s__rosidl_typesupport_fastrtps_c.so" to ""
-- Installing: /home/shai/ros2_ttt_robot/install/ttt_msgs/lib/python3.12/site-packages/ttt_msgs/ttt_msgs_s__rosidl_typesupport_introspection_c.so
-- Set non-toolchain portion of runtime path of "/home/shai/ros2_ttt_robot/install/ttt_msgs/lib/python3.12/site-packages/ttt_msgs/ttt_msgs_s__rosidl_typesupport_introspection_c.so" to ""
-- Installing: /home/shai/ros2_ttt_robot/install/ttt_msgs/lib/python3.12/site-packages/ttt_msgs/ttt_msgs_s__rosidl_typesupport_c.so
-- Set non-toolchain portion of runtime path of "/home/shai/ros2_ttt_robot/install/ttt_msgs/lib/python3.12/site-packages/ttt_msgs/ttt_msgs_s__rosidl_typesupport_c.so" to ""
-- Installing: /home/shai/ros2_ttt_robot/install/ttt_msgs/lib/libttt_msgs__rosidl_generator_py.so
-- Set non-toolchain portion of runtime path of "/home/shai/ros2_ttt_robot/install/ttt_msgs/lib/libttt_msgs__rosidl_generator_py.so" to ""
-- Installing: /home/shai/ros2_ttt_robot/install/ttt_msgs/share/ttt_msgs/msg/GameState.idl
-- Installing: /home/shai/ros2_ttt_robot/install/ttt_msgs/share/ttt_msgs/msg/Move.idl
-- Installing: /home/shai/ros2_ttt_robot/install/ttt_msgs/share/ttt_msgs/action/DrawSymbol.idl
-- Installing: /home/shai/ros2_ttt_robot/install/ttt_msgs/share/ttt_msgs/action/DrawGrid.idl
-- Installing: /home/shai/ros2_ttt_robot/install/ttt_msgs/share/ttt_msgs/action/GoHome.idl
-- Installing: /home/shai/ros2_ttt_robot/install/ttt_msgs/share/ttt_msgs/msg/GameState.msg
-- Installing: /home/shai/ros2_ttt_robot/install/ttt_msgs/share/ttt_msgs/msg/Move.msg
-- Installing: /home/shai/ros2_ttt_robot/install/ttt_msgs/share/ttt_msgs/action/DrawSymbol.action
-- Installing: /home/shai/ros2_ttt_robot/install/ttt_msgs/share/ttt_msgs/action/DrawGrid.action
-- Installing: /home/shai/ros2_ttt_robot/install/ttt_msgs/share/ttt_msgs/action/GoHome.action
-- Installing: /home/shai/ros2_ttt_robot/install/ttt_msgs/share/ament_index/resource_index/package_run_dependencies/ttt_msgs
-- Installing: /home/shai/ros2_ttt_robot/install/ttt_msgs/share/ament_index/resource_index/parent_prefix_path/ttt_msgs
-- Installing: /home/shai/ros2_ttt_robot/install/ttt_msgs/share/ttt_msgs/environment/ament_prefix_path.sh
-- Installing: /home/shai/ros2_ttt_robot/install/ttt_msgs/share/ttt_msgs/environment/ament_prefix_path.dsv
-- Installing: /home/shai/ros2_ttt_robot/install/ttt_msgs/share/ttt_msgs/environment/path.sh
-- Installing: /home/shai/ros2_ttt_robot/install/ttt_msgs/share/ttt_msgs/environment/path.dsv
-- Installing: /home/shai/ros2_ttt_robot/install/ttt_msgs/share/ttt_msgs/local_setup.bash
-- Installing: /home/shai/ros2_ttt_robot/install/ttt_msgs/share/ttt_msgs/local_setup.sh
-- Installing: /home/shai/ros2_ttt_robot/install/ttt_msgs/share/ttt_msgs/local_setup.zsh
-- Installing: /home/shai/ros2_ttt_robot/install/ttt_msgs/share/ttt_msgs/local_setup.dsv
-- Installing: /home/shai/ros2_ttt_robot/install/ttt_msgs/share/ttt_msgs/package.dsv
-- Installing: /home/shai/ros2_ttt_robot/install/ttt_msgs/share/ament_index/resource_index/packages/ttt_msgs
-- Installing: /home/shai/ros2_ttt_robot/install/ttt_msgs/share/ttt_msgs/cmake/export_ttt_msgs__rosidl_generator_cExport.cmake
-- Installing: /home/shai/ros2_ttt_robot/install/ttt_msgs/share/ttt_msgs/cmake/export_ttt_msgs__rosidl_generator_cExport-noconfig.cmake
-- Installing: /home/shai/ros2_ttt_robot/install/ttt_msgs/share/ttt_msgs/cmake/export_ttt_msgs__rosidl_typesupport_fastrtps_cExport.cmake
-- Installing: /home/shai/ros2_ttt_robot/install/ttt_msgs/share/ttt_msgs/cmake/export_ttt_msgs__rosidl_typesupport_fastrtps_cExport-noconfig.cmake
-- Installing: /home/shai/ros2_ttt_robot/install/ttt_msgs/share/ttt_msgs/cmake/ttt_msgs__rosidl_typesupport_introspection_cExport.cmake
-- Installing: /home/shai/ros2_ttt_robot/install/ttt_msgs/share/ttt_msgs/cmake/ttt_msgs__rosidl_typesupport_introspection_cExport-noconfig.cmake
-- Installing: /home/shai/ros2_ttt_robot/install/ttt_msgs/share/ttt_msgs/cmake/ttt_msgs__rosidl_typesupport_cExport.cmake
-- Installing: /home/shai/ros2_ttt_robot/install/ttt_msgs/share/ttt_msgs/cmake/ttt_msgs__rosidl_typesupport_cExport-noconfig.cmake
-- Installing: /home/shai/ros2_ttt_robot/install/ttt_msgs/share/ttt_msgs/cmake/export_ttt_msgs__rosidl_generator_cppExport.cmake
-- Installing: /home/shai/ros2_ttt_robot/install/ttt_msgs/share/ttt_msgs/cmake/export_ttt_msgs__rosidl_typesupport_fastrtps_cppExport.cmake
-- Installing: /home/shai/ros2_ttt_robot/install/ttt_msgs/share/ttt_msgs/cmake/export_ttt_msgs__rosidl_typesupport_fastrtps_cppExport-noconfig.cmake
-- Installing: /home/shai/ros2_ttt_robot/install/ttt_msgs/share/ttt_msgs/cmake/ttt_msgs__rosidl_typesupport_introspection_cppExport.cmake
-- Installing: /home/shai/ros2_ttt_robot/install/ttt_msgs/share/ttt_msgs/cmake/ttt_msgs__rosidl_typesupport_introspection_cppExport-noconfig.cmake
-- Installing: /home/shai/ros2_ttt_robot/install/ttt_msgs/share/ttt_msgs/cmake/ttt_msgs__rosidl_typesupport_cppExport.cmake
-- Installing: /home/shai/ros2_ttt_robot/install/ttt_msgs/share/ttt_msgs/cmake/ttt_msgs__rosidl_typesupport_cppExport-noconfig.cmake
-- Installing: /home/shai/ros2_ttt_robot/install/ttt_msgs/share/ttt_msgs/cmake/export_ttt_msgs__rosidl_generator_pyExport.cmake
-- Installing: /home/shai/ros2_ttt_robot/install/ttt_msgs/share/ttt_msgs/cmake/export_ttt_msgs__rosidl_generator_pyExport-noconfig.cmake
-- Installing: /home/shai/ros2_ttt_robot/install/ttt_msgs/share/ttt_msgs/cmake/rosidl_cmake-extras.cmake
-- Installing: /home/shai/ros2_ttt_robot/install/ttt_msgs/share/ttt_msgs/cmake/ament_cmake_export_dependencies-extras.cmake
-- Installing: /home/shai/ros2_ttt_robot/install/ttt_msgs/share/ttt_msgs/cmake/ament_cmake_export_include_directories-extras.cmake
-- Installing: /home/shai/ros2_ttt_robot/install/ttt_msgs/share/ttt_msgs/cmake/ament_cmake_export_libraries-extras.cmake
-- Installing: /home/shai/ros2_ttt_robot/install/ttt_msgs/share/ttt_msgs/cmake/ament_cmake_export_targets-extras.cmake
-- Installing: /home/shai/ros2_ttt_robot/install/ttt_msgs/share/ttt_msgs/cmake/rosidl_cmake_export_typesupport_targets-extras.cmake
-- Installing: /home/shai/ros2_ttt_robot/install/ttt_msgs/share/ttt_msgs/cmake/rosidl_cmake_export_typesupport_libraries-extras.cmake
-- Installing: /home/shai/ros2_ttt_robot/install/ttt_msgs/share/ttt_msgs/cmake/ttt_msgsConfig.cmake
-- Installing: /home/shai/ros2_ttt_robot/install/ttt_msgs/share/ttt_msgs/cmake/ttt_msgsConfig-version.cmake
-- Installing: /home/shai/ros2_ttt_robot/install/ttt_msgs/share/ttt_msgs/package.xml
