[0.034s] Invoking command in '/home/shai/ros2_ttt_robot/build/ttt_msgs': CMAKE_PREFIX_PATH=${CMAKE_PREFIX_PATH}:/home/shai/ros2_ws/install/stepper_driver:/home/shai/ros2_ws/install/poti_serial:/home/shai/ros2_ws/install/poti_mapper:/opt/ros/jazzy /usr/bin/cmake /home/shai/ros2_ttt_robot/src/ttt_msgs -DCMAKE_INSTALL_PREFIX=/home/shai/ros2_ttt_robot/install/ttt_msgs
[0.063s] -- Found ament_cmake: 2.5.4 (/opt/ros/jazzy/share/ament_cmake/cmake)
[0.432s] -- Found rosidl_default_generators: 1.6.0 (/opt/ros/jazzy/share/rosidl_default_generators/cmake)
[0.437s] -- Using all available rosidl_typesupport_c: rosidl_typesupport_fastrtps_c;rosidl_typesupport_introspection_c
[0.483s] -- Using all available rosidl_typesupport_cpp: rosidl_typesupport_fastrtps_cpp;rosidl_typesupport_introspection_cpp
[0.522s] -- Found rosidl_adapter: 4.6.6 (/opt/ros/jazzy/share/rosidl_adapter/cmake)
[1.543s] -- Found ament_cmake_ros: 0.12.0 (/opt/ros/jazzy/share/ament_cmake_ros/cmake)
[2.229s] -- Using all available rosidl_typesupport_c: rosidl_typesupport_fastrtps_c;rosidl_typesupport_introspection_c
[3.118s] -- Using all available rosidl_typesupport_cpp: rosidl_typesupport_fastrtps_cpp;rosidl_typesupport_introspection_cpp
[3.125s] -- Found python_cmake_module: 0.11.1 (/opt/ros/jazzy/share/python_cmake_module/cmake)
[3.335s] -- Found PythonExtra: /usr/bin/python3  
[4.273s] -- Found Python3: /usr/bin/python3 (found version "3.12.3") found components: Interpreter Development NumPy Development.Module Development.Embed 
[4.347s] -- Configuring done (4.3s)
[4.430s] -- Generating done (0.1s)
[4.449s] -- Build files have been written to: /home/shai/ros2_ttt_robot/build/ttt_msgs
[4.464s] Invoked command in '/home/shai/ros2_ttt_robot/build/ttt_msgs' returned '0': CMAKE_PREFIX_PATH=${CMAKE_PREFIX_PATH}:/home/shai/ros2_ws/install/stepper_driver:/home/shai/ros2_ws/install/poti_serial:/home/shai/ros2_ws/install/poti_mapper:/opt/ros/jazzy /usr/bin/cmake /home/shai/ros2_ttt_robot/src/ttt_msgs -DCMAKE_INSTALL_PREFIX=/home/shai/ros2_ttt_robot/install/ttt_msgs
[4.465s] Invoking command in '/home/shai/ros2_ttt_robot/build/ttt_msgs': CMAKE_PREFIX_PATH=${CMAKE_PREFIX_PATH}:/home/shai/ros2_ws/install/stepper_driver:/home/shai/ros2_ws/install/poti_serial:/home/shai/ros2_ws/install/poti_mapper:/opt/ros/jazzy /usr/bin/cmake --build /home/shai/ros2_ttt_robot/build/ttt_msgs -- -j4 -l4
[4.554s] [  1%] [34m[1mGenerating type hashes for ROS interfaces[0m
[4.570s] [  1%] Built target ament_cmake_python_copy_ttt_msgs
[4.902s] running egg_info
[4.903s] creating ttt_msgs.egg-info
[4.928s] writing ttt_msgs.egg-info/PKG-INFO
[4.928s] writing dependency_links to ttt_msgs.egg-info/dependency_links.txt
[4.928s] writing top-level names to ttt_msgs.egg-info/top_level.txt
[4.929s] writing manifest file 'ttt_msgs.egg-info/SOURCES.txt'
[5.118s] reading manifest file 'ttt_msgs.egg-info/SOURCES.txt'
[5.119s] writing manifest file 'ttt_msgs.egg-info/SOURCES.txt'
[5.183s] [  1%] Built target ttt_msgs__rosidl_generator_type_description
[5.201s] [  2%] Built target ament_cmake_python_build_ttt_msgs_egg
[5.201s] [  2%] [34m[1mGenerating C code for ROS interfaces[0m
[5.219s] [  4%] [34m[1mGenerating C++ code for ROS interfaces[0m
[6.759s] [  4%] Built target ttt_msgs__cpp
[7.026s] [  8%] [32mBuilding C object CMakeFiles/ttt_msgs__rosidl_generator_c.dir/rosidl_generator_c/ttt_msgs/msg/detail/game_state__type_support.c.o[0m
[7.028s] [  9%] [32mBuilding C object CMakeFiles/ttt_msgs__rosidl_generator_c.dir/rosidl_generator_c/ttt_msgs/msg/detail/game_state__functions.c.o[0m
[7.028s] [  8%] [32mBuilding C object CMakeFiles/ttt_msgs__rosidl_generator_c.dir/rosidl_generator_c/ttt_msgs/msg/detail/move__description.c.o[0m
[7.028s] [  9%] [32mBuilding C object CMakeFiles/ttt_msgs__rosidl_generator_c.dir/rosidl_generator_c/ttt_msgs/msg/detail/game_state__description.c.o[0m
[7.147s] [ 10%] [32mBuilding C object CMakeFiles/ttt_msgs__rosidl_generator_c.dir/rosidl_generator_c/ttt_msgs/msg/detail/move__functions.c.o[0m
[7.174s] [ 12%] [32mBuilding C object CMakeFiles/ttt_msgs__rosidl_generator_c.dir/rosidl_generator_c/ttt_msgs/msg/detail/move__type_support.c.o[0m
[7.176s] [ 13%] [32mBuilding C object CMakeFiles/ttt_msgs__rosidl_generator_c.dir/rosidl_generator_c/ttt_msgs/action/detail/draw_symbol__description.c.o[0m
[7.231s] [ 14%] [32mBuilding C object CMakeFiles/ttt_msgs__rosidl_generator_c.dir/rosidl_generator_c/ttt_msgs/action/detail/draw_symbol__functions.c.o[0m
[7.241s] [ 16%] [32mBuilding C object CMakeFiles/ttt_msgs__rosidl_generator_c.dir/rosidl_generator_c/ttt_msgs/action/detail/draw_symbol__type_support.c.o[0m
[7.250s] [ 17%] [32mBuilding C object CMakeFiles/ttt_msgs__rosidl_generator_c.dir/rosidl_generator_c/ttt_msgs/action/detail/draw_grid__description.c.o[0m
[7.336s] [ 18%] [32mBuilding C object CMakeFiles/ttt_msgs__rosidl_generator_c.dir/rosidl_generator_c/ttt_msgs/action/detail/draw_grid__functions.c.o[0m
[7.378s] [ 20%] [32mBuilding C object CMakeFiles/ttt_msgs__rosidl_generator_c.dir/rosidl_generator_c/ttt_msgs/action/detail/draw_grid__type_support.c.o[0m
[7.436s] [ 21%] [32mBuilding C object CMakeFiles/ttt_msgs__rosidl_generator_c.dir/rosidl_generator_c/ttt_msgs/action/detail/go_home__description.c.o[0m
[7.482s] [ 22%] [32mBuilding C object CMakeFiles/ttt_msgs__rosidl_generator_c.dir/rosidl_generator_c/ttt_msgs/action/detail/go_home__functions.c.o[0m
[7.692s] [ 24%] [32mBuilding C object CMakeFiles/ttt_msgs__rosidl_generator_c.dir/rosidl_generator_c/ttt_msgs/action/detail/go_home__type_support.c.o[0m
[7.855s] [ 25%] [32m[1mLinking C shared library libttt_msgs__rosidl_generator_c.so[0m
[8.233s] [ 25%] Built target ttt_msgs__rosidl_generator_c
[8.258s] [ 28%] [34m[1mGenerating C type support dispatch for ROS interfaces[0m
[8.258s] [ 31%] [34m[1mGenerating C type support for eProsima Fast-RTPS[0m
[8.258s] [ 31%] [34m[1mGenerating C++ type support dispatch for ROS interfaces[0m
[8.258s] [ 31%] [34m[1mGenerating C introspection for ROS interfaces[0m
[9.285s] [ 32%] [32mBuilding CXX object CMakeFiles/ttt_msgs__rosidl_typesupport_cpp.dir/rosidl_typesupport_cpp/ttt_msgs/msg/game_state__type_support.cpp.o[0m
[9.301s] [ 33%] [32mBuilding CXX object CMakeFiles/ttt_msgs__rosidl_typesupport_c.dir/rosidl_typesupport_c/ttt_msgs/msg/game_state__type_support.cpp.o[0m
[9.417s] [ 35%] [32mBuilding CXX object CMakeFiles/ttt_msgs__rosidl_typesupport_c.dir/rosidl_typesupport_c/ttt_msgs/msg/move__type_support.cpp.o[0m
[9.526s] [ 36%] [32mBuilding CXX object CMakeFiles/ttt_msgs__rosidl_typesupport_c.dir/rosidl_typesupport_c/ttt_msgs/action/draw_symbol__type_support.cpp.o[0m
[9.670s] [ 37%] [32mBuilding CXX object CMakeFiles/ttt_msgs__rosidl_typesupport_c.dir/rosidl_typesupport_c/ttt_msgs/action/draw_grid__type_support.cpp.o[0m
[9.675s] [ 39%] [32mBuilding C object CMakeFiles/ttt_msgs__rosidl_typesupport_introspection_c.dir/rosidl_typesupport_introspection_c/ttt_msgs/msg/detail/game_state__type_support.c.o[0m
[9.768s] [ 40%] [32mBuilding C object CMakeFiles/ttt_msgs__rosidl_typesupport_introspection_c.dir/rosidl_typesupport_introspection_c/ttt_msgs/msg/detail/move__type_support.c.o[0m
[9.798s] [ 41%] [32mBuilding CXX object CMakeFiles/ttt_msgs__rosidl_typesupport_c.dir/rosidl_typesupport_c/ttt_msgs/action/go_home__type_support.cpp.o[0m
[9.855s] [ 43%] [32mBuilding C object CMakeFiles/ttt_msgs__rosidl_typesupport_introspection_c.dir/rosidl_typesupport_introspection_c/ttt_msgs/action/detail/draw_symbol__type_support.c.o[0m
[9.919s] [ 44%] [32m[1mLinking CXX shared library libttt_msgs__rosidl_typesupport_c.so[0m
[10.015s] [ 45%] [32mBuilding C object CMakeFiles/ttt_msgs__rosidl_typesupport_introspection_c.dir/rosidl_typesupport_introspection_c/ttt_msgs/action/detail/draw_grid__type_support.c.o[0m
[10.056s] [ 45%] Built target ttt_msgs__rosidl_typesupport_c
[10.085s] [ 47%] [34m[1mGenerating C++ type support for eProsima Fast-RTPS[0m
[10.146s] [ 48%] [32mBuilding C object CMakeFiles/ttt_msgs__rosidl_typesupport_introspection_c.dir/rosidl_typesupport_introspection_c/ttt_msgs/action/detail/go_home__type_support.c.o[0m
[10.154s] [ 50%] [32mBuilding CXX object CMakeFiles/ttt_msgs__rosidl_typesupport_cpp.dir/rosidl_typesupport_cpp/ttt_msgs/msg/move__type_support.cpp.o[0m
[10.285s] [ 51%] [32m[1mLinking C shared library libttt_msgs__rosidl_typesupport_introspection_c.so[0m
[10.375s] [ 51%] Built target ttt_msgs__rosidl_typesupport_introspection_c
[10.398s] [ 52%] [34m[1mGenerating C++ introspection for ROS interfaces[0m
[10.527s] [ 54%] [32mBuilding CXX object CMakeFiles/ttt_msgs__rosidl_typesupport_fastrtps_c.dir/rosidl_typesupport_fastrtps_c/ttt_msgs/msg/detail/game_state__type_support_c.cpp.o[0m
[10.780s] [ 55%] [32mBuilding CXX object CMakeFiles/ttt_msgs__rosidl_typesupport_cpp.dir/rosidl_typesupport_cpp/ttt_msgs/action/draw_symbol__type_support.cpp.o[0m
[11.466s] [ 56%] [32mBuilding CXX object CMakeFiles/ttt_msgs__rosidl_typesupport_fastrtps_c.dir/rosidl_typesupport_fastrtps_c/ttt_msgs/msg/detail/move__type_support_c.cpp.o[0m
[11.836s] [ 58%] [32mBuilding CXX object CMakeFiles/ttt_msgs__rosidl_typesupport_introspection_cpp.dir/rosidl_typesupport_introspection_cpp/ttt_msgs/msg/detail/game_state__type_support.cpp.o[0m
[12.213s] [ 59%] [32mBuilding CXX object CMakeFiles/ttt_msgs__rosidl_typesupport_cpp.dir/rosidl_typesupport_cpp/ttt_msgs/action/draw_grid__type_support.cpp.o[0m
[12.319s] [ 60%] [32mBuilding CXX object CMakeFiles/ttt_msgs__rosidl_typesupport_fastrtps_cpp.dir/rosidl_typesupport_fastrtps_cpp/ttt_msgs/msg/detail/dds_fastrtps/game_state__type_support.cpp.o[0m
[12.423s] [ 62%] [32mBuilding CXX object CMakeFiles/ttt_msgs__rosidl_typesupport_fastrtps_c.dir/rosidl_typesupport_fastrtps_c/ttt_msgs/action/detail/draw_symbol__type_support_c.cpp.o[0m
[12.498s] [ 63%] [32mBuilding CXX object CMakeFiles/ttt_msgs__rosidl_typesupport_introspection_cpp.dir/rosidl_typesupport_introspection_cpp/ttt_msgs/msg/detail/move__type_support.cpp.o[0m
[13.115s] [ 64%] [32mBuilding CXX object CMakeFiles/ttt_msgs__rosidl_typesupport_introspection_cpp.dir/rosidl_typesupport_introspection_cpp/ttt_msgs/action/detail/draw_symbol__type_support.cpp.o[0m
[13.295s] [ 66%] [32mBuilding CXX object CMakeFiles/ttt_msgs__rosidl_typesupport_fastrtps_cpp.dir/rosidl_typesupport_fastrtps_cpp/ttt_msgs/msg/detail/dds_fastrtps/move__type_support.cpp.o[0m
[13.663s] [ 67%] [32mBuilding CXX object CMakeFiles/ttt_msgs__rosidl_typesupport_cpp.dir/rosidl_typesupport_cpp/ttt_msgs/action/go_home__type_support.cpp.o[0m
[13.721s] [ 68%] [32mBuilding CXX object CMakeFiles/ttt_msgs__rosidl_typesupport_fastrtps_c.dir/rosidl_typesupport_fastrtps_c/ttt_msgs/action/detail/draw_grid__type_support_c.cpp.o[0m
[14.251s] [ 70%] [32mBuilding CXX object CMakeFiles/ttt_msgs__rosidl_typesupport_fastrtps_cpp.dir/rosidl_typesupport_fastrtps_cpp/ttt_msgs/action/detail/dds_fastrtps/draw_symbol__type_support.cpp.o[0m
[14.665s] [ 71%] [32mBuilding CXX object CMakeFiles/ttt_msgs__rosidl_typesupport_introspection_cpp.dir/rosidl_typesupport_introspection_cpp/ttt_msgs/action/detail/draw_grid__type_support.cpp.o[0m
[15.097s] [ 72%] [32mBuilding CXX object CMakeFiles/ttt_msgs__rosidl_typesupport_fastrtps_c.dir/rosidl_typesupport_fastrtps_c/ttt_msgs/action/detail/go_home__type_support_c.cpp.o[0m
[15.266s] [ 74%] [32m[1mLinking CXX shared library libttt_msgs__rosidl_typesupport_cpp.so[0m
[15.493s] [ 74%] Built target ttt_msgs__rosidl_typesupport_cpp
[15.518s] [ 75%] [32mBuilding CXX object CMakeFiles/ttt_msgs__rosidl_typesupport_fastrtps_cpp.dir/rosidl_typesupport_fastrtps_cpp/ttt_msgs/action/detail/dds_fastrtps/draw_grid__type_support.cpp.o[0m
[16.337s] [ 77%] [32mBuilding CXX object CMakeFiles/ttt_msgs__rosidl_typesupport_introspection_cpp.dir/rosidl_typesupport_introspection_cpp/ttt_msgs/action/detail/go_home__type_support.cpp.o[0m
[16.446s] [ 78%] [32m[1mLinking CXX shared library libttt_msgs__rosidl_typesupport_fastrtps_c.so[0m
[16.550s] [ 79%] [32mBuilding CXX object CMakeFiles/ttt_msgs__rosidl_typesupport_fastrtps_cpp.dir/rosidl_typesupport_fastrtps_cpp/ttt_msgs/action/detail/dds_fastrtps/go_home__type_support.cpp.o[0m
[16.657s] [ 79%] Built target ttt_msgs__rosidl_typesupport_fastrtps_c
[17.725s] [ 81%] [32m[1mLinking CXX shared library libttt_msgs__rosidl_typesupport_introspection_cpp.so[0m
[17.915s] [ 81%] Built target ttt_msgs__rosidl_typesupport_introspection_cpp
[18.300s] [ 82%] [32m[1mLinking CXX shared library libttt_msgs__rosidl_typesupport_fastrtps_cpp.so[0m
[18.488s] [ 82%] Built target ttt_msgs__rosidl_typesupport_fastrtps_cpp
[18.525s] [ 82%] Built target ttt_msgs
[18.561s] [ 83%] [34m[1mGenerating Python code for ROS interfaces[0m
[21.209s] [ 83%] Built target ttt_msgs__py
[21.246s] [ 87%] [32mBuilding C object CMakeFiles/ttt_msgs__rosidl_generator_py.dir/rosidl_generator_py/ttt_msgs/action/_draw_grid_s.c.o[0m
[21.248s] [ 89%] [32mBuilding C object CMakeFiles/ttt_msgs__rosidl_generator_py.dir/rosidl_generator_py/ttt_msgs/action/_draw_symbol_s.c.o[0m
[21.249s] [ 89%] [32mBuilding C object CMakeFiles/ttt_msgs__rosidl_generator_py.dir/rosidl_generator_py/ttt_msgs/msg/_move_s.c.o[0m
[21.249s] [ 89%] [32mBuilding C object CMakeFiles/ttt_msgs__rosidl_generator_py.dir/rosidl_generator_py/ttt_msgs/msg/_game_state_s.c.o[0m
[21.581s] [ 90%] [32mBuilding C object CMakeFiles/ttt_msgs__rosidl_generator_py.dir/rosidl_generator_py/ttt_msgs/action/_go_home_s.c.o[0m
[21.905s] [ 91%] [32m[1mLinking C shared library libttt_msgs__rosidl_generator_py.so[0m
[22.009s] [ 91%] Built target ttt_msgs__rosidl_generator_py
[22.049s] [ 95%] [32mBuilding C object CMakeFiles/ttt_msgs_s__rosidl_typesupport_introspection_c.dir/rosidl_generator_py/ttt_msgs/_ttt_msgs_s.ep.rosidl_typesupport_introspection_c.c.o[0m
[22.049s] [ 95%] [32mBuilding C object CMakeFiles/ttt_msgs_s__rosidl_typesupport_fastrtps_c.dir/rosidl_generator_py/ttt_msgs/_ttt_msgs_s.ep.rosidl_typesupport_fastrtps_c.c.o[0m
[22.049s] [ 95%] [32mBuilding C object CMakeFiles/ttt_msgs_s__rosidl_typesupport_c.dir/rosidl_generator_py/ttt_msgs/_ttt_msgs_s.ep.rosidl_typesupport_c.c.o[0m
[22.383s] [ 97%] [32m[1mLinking C shared module rosidl_generator_py/ttt_msgs/ttt_msgs_s__rosidl_typesupport_introspection_c.so[0m
[22.390s] [ 98%] [32m[1mLinking C shared module rosidl_generator_py/ttt_msgs/ttt_msgs_s__rosidl_typesupport_c.so[0m
[22.448s] [100%] [32m[1mLinking C shared module rosidl_generator_py/ttt_msgs/ttt_msgs_s__rosidl_typesupport_fastrtps_c.so[0m
[22.450s] [100%] Built target ttt_msgs_s__rosidl_typesupport_introspection_c
[22.456s] [100%] Built target ttt_msgs_s__rosidl_typesupport_c
[22.509s] [100%] Built target ttt_msgs_s__rosidl_typesupport_fastrtps_c
[22.532s] Invoked command in '/home/shai/ros2_ttt_robot/build/ttt_msgs' returned '0': CMAKE_PREFIX_PATH=${CMAKE_PREFIX_PATH}:/home/shai/ros2_ws/install/stepper_driver:/home/shai/ros2_ws/install/poti_serial:/home/shai/ros2_ws/install/poti_mapper:/opt/ros/jazzy /usr/bin/cmake --build /home/shai/ros2_ttt_robot/build/ttt_msgs -- -j4 -l4
[22.534s] Invoking command in '/home/shai/ros2_ttt_robot/build/ttt_msgs': CMAKE_PREFIX_PATH=${CMAKE_PREFIX_PATH}:/home/shai/ros2_ws/install/stepper_driver:/home/shai/ros2_ws/install/poti_serial:/home/shai/ros2_ws/install/poti_mapper:/opt/ros/jazzy /usr/bin/cmake --install /home/shai/ros2_ttt_robot/build/ttt_msgs
[22.567s] -- Install configuration: ""
[22.568s] -- Installing: /home/shai/ros2_ttt_robot/install/ttt_msgs/share/ament_index/resource_index/rosidl_interfaces/ttt_msgs
[22.568s] -- Installing: /home/shai/ros2_ttt_robot/install/ttt_msgs/share/ttt_msgs/msg/GameState.json
[22.568s] -- Installing: /home/shai/ros2_ttt_robot/install/ttt_msgs/share/ttt_msgs/msg/Move.json
[22.569s] -- Installing: /home/shai/ros2_ttt_robot/install/ttt_msgs/share/ttt_msgs/action/DrawSymbol.json
[22.569s] -- Installing: /home/shai/ros2_ttt_robot/install/ttt_msgs/share/ttt_msgs/action/DrawGrid.json
[22.569s] -- Installing: /home/shai/ros2_ttt_robot/install/ttt_msgs/share/ttt_msgs/action/GoHome.json
[22.570s] -- Installing: /home/shai/ros2_ttt_robot/install/ttt_msgs/include/ttt_msgs/ttt_msgs
[22.570s] -- Installing: /home/shai/ros2_ttt_robot/install/ttt_msgs/include/ttt_msgs/ttt_msgs/msg
[22.570s] -- Installing: /home/shai/ros2_ttt_robot/install/ttt_msgs/include/ttt_msgs/ttt_msgs/msg/move.h
[22.570s] -- Installing: /home/shai/ros2_ttt_robot/install/ttt_msgs/include/ttt_msgs/ttt_msgs/msg/detail
[22.570s] -- Installing: /home/shai/ros2_ttt_robot/install/ttt_msgs/include/ttt_msgs/ttt_msgs/msg/detail/game_state__functions.h
[22.571s] -- Installing: /home/shai/ros2_ttt_robot/install/ttt_msgs/include/ttt_msgs/ttt_msgs/msg/detail/move__struct.h
[22.571s] -- Installing: /home/shai/ros2_ttt_robot/install/ttt_msgs/include/ttt_msgs/ttt_msgs/msg/detail/game_state__struct.h
[22.571s] -- Installing: /home/shai/ros2_ttt_robot/install/ttt_msgs/include/ttt_msgs/ttt_msgs/msg/detail/move__type_support.h
[22.571s] -- Installing: /home/shai/ros2_ttt_robot/install/ttt_msgs/include/ttt_msgs/ttt_msgs/msg/detail/move__functions.c
[22.571s] -- Installing: /home/shai/ros2_ttt_robot/install/ttt_msgs/include/ttt_msgs/ttt_msgs/msg/detail/move__type_support.c
[22.572s] -- Installing: /home/shai/ros2_ttt_robot/install/ttt_msgs/include/ttt_msgs/ttt_msgs/msg/detail/game_state__description.c
[22.572s] -- Installing: /home/shai/ros2_ttt_robot/install/ttt_msgs/include/ttt_msgs/ttt_msgs/msg/detail/game_state__functions.c
[22.572s] -- Installing: /home/shai/ros2_ttt_robot/install/ttt_msgs/include/ttt_msgs/ttt_msgs/msg/detail/game_state__type_support.h
[22.572s] -- Installing: /home/shai/ros2_ttt_robot/install/ttt_msgs/include/ttt_msgs/ttt_msgs/msg/detail/move__description.c
[22.572s] -- Installing: /home/shai/ros2_ttt_robot/install/ttt_msgs/include/ttt_msgs/ttt_msgs/msg/detail/game_state__type_support.c
[22.573s] -- Installing: /home/shai/ros2_ttt_robot/install/ttt_msgs/include/ttt_msgs/ttt_msgs/msg/detail/move__functions.h
[22.573s] -- Installing: /home/shai/ros2_ttt_robot/install/ttt_msgs/include/ttt_msgs/ttt_msgs/msg/rosidl_generator_c__visibility_control.h
[22.573s] -- Installing: /home/shai/ros2_ttt_robot/install/ttt_msgs/include/ttt_msgs/ttt_msgs/msg/game_state.h
[22.573s] -- Installing: /home/shai/ros2_ttt_robot/install/ttt_msgs/include/ttt_msgs/ttt_msgs/action
[22.573s] -- Installing: /home/shai/ros2_ttt_robot/install/ttt_msgs/include/ttt_msgs/ttt_msgs/action/draw_symbol.h
[22.574s] -- Installing: /home/shai/ros2_ttt_robot/install/ttt_msgs/include/ttt_msgs/ttt_msgs/action/detail
[22.574s] -- Installing: /home/shai/ros2_ttt_robot/install/ttt_msgs/include/ttt_msgs/ttt_msgs/action/detail/draw_grid__type_support.h
[22.574s] -- Installing: /home/shai/ros2_ttt_robot/install/ttt_msgs/include/ttt_msgs/ttt_msgs/action/detail/draw_symbol__functions.c
[22.574s] -- Installing: /home/shai/ros2_ttt_robot/install/ttt_msgs/include/ttt_msgs/ttt_msgs/action/detail/draw_grid__description.c
[22.574s] -- Installing: /home/shai/ros2_ttt_robot/install/ttt_msgs/include/ttt_msgs/ttt_msgs/action/detail/draw_symbol__functions.h
[22.575s] -- Installing: /home/shai/ros2_ttt_robot/install/ttt_msgs/include/ttt_msgs/ttt_msgs/action/detail/go_home__type_support.h
[22.575s] -- Installing: /home/shai/ros2_ttt_robot/install/ttt_msgs/include/ttt_msgs/ttt_msgs/action/detail/draw_symbol__description.c
[22.575s] -- Installing: /home/shai/ros2_ttt_robot/install/ttt_msgs/include/ttt_msgs/ttt_msgs/action/detail/go_home__description.c
[22.576s] -- Installing: /home/shai/ros2_ttt_robot/install/ttt_msgs/include/ttt_msgs/ttt_msgs/action/detail/draw_grid__functions.c
[22.576s] -- Installing: /home/shai/ros2_ttt_robot/install/ttt_msgs/include/ttt_msgs/ttt_msgs/action/detail/go_home__type_support.c
[22.576s] -- Installing: /home/shai/ros2_ttt_robot/install/ttt_msgs/include/ttt_msgs/ttt_msgs/action/detail/draw_grid__functions.h
[22.576s] -- Installing: /home/shai/ros2_ttt_robot/install/ttt_msgs/include/ttt_msgs/ttt_msgs/action/detail/draw_grid__type_support.c
[22.577s] -- Installing: /home/shai/ros2_ttt_robot/install/ttt_msgs/include/ttt_msgs/ttt_msgs/action/detail/draw_grid__struct.h
[22.577s] -- Installing: /home/shai/ros2_ttt_robot/install/ttt_msgs/include/ttt_msgs/ttt_msgs/action/detail/draw_symbol__struct.h
[22.577s] -- Installing: /home/shai/ros2_ttt_robot/install/ttt_msgs/include/ttt_msgs/ttt_msgs/action/detail/go_home__struct.h
[22.577s] -- Installing: /home/shai/ros2_ttt_robot/install/ttt_msgs/include/ttt_msgs/ttt_msgs/action/detail/go_home__functions.c
[22.577s] -- Installing: /home/shai/ros2_ttt_robot/install/ttt_msgs/include/ttt_msgs/ttt_msgs/action/detail/go_home__functions.h
[22.578s] -- Installing: /home/shai/ros2_ttt_robot/install/ttt_msgs/include/ttt_msgs/ttt_msgs/action/detail/draw_symbol__type_support.h
[22.578s] -- Installing: /home/shai/ros2_ttt_robot/install/ttt_msgs/include/ttt_msgs/ttt_msgs/action/detail/draw_symbol__type_support.c
[22.578s] -- Installing: /home/shai/ros2_ttt_robot/install/ttt_msgs/include/ttt_msgs/ttt_msgs/action/go_home.h
[22.578s] -- Installing: /home/shai/ros2_ttt_robot/install/ttt_msgs/include/ttt_msgs/ttt_msgs/action/draw_grid.h
[22.579s] -- Installing: /home/shai/ros2_ttt_robot/install/ttt_msgs/share/ttt_msgs/environment/library_path.sh
[22.579s] -- Installing: /home/shai/ros2_ttt_robot/install/ttt_msgs/share/ttt_msgs/environment/library_path.dsv
[22.579s] -- Installing: /home/shai/ros2_ttt_robot/install/ttt_msgs/lib/libttt_msgs__rosidl_generator_c.so
[22.581s] -- Set non-toolchain portion of runtime path of "/home/shai/ros2_ttt_robot/install/ttt_msgs/lib/libttt_msgs__rosidl_generator_c.so" to ""
[22.581s] -- Up-to-date: /home/shai/ros2_ttt_robot/install/ttt_msgs/include/ttt_msgs/ttt_msgs
[22.581s] -- Up-to-date: /home/shai/ros2_ttt_robot/install/ttt_msgs/include/ttt_msgs/ttt_msgs/msg
[22.581s] -- Installing: /home/shai/ros2_ttt_robot/install/ttt_msgs/include/ttt_msgs/ttt_msgs/msg/rosidl_typesupport_fastrtps_c__visibility_control.h
[22.581s] -- Up-to-date: /home/shai/ros2_ttt_robot/install/ttt_msgs/include/ttt_msgs/ttt_msgs/msg/detail
[22.581s] -- Installing: /home/shai/ros2_ttt_robot/install/ttt_msgs/include/ttt_msgs/ttt_msgs/msg/detail/move__rosidl_typesupport_fastrtps_c.h
[22.582s] -- Installing: /home/shai/ros2_ttt_robot/install/ttt_msgs/include/ttt_msgs/ttt_msgs/msg/detail/game_state__rosidl_typesupport_fastrtps_c.h
[22.582s] -- Up-to-date: /home/shai/ros2_ttt_robot/install/ttt_msgs/include/ttt_msgs/ttt_msgs/action
[22.582s] -- Up-to-date: /home/shai/ros2_ttt_robot/install/ttt_msgs/include/ttt_msgs/ttt_msgs/action/detail
[22.582s] -- Installing: /home/shai/ros2_ttt_robot/install/ttt_msgs/include/ttt_msgs/ttt_msgs/action/detail/draw_grid__rosidl_typesupport_fastrtps_c.h
[22.583s] -- Installing: /home/shai/ros2_ttt_robot/install/ttt_msgs/include/ttt_msgs/ttt_msgs/action/detail/draw_symbol__rosidl_typesupport_fastrtps_c.h
[22.583s] -- Installing: /home/shai/ros2_ttt_robot/install/ttt_msgs/include/ttt_msgs/ttt_msgs/action/detail/go_home__rosidl_typesupport_fastrtps_c.h
[22.583s] -- Installing: /home/shai/ros2_ttt_robot/install/ttt_msgs/lib/libttt_msgs__rosidl_typesupport_fastrtps_c.so
[22.584s] -- Set non-toolchain portion of runtime path of "/home/shai/ros2_ttt_robot/install/ttt_msgs/lib/libttt_msgs__rosidl_typesupport_fastrtps_c.so" to ""
[22.584s] -- Up-to-date: /home/shai/ros2_ttt_robot/install/ttt_msgs/include/ttt_msgs/ttt_msgs
[22.584s] -- Up-to-date: /home/shai/ros2_ttt_robot/install/ttt_msgs/include/ttt_msgs/ttt_msgs/msg
[22.584s] -- Up-to-date: /home/shai/ros2_ttt_robot/install/ttt_msgs/include/ttt_msgs/ttt_msgs/msg/detail
[22.584s] -- Installing: /home/shai/ros2_ttt_robot/install/ttt_msgs/include/ttt_msgs/ttt_msgs/msg/detail/move__rosidl_typesupport_introspection_c.h
[22.584s] -- Installing: /home/shai/ros2_ttt_robot/install/ttt_msgs/include/ttt_msgs/ttt_msgs/msg/detail/move__type_support.c
[22.584s] -- Installing: /home/shai/ros2_ttt_robot/install/ttt_msgs/include/ttt_msgs/ttt_msgs/msg/detail/game_state__rosidl_typesupport_introspection_c.h
[22.585s] -- Installing: /home/shai/ros2_ttt_robot/install/ttt_msgs/include/ttt_msgs/ttt_msgs/msg/detail/game_state__type_support.c
[22.585s] -- Installing: /home/shai/ros2_ttt_robot/install/ttt_msgs/include/ttt_msgs/ttt_msgs/msg/rosidl_typesupport_introspection_c__visibility_control.h
[22.585s] -- Up-to-date: /home/shai/ros2_ttt_robot/install/ttt_msgs/include/ttt_msgs/ttt_msgs/action
[22.585s] -- Up-to-date: /home/shai/ros2_ttt_robot/install/ttt_msgs/include/ttt_msgs/ttt_msgs/action/detail
[22.585s] -- Installing: /home/shai/ros2_ttt_robot/install/ttt_msgs/include/ttt_msgs/ttt_msgs/action/detail/go_home__type_support.c
[22.585s] -- Installing: /home/shai/ros2_ttt_robot/install/ttt_msgs/include/ttt_msgs/ttt_msgs/action/detail/go_home__rosidl_typesupport_introspection_c.h
[22.585s] -- Installing: /home/shai/ros2_ttt_robot/install/ttt_msgs/include/ttt_msgs/ttt_msgs/action/detail/draw_grid__type_support.c
[22.585s] -- Installing: /home/shai/ros2_ttt_robot/install/ttt_msgs/include/ttt_msgs/ttt_msgs/action/detail/draw_grid__rosidl_typesupport_introspection_c.h
[22.586s] -- Installing: /home/shai/ros2_ttt_robot/install/ttt_msgs/include/ttt_msgs/ttt_msgs/action/detail/draw_symbol__rosidl_typesupport_introspection_c.h
[22.586s] -- Installing: /home/shai/ros2_ttt_robot/install/ttt_msgs/include/ttt_msgs/ttt_msgs/action/detail/draw_symbol__type_support.c
[22.586s] -- Installing: /home/shai/ros2_ttt_robot/install/ttt_msgs/lib/libttt_msgs__rosidl_typesupport_introspection_c.so
[22.587s] -- Set non-toolchain portion of runtime path of "/home/shai/ros2_ttt_robot/install/ttt_msgs/lib/libttt_msgs__rosidl_typesupport_introspection_c.so" to ""
[22.587s] -- Installing: /home/shai/ros2_ttt_robot/install/ttt_msgs/lib/libttt_msgs__rosidl_typesupport_c.so
[22.588s] -- Set non-toolchain portion of runtime path of "/home/shai/ros2_ttt_robot/install/ttt_msgs/lib/libttt_msgs__rosidl_typesupport_c.so" to ""
[22.588s] -- Up-to-date: /home/shai/ros2_ttt_robot/install/ttt_msgs/include/ttt_msgs/ttt_msgs
[22.588s] -- Up-to-date: /home/shai/ros2_ttt_robot/install/ttt_msgs/include/ttt_msgs/ttt_msgs/msg
[22.588s] -- Up-to-date: /home/shai/ros2_ttt_robot/install/ttt_msgs/include/ttt_msgs/ttt_msgs/msg/detail
[22.588s] -- Installing: /home/shai/ros2_ttt_robot/install/ttt_msgs/include/ttt_msgs/ttt_msgs/msg/detail/game_state__builder.hpp
[22.588s] -- Installing: /home/shai/ros2_ttt_robot/install/ttt_msgs/include/ttt_msgs/ttt_msgs/msg/detail/move__struct.hpp
[22.589s] -- Installing: /home/shai/ros2_ttt_robot/install/ttt_msgs/include/ttt_msgs/ttt_msgs/msg/detail/move__traits.hpp
[22.589s] -- Installing: /home/shai/ros2_ttt_robot/install/ttt_msgs/include/ttt_msgs/ttt_msgs/msg/detail/move__type_support.hpp
[22.589s] -- Installing: /home/shai/ros2_ttt_robot/install/ttt_msgs/include/ttt_msgs/ttt_msgs/msg/detail/game_state__traits.hpp
[22.589s] -- Installing: /home/shai/ros2_ttt_robot/install/ttt_msgs/include/ttt_msgs/ttt_msgs/msg/detail/move__builder.hpp
[22.589s] -- Installing: /home/shai/ros2_ttt_robot/install/ttt_msgs/include/ttt_msgs/ttt_msgs/msg/detail/game_state__type_support.hpp
[22.589s] -- Installing: /home/shai/ros2_ttt_robot/install/ttt_msgs/include/ttt_msgs/ttt_msgs/msg/detail/game_state__struct.hpp
[22.589s] -- Installing: /home/shai/ros2_ttt_robot/install/ttt_msgs/include/ttt_msgs/ttt_msgs/msg/rosidl_generator_cpp__visibility_control.hpp
[22.589s] -- Installing: /home/shai/ros2_ttt_robot/install/ttt_msgs/include/ttt_msgs/ttt_msgs/msg/move.hpp
[22.589s] -- Installing: /home/shai/ros2_ttt_robot/install/ttt_msgs/include/ttt_msgs/ttt_msgs/msg/game_state.hpp
[22.590s] -- Up-to-date: /home/shai/ros2_ttt_robot/install/ttt_msgs/include/ttt_msgs/ttt_msgs/action
[22.590s] -- Installing: /home/shai/ros2_ttt_robot/install/ttt_msgs/include/ttt_msgs/ttt_msgs/action/go_home.hpp
[22.590s] -- Up-to-date: /home/shai/ros2_ttt_robot/install/ttt_msgs/include/ttt_msgs/ttt_msgs/action/detail
[22.590s] -- Installing: /home/shai/ros2_ttt_robot/install/ttt_msgs/include/ttt_msgs/ttt_msgs/action/detail/draw_grid__traits.hpp
[22.590s] -- Installing: /home/shai/ros2_ttt_robot/install/ttt_msgs/include/ttt_msgs/ttt_msgs/action/detail/draw_grid__struct.hpp
[22.590s] -- Installing: /home/shai/ros2_ttt_robot/install/ttt_msgs/include/ttt_msgs/ttt_msgs/action/detail/go_home__traits.hpp
[22.590s] -- Installing: /home/shai/ros2_ttt_robot/install/ttt_msgs/include/ttt_msgs/ttt_msgs/action/detail/draw_symbol__struct.hpp
[22.591s] -- Installing: /home/shai/ros2_ttt_robot/install/ttt_msgs/include/ttt_msgs/ttt_msgs/action/detail/draw_symbol__type_support.hpp
[22.591s] -- Installing: /home/shai/ros2_ttt_robot/install/ttt_msgs/include/ttt_msgs/ttt_msgs/action/detail/go_home__struct.hpp
[22.591s] -- Installing: /home/shai/ros2_ttt_robot/install/ttt_msgs/include/ttt_msgs/ttt_msgs/action/detail/draw_grid__builder.hpp
[22.591s] -- Installing: /home/shai/ros2_ttt_robot/install/ttt_msgs/include/ttt_msgs/ttt_msgs/action/detail/draw_grid__type_support.hpp
[22.591s] -- Installing: /home/shai/ros2_ttt_robot/install/ttt_msgs/include/ttt_msgs/ttt_msgs/action/detail/go_home__builder.hpp
[22.591s] -- Installing: /home/shai/ros2_ttt_robot/install/ttt_msgs/include/ttt_msgs/ttt_msgs/action/detail/go_home__type_support.hpp
[22.592s] -- Installing: /home/shai/ros2_ttt_robot/install/ttt_msgs/include/ttt_msgs/ttt_msgs/action/detail/draw_symbol__traits.hpp
[22.592s] -- Installing: /home/shai/ros2_ttt_robot/install/ttt_msgs/include/ttt_msgs/ttt_msgs/action/detail/draw_symbol__builder.hpp
[22.592s] -- Installing: /home/shai/ros2_ttt_robot/install/ttt_msgs/include/ttt_msgs/ttt_msgs/action/draw_symbol.hpp
[22.592s] -- Installing: /home/shai/ros2_ttt_robot/install/ttt_msgs/include/ttt_msgs/ttt_msgs/action/draw_grid.hpp
[22.592s] -- Up-to-date: /home/shai/ros2_ttt_robot/install/ttt_msgs/include/ttt_msgs/ttt_msgs
[22.592s] -- Up-to-date: /home/shai/ros2_ttt_robot/install/ttt_msgs/include/ttt_msgs/ttt_msgs/msg
[22.592s] -- Up-to-date: /home/shai/ros2_ttt_robot/install/ttt_msgs/include/ttt_msgs/ttt_msgs/msg/detail
[22.593s] -- Installing: /home/shai/ros2_ttt_robot/install/ttt_msgs/include/ttt_msgs/ttt_msgs/msg/detail/move__rosidl_typesupport_fastrtps_cpp.hpp
[22.593s] -- Installing: /home/shai/ros2_ttt_robot/install/ttt_msgs/include/ttt_msgs/ttt_msgs/msg/detail/game_state__rosidl_typesupport_fastrtps_cpp.hpp
[22.593s] -- Installing: /home/shai/ros2_ttt_robot/install/ttt_msgs/include/ttt_msgs/ttt_msgs/msg/detail/dds_fastrtps
[22.593s] -- Installing: /home/shai/ros2_ttt_robot/install/ttt_msgs/include/ttt_msgs/ttt_msgs/msg/rosidl_typesupport_fastrtps_cpp__visibility_control.h
[22.593s] -- Up-to-date: /home/shai/ros2_ttt_robot/install/ttt_msgs/include/ttt_msgs/ttt_msgs/action
[22.593s] -- Up-to-date: /home/shai/ros2_ttt_robot/install/ttt_msgs/include/ttt_msgs/ttt_msgs/action/detail
[22.593s] -- Installing: /home/shai/ros2_ttt_robot/install/ttt_msgs/include/ttt_msgs/ttt_msgs/action/detail/draw_symbol__rosidl_typesupport_fastrtps_cpp.hpp
[22.593s] -- Installing: /home/shai/ros2_ttt_robot/install/ttt_msgs/include/ttt_msgs/ttt_msgs/action/detail/go_home__rosidl_typesupport_fastrtps_cpp.hpp
[22.593s] -- Installing: /home/shai/ros2_ttt_robot/install/ttt_msgs/include/ttt_msgs/ttt_msgs/action/detail/draw_grid__rosidl_typesupport_fastrtps_cpp.hpp
[22.594s] -- Installing: /home/shai/ros2_ttt_robot/install/ttt_msgs/include/ttt_msgs/ttt_msgs/action/detail/dds_fastrtps
[22.594s] -- Installing: /home/shai/ros2_ttt_robot/install/ttt_msgs/lib/libttt_msgs__rosidl_typesupport_fastrtps_cpp.so
[22.596s] -- Set non-toolchain portion of runtime path of "/home/shai/ros2_ttt_robot/install/ttt_msgs/lib/libttt_msgs__rosidl_typesupport_fastrtps_cpp.so" to ""
[22.597s] -- Up-to-date: /home/shai/ros2_ttt_robot/install/ttt_msgs/include/ttt_msgs/ttt_msgs
[22.597s] -- Up-to-date: /home/shai/ros2_ttt_robot/install/ttt_msgs/include/ttt_msgs/ttt_msgs/msg
[22.597s] -- Up-to-date: /home/shai/ros2_ttt_robot/install/ttt_msgs/include/ttt_msgs/ttt_msgs/msg/detail
[22.597s] -- Installing: /home/shai/ros2_ttt_robot/install/ttt_msgs/include/ttt_msgs/ttt_msgs/msg/detail/game_state__type_support.cpp
[22.597s] -- Installing: /home/shai/ros2_ttt_robot/install/ttt_msgs/include/ttt_msgs/ttt_msgs/msg/detail/move__type_support.cpp
[22.597s] -- Installing: /home/shai/ros2_ttt_robot/install/ttt_msgs/include/ttt_msgs/ttt_msgs/msg/detail/game_state__rosidl_typesupport_introspection_cpp.hpp
[22.597s] -- Installing: /home/shai/ros2_ttt_robot/install/ttt_msgs/include/ttt_msgs/ttt_msgs/msg/detail/move__rosidl_typesupport_introspection_cpp.hpp
[22.597s] -- Up-to-date: /home/shai/ros2_ttt_robot/install/ttt_msgs/include/ttt_msgs/ttt_msgs/action
[22.597s] -- Up-to-date: /home/shai/ros2_ttt_robot/install/ttt_msgs/include/ttt_msgs/ttt_msgs/action/detail
[22.598s] -- Installing: /home/shai/ros2_ttt_robot/install/ttt_msgs/include/ttt_msgs/ttt_msgs/action/detail/go_home__type_support.cpp
[22.598s] -- Installing: /home/shai/ros2_ttt_robot/install/ttt_msgs/include/ttt_msgs/ttt_msgs/action/detail/draw_symbol__type_support.cpp
[22.598s] -- Installing: /home/shai/ros2_ttt_robot/install/ttt_msgs/include/ttt_msgs/ttt_msgs/action/detail/draw_grid__rosidl_typesupport_introspection_cpp.hpp
[22.598s] -- Installing: /home/shai/ros2_ttt_robot/install/ttt_msgs/include/ttt_msgs/ttt_msgs/action/detail/go_home__rosidl_typesupport_introspection_cpp.hpp
[22.598s] -- Installing: /home/shai/ros2_ttt_robot/install/ttt_msgs/include/ttt_msgs/ttt_msgs/action/detail/draw_grid__type_support.cpp
[22.598s] -- Installing: /home/shai/ros2_ttt_robot/install/ttt_msgs/include/ttt_msgs/ttt_msgs/action/detail/draw_symbol__rosidl_typesupport_introspection_cpp.hpp
[22.598s] -- Installing: /home/shai/ros2_ttt_robot/install/ttt_msgs/lib/libttt_msgs__rosidl_typesupport_introspection_cpp.so
[22.600s] -- Set non-toolchain portion of runtime path of "/home/shai/ros2_ttt_robot/install/ttt_msgs/lib/libttt_msgs__rosidl_typesupport_introspection_cpp.so" to ""
[22.600s] -- Installing: /home/shai/ros2_ttt_robot/install/ttt_msgs/lib/libttt_msgs__rosidl_typesupport_cpp.so
[22.602s] -- Set non-toolchain portion of runtime path of "/home/shai/ros2_ttt_robot/install/ttt_msgs/lib/libttt_msgs__rosidl_typesupport_cpp.so" to ""
[22.602s] -- Installing: /home/shai/ros2_ttt_robot/install/ttt_msgs/share/ttt_msgs/environment/pythonpath.sh
[22.602s] -- Installing: /home/shai/ros2_ttt_robot/install/ttt_msgs/share/ttt_msgs/environment/pythonpath.dsv
[22.602s] -- Installing: /home/shai/ros2_ttt_robot/install/ttt_msgs/lib/python3.12/site-packages/ttt_msgs-0.0.0-py3.12.egg-info
[22.602s] -- Installing: /home/shai/ros2_ttt_robot/install/ttt_msgs/lib/python3.12/site-packages/ttt_msgs-0.0.0-py3.12.egg-info/dependency_links.txt
[22.602s] -- Installing: /home/shai/ros2_ttt_robot/install/ttt_msgs/lib/python3.12/site-packages/ttt_msgs-0.0.0-py3.12.egg-info/PKG-INFO
[22.603s] -- Installing: /home/shai/ros2_ttt_robot/install/ttt_msgs/lib/python3.12/site-packages/ttt_msgs-0.0.0-py3.12.egg-info/top_level.txt
[22.603s] -- Installing: /home/shai/ros2_ttt_robot/install/ttt_msgs/lib/python3.12/site-packages/ttt_msgs-0.0.0-py3.12.egg-info/SOURCES.txt
[22.603s] -- Installing: /home/shai/ros2_ttt_robot/install/ttt_msgs/lib/python3.12/site-packages/ttt_msgs
[22.603s] -- Installing: /home/shai/ros2_ttt_robot/install/ttt_msgs/lib/python3.12/site-packages/ttt_msgs/ttt_msgs_s__rosidl_typesupport_fastrtps_c.so
[22.603s] -- Installing: /home/shai/ros2_ttt_robot/install/ttt_msgs/lib/python3.12/site-packages/ttt_msgs/_ttt_msgs_s.ep.rosidl_typesupport_fastrtps_c.c
[22.604s] -- Installing: /home/shai/ros2_ttt_robot/install/ttt_msgs/lib/python3.12/site-packages/ttt_msgs/ttt_msgs_s__rosidl_typesupport_introspection_c.so
[22.604s] -- Installing: /home/shai/ros2_ttt_robot/install/ttt_msgs/lib/python3.12/site-packages/ttt_msgs/msg
[22.604s] -- Installing: /home/shai/ros2_ttt_robot/install/ttt_msgs/lib/python3.12/site-packages/ttt_msgs/msg/_game_state_s.c
[22.604s] -- Installing: /home/shai/ros2_ttt_robot/install/ttt_msgs/lib/python3.12/site-packages/ttt_msgs/msg/_game_state.py
[22.604s] -- Installing: /home/shai/ros2_ttt_robot/install/ttt_msgs/lib/python3.12/site-packages/ttt_msgs/msg/_move_s.c
[22.604s] -- Installing: /home/shai/ros2_ttt_robot/install/ttt_msgs/lib/python3.12/site-packages/ttt_msgs/msg/__init__.py
[22.605s] -- Installing: /home/shai/ros2_ttt_robot/install/ttt_msgs/lib/python3.12/site-packages/ttt_msgs/msg/_move.py
[22.605s] -- Installing: /home/shai/ros2_ttt_robot/install/ttt_msgs/lib/python3.12/site-packages/ttt_msgs/_ttt_msgs_s.ep.rosidl_typesupport_introspection_c.c
[22.605s] -- Installing: /home/shai/ros2_ttt_robot/install/ttt_msgs/lib/python3.12/site-packages/ttt_msgs/__init__.py
[22.605s] -- Installing: /home/shai/ros2_ttt_robot/install/ttt_msgs/lib/python3.12/site-packages/ttt_msgs/action
[22.605s] -- Installing: /home/shai/ros2_ttt_robot/install/ttt_msgs/lib/python3.12/site-packages/ttt_msgs/action/_go_home.py
[22.606s] -- Installing: /home/shai/ros2_ttt_robot/install/ttt_msgs/lib/python3.12/site-packages/ttt_msgs/action/_draw_symbol.py
[22.606s] -- Installing: /home/shai/ros2_ttt_robot/install/ttt_msgs/lib/python3.12/site-packages/ttt_msgs/action/_draw_grid_s.c
[22.606s] -- Installing: /home/shai/ros2_ttt_robot/install/ttt_msgs/lib/python3.12/site-packages/ttt_msgs/action/_draw_symbol_s.c
[22.606s] -- Installing: /home/shai/ros2_ttt_robot/install/ttt_msgs/lib/python3.12/site-packages/ttt_msgs/action/_draw_grid.py
[22.607s] -- Installing: /home/shai/ros2_ttt_robot/install/ttt_msgs/lib/python3.12/site-packages/ttt_msgs/action/__init__.py
[22.607s] -- Installing: /home/shai/ros2_ttt_robot/install/ttt_msgs/lib/python3.12/site-packages/ttt_msgs/action/_go_home_s.c
[22.607s] -- Installing: /home/shai/ros2_ttt_robot/install/ttt_msgs/lib/python3.12/site-packages/ttt_msgs/_ttt_msgs_s.ep.rosidl_typesupport_c.c
[22.607s] -- Installing: /home/shai/ros2_ttt_robot/install/ttt_msgs/lib/python3.12/site-packages/ttt_msgs/ttt_msgs_s__rosidl_typesupport_c.so
[22.713s] Listing '/home/shai/ros2_ttt_robot/install/ttt_msgs/lib/python3.12/site-packages/ttt_msgs'...
[22.714s] Compiling '/home/shai/ros2_ttt_robot/install/ttt_msgs/lib/python3.12/site-packages/ttt_msgs/__init__.py'...
[22.714s] Listing '/home/shai/ros2_ttt_robot/install/ttt_msgs/lib/python3.12/site-packages/ttt_msgs/action'...
[22.714s] Compiling '/home/shai/ros2_ttt_robot/install/ttt_msgs/lib/python3.12/site-packages/ttt_msgs/action/__init__.py'...
[22.714s] Compiling '/home/shai/ros2_ttt_robot/install/ttt_msgs/lib/python3.12/site-packages/ttt_msgs/action/_draw_grid.py'...
[22.714s] Compiling '/home/shai/ros2_ttt_robot/install/ttt_msgs/lib/python3.12/site-packages/ttt_msgs/action/_draw_symbol.py'...
[22.714s] Compiling '/home/shai/ros2_ttt_robot/install/ttt_msgs/lib/python3.12/site-packages/ttt_msgs/action/_go_home.py'...
[22.714s] Listing '/home/shai/ros2_ttt_robot/install/ttt_msgs/lib/python3.12/site-packages/ttt_msgs/msg'...
[22.714s] Compiling '/home/shai/ros2_ttt_robot/install/ttt_msgs/lib/python3.12/site-packages/ttt_msgs/msg/__init__.py'...
[22.714s] Compiling '/home/shai/ros2_ttt_robot/install/ttt_msgs/lib/python3.12/site-packages/ttt_msgs/msg/_game_state.py'...
[22.714s] Compiling '/home/shai/ros2_ttt_robot/install/ttt_msgs/lib/python3.12/site-packages/ttt_msgs/msg/_move.py'...
[22.726s] -- Installing: /home/shai/ros2_ttt_robot/install/ttt_msgs/lib/python3.12/site-packages/ttt_msgs/ttt_msgs_s__rosidl_typesupport_fastrtps_c.so
[22.726s] -- Set non-toolchain portion of runtime path of "/home/shai/ros2_ttt_robot/install/ttt_msgs/lib/python3.12/site-packages/ttt_msgs/ttt_msgs_s__rosidl_typesupport_fastrtps_c.so" to ""
[22.727s] -- Installing: /home/shai/ros2_ttt_robot/install/ttt_msgs/lib/python3.12/site-packages/ttt_msgs/ttt_msgs_s__rosidl_typesupport_introspection_c.so
[22.727s] -- Set non-toolchain portion of runtime path of "/home/shai/ros2_ttt_robot/install/ttt_msgs/lib/python3.12/site-packages/ttt_msgs/ttt_msgs_s__rosidl_typesupport_introspection_c.so" to ""
[22.728s] -- Installing: /home/shai/ros2_ttt_robot/install/ttt_msgs/lib/python3.12/site-packages/ttt_msgs/ttt_msgs_s__rosidl_typesupport_c.so
[22.728s] -- Set non-toolchain portion of runtime path of "/home/shai/ros2_ttt_robot/install/ttt_msgs/lib/python3.12/site-packages/ttt_msgs/ttt_msgs_s__rosidl_typesupport_c.so" to ""
[22.728s] -- Installing: /home/shai/ros2_ttt_robot/install/ttt_msgs/lib/libttt_msgs__rosidl_generator_py.so
[22.729s] -- Set non-toolchain portion of runtime path of "/home/shai/ros2_ttt_robot/install/ttt_msgs/lib/libttt_msgs__rosidl_generator_py.so" to ""
[22.730s] -- Installing: /home/shai/ros2_ttt_robot/install/ttt_msgs/share/ttt_msgs/msg/GameState.idl
[22.730s] -- Installing: /home/shai/ros2_ttt_robot/install/ttt_msgs/share/ttt_msgs/msg/Move.idl
[22.730s] -- Installing: /home/shai/ros2_ttt_robot/install/ttt_msgs/share/ttt_msgs/action/DrawSymbol.idl
[22.730s] -- Installing: /home/shai/ros2_ttt_robot/install/ttt_msgs/share/ttt_msgs/action/DrawGrid.idl
[22.730s] -- Installing: /home/shai/ros2_ttt_robot/install/ttt_msgs/share/ttt_msgs/action/GoHome.idl
[22.730s] -- Installing: /home/shai/ros2_ttt_robot/install/ttt_msgs/share/ttt_msgs/msg/GameState.msg
[22.730s] -- Installing: /home/shai/ros2_ttt_robot/install/ttt_msgs/share/ttt_msgs/msg/Move.msg
[22.731s] -- Installing: /home/shai/ros2_ttt_robot/install/ttt_msgs/share/ttt_msgs/action/DrawSymbol.action
[22.731s] -- Installing: /home/shai/ros2_ttt_robot/install/ttt_msgs/share/ttt_msgs/action/DrawGrid.action
[22.731s] -- Installing: /home/shai/ros2_ttt_robot/install/ttt_msgs/share/ttt_msgs/action/GoHome.action
[22.731s] -- Installing: /home/shai/ros2_ttt_robot/install/ttt_msgs/share/ament_index/resource_index/package_run_dependencies/ttt_msgs
[22.731s] -- Installing: /home/shai/ros2_ttt_robot/install/ttt_msgs/share/ament_index/resource_index/parent_prefix_path/ttt_msgs
[22.732s] -- Installing: /home/shai/ros2_ttt_robot/install/ttt_msgs/share/ttt_msgs/environment/ament_prefix_path.sh
[22.732s] -- Installing: /home/shai/ros2_ttt_robot/install/ttt_msgs/share/ttt_msgs/environment/ament_prefix_path.dsv
[22.732s] -- Installing: /home/shai/ros2_ttt_robot/install/ttt_msgs/share/ttt_msgs/environment/path.sh
[22.732s] -- Installing: /home/shai/ros2_ttt_robot/install/ttt_msgs/share/ttt_msgs/environment/path.dsv
[22.732s] -- Installing: /home/shai/ros2_ttt_robot/install/ttt_msgs/share/ttt_msgs/local_setup.bash
[22.732s] -- Installing: /home/shai/ros2_ttt_robot/install/ttt_msgs/share/ttt_msgs/local_setup.sh
[22.733s] -- Installing: /home/shai/ros2_ttt_robot/install/ttt_msgs/share/ttt_msgs/local_setup.zsh
[22.733s] -- Installing: /home/shai/ros2_ttt_robot/install/ttt_msgs/share/ttt_msgs/local_setup.dsv
[22.733s] -- Installing: /home/shai/ros2_ttt_robot/install/ttt_msgs/share/ttt_msgs/package.dsv
[22.733s] -- Installing: /home/shai/ros2_ttt_robot/install/ttt_msgs/share/ament_index/resource_index/packages/ttt_msgs
[22.733s] -- Installing: /home/shai/ros2_ttt_robot/install/ttt_msgs/share/ttt_msgs/cmake/export_ttt_msgs__rosidl_generator_cExport.cmake
[22.734s] -- Installing: /home/shai/ros2_ttt_robot/install/ttt_msgs/share/ttt_msgs/cmake/export_ttt_msgs__rosidl_generator_cExport-noconfig.cmake
[22.734s] -- Installing: /home/shai/ros2_ttt_robot/install/ttt_msgs/share/ttt_msgs/cmake/export_ttt_msgs__rosidl_typesupport_fastrtps_cExport.cmake
[22.734s] -- Installing: /home/shai/ros2_ttt_robot/install/ttt_msgs/share/ttt_msgs/cmake/export_ttt_msgs__rosidl_typesupport_fastrtps_cExport-noconfig.cmake
[22.734s] -- Installing: /home/shai/ros2_ttt_robot/install/ttt_msgs/share/ttt_msgs/cmake/ttt_msgs__rosidl_typesupport_introspection_cExport.cmake
[22.734s] -- Installing: /home/shai/ros2_ttt_robot/install/ttt_msgs/share/ttt_msgs/cmake/ttt_msgs__rosidl_typesupport_introspection_cExport-noconfig.cmake
[22.735s] -- Installing: /home/shai/ros2_ttt_robot/install/ttt_msgs/share/ttt_msgs/cmake/ttt_msgs__rosidl_typesupport_cExport.cmake
[22.735s] -- Installing: /home/shai/ros2_ttt_robot/install/ttt_msgs/share/ttt_msgs/cmake/ttt_msgs__rosidl_typesupport_cExport-noconfig.cmake
[22.735s] -- Installing: /home/shai/ros2_ttt_robot/install/ttt_msgs/share/ttt_msgs/cmake/export_ttt_msgs__rosidl_generator_cppExport.cmake
[22.735s] -- Installing: /home/shai/ros2_ttt_robot/install/ttt_msgs/share/ttt_msgs/cmake/export_ttt_msgs__rosidl_typesupport_fastrtps_cppExport.cmake
[22.735s] -- Installing: /home/shai/ros2_ttt_robot/install/ttt_msgs/share/ttt_msgs/cmake/export_ttt_msgs__rosidl_typesupport_fastrtps_cppExport-noconfig.cmake
[22.736s] -- Installing: /home/shai/ros2_ttt_robot/install/ttt_msgs/share/ttt_msgs/cmake/ttt_msgs__rosidl_typesupport_introspection_cppExport.cmake
[22.736s] -- Installing: /home/shai/ros2_ttt_robot/install/ttt_msgs/share/ttt_msgs/cmake/ttt_msgs__rosidl_typesupport_introspection_cppExport-noconfig.cmake
[22.736s] -- Installing: /home/shai/ros2_ttt_robot/install/ttt_msgs/share/ttt_msgs/cmake/ttt_msgs__rosidl_typesupport_cppExport.cmake
[22.736s] -- Installing: /home/shai/ros2_ttt_robot/install/ttt_msgs/share/ttt_msgs/cmake/ttt_msgs__rosidl_typesupport_cppExport-noconfig.cmake
[22.736s] -- Installing: /home/shai/ros2_ttt_robot/install/ttt_msgs/share/ttt_msgs/cmake/export_ttt_msgs__rosidl_generator_pyExport.cmake
[22.736s] -- Installing: /home/shai/ros2_ttt_robot/install/ttt_msgs/share/ttt_msgs/cmake/export_ttt_msgs__rosidl_generator_pyExport-noconfig.cmake
[22.737s] -- Installing: /home/shai/ros2_ttt_robot/install/ttt_msgs/share/ttt_msgs/cmake/rosidl_cmake-extras.cmake
[22.737s] -- Installing: /home/shai/ros2_ttt_robot/install/ttt_msgs/share/ttt_msgs/cmake/ament_cmake_export_dependencies-extras.cmake
[22.737s] -- Installing: /home/shai/ros2_ttt_robot/install/ttt_msgs/share/ttt_msgs/cmake/ament_cmake_export_include_directories-extras.cmake
[22.737s] -- Installing: /home/shai/ros2_ttt_robot/install/ttt_msgs/share/ttt_msgs/cmake/ament_cmake_export_libraries-extras.cmake
[22.737s] -- Installing: /home/shai/ros2_ttt_robot/install/ttt_msgs/share/ttt_msgs/cmake/ament_cmake_export_targets-extras.cmake
[22.738s] -- Installing: /home/shai/ros2_ttt_robot/install/ttt_msgs/share/ttt_msgs/cmake/rosidl_cmake_export_typesupport_targets-extras.cmake
[22.738s] -- Installing: /home/shai/ros2_ttt_robot/install/ttt_msgs/share/ttt_msgs/cmake/rosidl_cmake_export_typesupport_libraries-extras.cmake
[22.738s] -- Installing: /home/shai/ros2_ttt_robot/install/ttt_msgs/share/ttt_msgs/cmake/ttt_msgsConfig.cmake
[22.738s] -- Installing: /home/shai/ros2_ttt_robot/install/ttt_msgs/share/ttt_msgs/cmake/ttt_msgsConfig-version.cmake
[22.738s] -- Installing: /home/shai/ros2_ttt_robot/install/ttt_msgs/share/ttt_msgs/package.xml
[22.742s] Invoked command in '/home/shai/ros2_ttt_robot/build/ttt_msgs' returned '0': CMAKE_PREFIX_PATH=${CMAKE_PREFIX_PATH}:/home/shai/ros2_ws/install/stepper_driver:/home/shai/ros2_ws/install/poti_serial:/home/shai/ros2_ws/install/poti_mapper:/opt/ros/jazzy /usr/bin/cmake --install /home/shai/ros2_ttt_robot/build/ttt_msgs
