[0.249s] DEBUG:colcon:Command line arguments: ['/usr/bin/colcon', 'build']
[0.250s] DEBUG:colcon:Parsed command line arguments: Namespace(log_base=None, log_level=None, verb_name='build', build_base='build', install_base='install', merge_install=False, symlink_install=False, test_result_base=None, continue_on_error=False, executor='parallel', parallel_workers=4, event_handlers=None, ignore_user_meta=False, metas=['./colcon.meta'], base_paths=['.'], packages_ignore=None, packages_ignore_regex=None, paths=None, packages_up_to=None, packages_up_to_regex=None, packages_above=None, packages_above_and_dependencies=None, packages_above_depth=None, packages_select_by_dep=None, packages_skip_by_dep=None, packages_skip_up_to=None, packages_select_build_failed=False, packages_skip_build_finished=False, packages_select_test_failures=False, packages_skip_test_passed=False, packages_select=None, packages_skip=None, packages_select_regex=None, packages_skip_regex=None, packages_start=None, packages_end=None, allow_overriding=[], cmake_args=None, cmake_target=None, cmake_target_skip_unavailable=False, cmake_clean_cache=False, cmake_clean_first=False, cmake_force_configure=False, ament_cmake_args=None, catkin_cmake_args=None, catkin_skip_building_tests=False, verb_parser=<colcon_defaults.argument_parser.defaults.DefaultArgumentsDecorator object at 0xffff86b10170>, verb_extension=<colcon_core.verb.build.BuildVerb object at 0xffff86cb0da0>, main=<bound method BuildVerb.main of <colcon_core.verb.build.BuildVerb object at 0xffff86cb0da0>>)
[0.376s] Level 1:colcon.colcon_core.package_discovery:discover_packages(colcon_meta) check parameters
[0.376s] Level 1:colcon.colcon_core.package_discovery:discover_packages(recursive) check parameters
[0.376s] Level 1:colcon.colcon_core.package_discovery:discover_packages(ignore) check parameters
[0.376s] Level 1:colcon.colcon_core.package_discovery:discover_packages(path) check parameters
[0.376s] Level 1:colcon.colcon_core.package_discovery:discover_packages(colcon_meta) discover
[0.376s] Level 1:colcon.colcon_core.package_discovery:discover_packages(recursive) discover
[0.376s] INFO:colcon.colcon_core.package_discovery:Crawling recursively for packages in '/home/shai/ros2_ttt_robot'
[0.377s] Level 1:colcon.colcon_core.package_identification:_identify(.) by extensions ['ignore', 'ignore_ament_install']
[0.377s] Level 1:colcon.colcon_core.package_identification:_identify(.) by extension 'ignore'
[0.377s] Level 1:colcon.colcon_core.package_identification:_identify(.) by extension 'ignore_ament_install'
[0.377s] Level 1:colcon.colcon_core.package_identification:_identify(.) by extensions ['colcon_pkg']
[0.377s] Level 1:colcon.colcon_core.package_identification:_identify(.) by extension 'colcon_pkg'
[0.377s] Level 1:colcon.colcon_core.package_identification:_identify(.) by extensions ['colcon_meta']
[0.377s] Level 1:colcon.colcon_core.package_identification:_identify(.) by extension 'colcon_meta'
[0.377s] Level 1:colcon.colcon_core.package_identification:_identify(.) by extensions ['ros']
[0.377s] Level 1:colcon.colcon_core.package_identification:_identify(.) by extension 'ros'
[0.417s] Level 1:colcon.colcon_core.package_identification:_identify(.) by extensions ['cmake', 'python']
[0.417s] Level 1:colcon.colcon_core.package_identification:_identify(.) by extension 'cmake'
[0.417s] Level 1:colcon.colcon_core.package_identification:_identify(.) by extension 'python'
[0.417s] Level 1:colcon.colcon_core.package_identification:_identify(.) by extensions ['python_setup_py']
[0.417s] Level 1:colcon.colcon_core.package_identification:_identify(.) by extension 'python_setup_py'
[0.417s] Level 1:colcon.colcon_core.package_identification:_identify(build) by extensions ['ignore', 'ignore_ament_install']
[0.417s] Level 1:colcon.colcon_core.package_identification:_identify(build) by extension 'ignore'
[0.418s] Level 1:colcon.colcon_core.package_identification:_identify(build) ignored
[0.418s] Level 1:colcon.colcon_core.package_identification:_identify(install) by extensions ['ignore', 'ignore_ament_install']
[0.418s] Level 1:colcon.colcon_core.package_identification:_identify(install) by extension 'ignore'
[0.418s] Level 1:colcon.colcon_core.package_identification:_identify(install) ignored
[0.418s] Level 1:colcon.colcon_core.package_identification:_identify(log) by extensions ['ignore', 'ignore_ament_install']
[0.418s] Level 1:colcon.colcon_core.package_identification:_identify(log) by extension 'ignore'
[0.418s] Level 1:colcon.colcon_core.package_identification:_identify(log) ignored
[0.418s] Level 1:colcon.colcon_core.package_identification:_identify(src) by extensions ['ignore', 'ignore_ament_install']
[0.418s] Level 1:colcon.colcon_core.package_identification:_identify(src) by extension 'ignore'
[0.418s] Level 1:colcon.colcon_core.package_identification:_identify(src) by extension 'ignore_ament_install'
[0.418s] Level 1:colcon.colcon_core.package_identification:_identify(src) by extensions ['colcon_pkg']
[0.418s] Level 1:colcon.colcon_core.package_identification:_identify(src) by extension 'colcon_pkg'
[0.418s] Level 1:colcon.colcon_core.package_identification:_identify(src) by extensions ['colcon_meta']
[0.419s] Level 1:colcon.colcon_core.package_identification:_identify(src) by extension 'colcon_meta'
[0.419s] Level 1:colcon.colcon_core.package_identification:_identify(src) by extensions ['ros']
[0.419s] Level 1:colcon.colcon_core.package_identification:_identify(src) by extension 'ros'
[0.419s] Level 1:colcon.colcon_core.package_identification:_identify(src) by extensions ['cmake', 'python']
[0.419s] Level 1:colcon.colcon_core.package_identification:_identify(src) by extension 'cmake'
[0.419s] Level 1:colcon.colcon_core.package_identification:_identify(src) by extension 'python'
[0.419s] Level 1:colcon.colcon_core.package_identification:_identify(src) by extensions ['python_setup_py']
[0.419s] Level 1:colcon.colcon_core.package_identification:_identify(src) by extension 'python_setup_py'
[0.419s] Level 1:colcon.colcon_core.package_identification:_identify(src/ttt_game) by extensions ['ignore', 'ignore_ament_install']
[0.419s] Level 1:colcon.colcon_core.package_identification:_identify(src/ttt_game) by extension 'ignore'
[0.419s] Level 1:colcon.colcon_core.package_identification:_identify(src/ttt_game) by extension 'ignore_ament_install'
[0.419s] Level 1:colcon.colcon_core.package_identification:_identify(src/ttt_game) by extensions ['colcon_pkg']
[0.419s] Level 1:colcon.colcon_core.package_identification:_identify(src/ttt_game) by extension 'colcon_pkg'
[0.419s] Level 1:colcon.colcon_core.package_identification:_identify(src/ttt_game) by extensions ['colcon_meta']
[0.419s] Level 1:colcon.colcon_core.package_identification:_identify(src/ttt_game) by extension 'colcon_meta'
[0.419s] Level 1:colcon.colcon_core.package_identification:_identify(src/ttt_game) by extensions ['ros']
[0.419s] Level 1:colcon.colcon_core.package_identification:_identify(src/ttt_game) by extension 'ros'
[0.426s] DEBUG:colcon.colcon_core.package_identification:Package 'src/ttt_game' with type 'ros.ament_cmake' and name 'ttt_game'
[0.427s] Level 1:colcon.colcon_core.package_identification:_identify(src/ttt_hardware) by extensions ['ignore', 'ignore_ament_install']
[0.427s] Level 1:colcon.colcon_core.package_identification:_identify(src/ttt_hardware) by extension 'ignore'
[0.427s] Level 1:colcon.colcon_core.package_identification:_identify(src/ttt_hardware) by extension 'ignore_ament_install'
[0.427s] Level 1:colcon.colcon_core.package_identification:_identify(src/ttt_hardware) by extensions ['colcon_pkg']
[0.427s] Level 1:colcon.colcon_core.package_identification:_identify(src/ttt_hardware) by extension 'colcon_pkg'
[0.427s] Level 1:colcon.colcon_core.package_identification:_identify(src/ttt_hardware) by extensions ['colcon_meta']
[0.427s] Level 1:colcon.colcon_core.package_identification:_identify(src/ttt_hardware) by extension 'colcon_meta'
[0.427s] Level 1:colcon.colcon_core.package_identification:_identify(src/ttt_hardware) by extensions ['ros']
[0.427s] Level 1:colcon.colcon_core.package_identification:_identify(src/ttt_hardware) by extension 'ros'
[0.428s] DEBUG:colcon.colcon_core.package_identification:Package 'src/ttt_hardware' with type 'ros.ament_cmake' and name 'ttt_hardware'
[0.428s] Level 1:colcon.colcon_core.package_identification:_identify(src/ttt_motion) by extensions ['ignore', 'ignore_ament_install']
[0.428s] Level 1:colcon.colcon_core.package_identification:_identify(src/ttt_motion) by extension 'ignore'
[0.428s] Level 1:colcon.colcon_core.package_identification:_identify(src/ttt_motion) by extension 'ignore_ament_install'
[0.428s] Level 1:colcon.colcon_core.package_identification:_identify(src/ttt_motion) by extensions ['colcon_pkg']
[0.428s] Level 1:colcon.colcon_core.package_identification:_identify(src/ttt_motion) by extension 'colcon_pkg'
[0.428s] Level 1:colcon.colcon_core.package_identification:_identify(src/ttt_motion) by extensions ['colcon_meta']
[0.428s] Level 1:colcon.colcon_core.package_identification:_identify(src/ttt_motion) by extension 'colcon_meta'
[0.428s] Level 1:colcon.colcon_core.package_identification:_identify(src/ttt_motion) by extensions ['ros']
[0.428s] Level 1:colcon.colcon_core.package_identification:_identify(src/ttt_motion) by extension 'ros'
[0.429s] DEBUG:colcon.colcon_core.package_identification:Package 'src/ttt_motion' with type 'ros.ament_cmake' and name 'ttt_motion'
[0.429s] Level 1:colcon.colcon_core.package_identification:_identify(src/ttt_msgs) by extensions ['ignore', 'ignore_ament_install']
[0.429s] Level 1:colcon.colcon_core.package_identification:_identify(src/ttt_msgs) by extension 'ignore'
[0.429s] Level 1:colcon.colcon_core.package_identification:_identify(src/ttt_msgs) by extension 'ignore_ament_install'
[0.429s] Level 1:colcon.colcon_core.package_identification:_identify(src/ttt_msgs) by extensions ['colcon_pkg']
[0.429s] Level 1:colcon.colcon_core.package_identification:_identify(src/ttt_msgs) by extension 'colcon_pkg'
[0.429s] Level 1:colcon.colcon_core.package_identification:_identify(src/ttt_msgs) by extensions ['colcon_meta']
[0.429s] Level 1:colcon.colcon_core.package_identification:_identify(src/ttt_msgs) by extension 'colcon_meta'
[0.429s] Level 1:colcon.colcon_core.package_identification:_identify(src/ttt_msgs) by extensions ['ros']
[0.429s] Level 1:colcon.colcon_core.package_identification:_identify(src/ttt_msgs) by extension 'ros'
[0.430s] DEBUG:colcon.colcon_core.package_identification:Package 'src/ttt_msgs' with type 'ros.ament_cmake' and name 'ttt_msgs'
[0.430s] Level 1:colcon.colcon_core.package_discovery:discover_packages(recursive) using defaults
[0.430s] Level 1:colcon.colcon_core.package_discovery:discover_packages(ignore) discover
[0.430s] Level 1:colcon.colcon_core.package_discovery:discover_packages(ignore) using defaults
[0.430s] Level 1:colcon.colcon_core.package_discovery:discover_packages(path) discover
[0.430s] Level 1:colcon.colcon_core.package_discovery:discover_packages(path) using defaults
[0.485s] Level 1:colcon.colcon_core.package_discovery:discover_packages(prefix_path) check parameters
[0.485s] Level 1:colcon.colcon_core.package_discovery:discover_packages(prefix_path) discover
[0.493s] DEBUG:colcon.colcon_installed_package_information.package_discovery:Found 3 installed packages in /home/shai/ros2_ws/install
[0.495s] DEBUG:colcon.colcon_installed_package_information.package_discovery:Found 285 installed packages in /opt/ros/jazzy
[0.496s] Level 1:colcon.colcon_core.package_discovery:discover_packages(prefix_path) using defaults
[0.562s] Level 5:colcon.colcon_core.verb:set package 'ttt_game' build argument 'cmake_args' from command line to 'None'
[0.562s] Level 5:colcon.colcon_core.verb:set package 'ttt_game' build argument 'cmake_target' from command line to 'None'
[0.562s] Level 5:colcon.colcon_core.verb:set package 'ttt_game' build argument 'cmake_target_skip_unavailable' from command line to 'False'
[0.562s] Level 5:colcon.colcon_core.verb:set package 'ttt_game' build argument 'cmake_clean_cache' from command line to 'False'
[0.562s] Level 5:colcon.colcon_core.verb:set package 'ttt_game' build argument 'cmake_clean_first' from command line to 'False'
[0.562s] Level 5:colcon.colcon_core.verb:set package 'ttt_game' build argument 'cmake_force_configure' from command line to 'False'
[0.562s] Level 5:colcon.colcon_core.verb:set package 'ttt_game' build argument 'ament_cmake_args' from command line to 'None'
[0.562s] Level 5:colcon.colcon_core.verb:set package 'ttt_game' build argument 'catkin_cmake_args' from command line to 'None'
[0.562s] Level 5:colcon.colcon_core.verb:set package 'ttt_game' build argument 'catkin_skip_building_tests' from command line to 'False'
[0.562s] DEBUG:colcon.colcon_core.verb:Building package 'ttt_game' with the following arguments: {'ament_cmake_args': None, 'build_base': '/home/shai/ros2_ttt_robot/build/ttt_game', 'catkin_cmake_args': None, 'catkin_skip_building_tests': False, 'cmake_args': None, 'cmake_clean_cache': False, 'cmake_clean_first': False, 'cmake_force_configure': False, 'cmake_target': None, 'cmake_target_skip_unavailable': False, 'install_base': '/home/shai/ros2_ttt_robot/install/ttt_game', 'merge_install': False, 'path': '/home/shai/ros2_ttt_robot/src/ttt_game', 'symlink_install': False, 'test_result_base': None}
[0.563s] Level 5:colcon.colcon_core.verb:set package 'ttt_hardware' build argument 'cmake_args' from command line to 'None'
[0.563s] Level 5:colcon.colcon_core.verb:set package 'ttt_hardware' build argument 'cmake_target' from command line to 'None'
[0.563s] Level 5:colcon.colcon_core.verb:set package 'ttt_hardware' build argument 'cmake_target_skip_unavailable' from command line to 'False'
[0.563s] Level 5:colcon.colcon_core.verb:set package 'ttt_hardware' build argument 'cmake_clean_cache' from command line to 'False'
[0.563s] Level 5:colcon.colcon_core.verb:set package 'ttt_hardware' build argument 'cmake_clean_first' from command line to 'False'
[0.563s] Level 5:colcon.colcon_core.verb:set package 'ttt_hardware' build argument 'cmake_force_configure' from command line to 'False'
[0.563s] Level 5:colcon.colcon_core.verb:set package 'ttt_hardware' build argument 'ament_cmake_args' from command line to 'None'
[0.563s] Level 5:colcon.colcon_core.verb:set package 'ttt_hardware' build argument 'catkin_cmake_args' from command line to 'None'
[0.563s] Level 5:colcon.colcon_core.verb:set package 'ttt_hardware' build argument 'catkin_skip_building_tests' from command line to 'False'
[0.563s] DEBUG:colcon.colcon_core.verb:Building package 'ttt_hardware' with the following arguments: {'ament_cmake_args': None, 'build_base': '/home/shai/ros2_ttt_robot/build/ttt_hardware', 'catkin_cmake_args': None, 'catkin_skip_building_tests': False, 'cmake_args': None, 'cmake_clean_cache': False, 'cmake_clean_first': False, 'cmake_force_configure': False, 'cmake_target': None, 'cmake_target_skip_unavailable': False, 'install_base': '/home/shai/ros2_ttt_robot/install/ttt_hardware', 'merge_install': False, 'path': '/home/shai/ros2_ttt_robot/src/ttt_hardware', 'symlink_install': False, 'test_result_base': None}
[0.563s] Level 5:colcon.colcon_core.verb:set package 'ttt_motion' build argument 'cmake_args' from command line to 'None'
[0.563s] Level 5:colcon.colcon_core.verb:set package 'ttt_motion' build argument 'cmake_target' from command line to 'None'
[0.563s] Level 5:colcon.colcon_core.verb:set package 'ttt_motion' build argument 'cmake_target_skip_unavailable' from command line to 'False'
[0.563s] Level 5:colcon.colcon_core.verb:set package 'ttt_motion' build argument 'cmake_clean_cache' from command line to 'False'
[0.563s] Level 5:colcon.colcon_core.verb:set package 'ttt_motion' build argument 'cmake_clean_first' from command line to 'False'
[0.563s] Level 5:colcon.colcon_core.verb:set package 'ttt_motion' build argument 'cmake_force_configure' from command line to 'False'
[0.563s] Level 5:colcon.colcon_core.verb:set package 'ttt_motion' build argument 'ament_cmake_args' from command line to 'None'
[0.564s] Level 5:colcon.colcon_core.verb:set package 'ttt_motion' build argument 'catkin_cmake_args' from command line to 'None'
[0.564s] Level 5:colcon.colcon_core.verb:set package 'ttt_motion' build argument 'catkin_skip_building_tests' from command line to 'False'
[0.564s] DEBUG:colcon.colcon_core.verb:Building package 'ttt_motion' with the following arguments: {'ament_cmake_args': None, 'build_base': '/home/shai/ros2_ttt_robot/build/ttt_motion', 'catkin_cmake_args': None, 'catkin_skip_building_tests': False, 'cmake_args': None, 'cmake_clean_cache': False, 'cmake_clean_first': False, 'cmake_force_configure': False, 'cmake_target': None, 'cmake_target_skip_unavailable': False, 'install_base': '/home/shai/ros2_ttt_robot/install/ttt_motion', 'merge_install': False, 'path': '/home/shai/ros2_ttt_robot/src/ttt_motion', 'symlink_install': False, 'test_result_base': None}
[0.564s] Level 5:colcon.colcon_core.verb:set package 'ttt_msgs' build argument 'cmake_args' from command line to 'None'
[0.564s] Level 5:colcon.colcon_core.verb:set package 'ttt_msgs' build argument 'cmake_target' from command line to 'None'
[0.564s] Level 5:colcon.colcon_core.verb:set package 'ttt_msgs' build argument 'cmake_target_skip_unavailable' from command line to 'False'
[0.564s] Level 5:colcon.colcon_core.verb:set package 'ttt_msgs' build argument 'cmake_clean_cache' from command line to 'False'
[0.564s] Level 5:colcon.colcon_core.verb:set package 'ttt_msgs' build argument 'cmake_clean_first' from command line to 'False'
[0.564s] Level 5:colcon.colcon_core.verb:set package 'ttt_msgs' build argument 'cmake_force_configure' from command line to 'False'
[0.564s] Level 5:colcon.colcon_core.verb:set package 'ttt_msgs' build argument 'ament_cmake_args' from command line to 'None'
[0.564s] Level 5:colcon.colcon_core.verb:set package 'ttt_msgs' build argument 'catkin_cmake_args' from command line to 'None'
[0.564s] Level 5:colcon.colcon_core.verb:set package 'ttt_msgs' build argument 'catkin_skip_building_tests' from command line to 'False'
[0.564s] DEBUG:colcon.colcon_core.verb:Building package 'ttt_msgs' with the following arguments: {'ament_cmake_args': None, 'build_base': '/home/shai/ros2_ttt_robot/build/ttt_msgs', 'catkin_cmake_args': None, 'catkin_skip_building_tests': False, 'cmake_args': None, 'cmake_clean_cache': False, 'cmake_clean_first': False, 'cmake_force_configure': False, 'cmake_target': None, 'cmake_target_skip_unavailable': False, 'install_base': '/home/shai/ros2_ttt_robot/install/ttt_msgs', 'merge_install': False, 'path': '/home/shai/ros2_ttt_robot/src/ttt_msgs', 'symlink_install': False, 'test_result_base': None}
[0.564s] INFO:colcon.colcon_core.executor:Executing jobs using 'parallel' executor
[0.565s] DEBUG:colcon.colcon_parallel_executor.executor.parallel:run_until_complete
[0.566s] INFO:colcon.colcon_ros.task.ament_cmake.build:Building ROS package in '/home/shai/ros2_ttt_robot/src/ttt_game' with build type 'ament_cmake'
[0.566s] INFO:colcon.colcon_cmake.task.cmake.build:Building CMake package in '/home/shai/ros2_ttt_robot/src/ttt_game'
[0.573s] INFO:colcon.colcon_core.plugin_system:Skipping extension 'colcon_core.shell.bat': Not used on non-Windows systems
[0.573s] INFO:colcon.colcon_core.shell:Skip shell extension 'powershell' for command environment: Not usable outside of PowerShell
[0.573s] DEBUG:colcon.colcon_core.shell:Skip shell extension 'dsv' for command environment
[0.578s] INFO:colcon.colcon_ros.task.ament_cmake.build:Building ROS package in '/home/shai/ros2_ttt_robot/src/ttt_hardware' with build type 'ament_cmake'
[0.578s] INFO:colcon.colcon_cmake.task.cmake.build:Building CMake package in '/home/shai/ros2_ttt_robot/src/ttt_hardware'
[0.579s] INFO:colcon.colcon_core.shell:Skip shell extension 'powershell' for command environment: Not usable outside of PowerShell
[0.579s] DEBUG:colcon.colcon_core.shell:Skip shell extension 'dsv' for command environment
[0.584s] INFO:colcon.colcon_ros.task.ament_cmake.build:Building ROS package in '/home/shai/ros2_ttt_robot/src/ttt_motion' with build type 'ament_cmake'
[0.584s] INFO:colcon.colcon_cmake.task.cmake.build:Building CMake package in '/home/shai/ros2_ttt_robot/src/ttt_motion'
[0.584s] INFO:colcon.colcon_core.shell:Skip shell extension 'powershell' for command environment: Not usable outside of PowerShell
[0.584s] DEBUG:colcon.colcon_core.shell:Skip shell extension 'dsv' for command environment
[0.589s] INFO:colcon.colcon_ros.task.ament_cmake.build:Building ROS package in '/home/shai/ros2_ttt_robot/src/ttt_msgs' with build type 'ament_cmake'
[0.589s] INFO:colcon.colcon_cmake.task.cmake.build:Building CMake package in '/home/shai/ros2_ttt_robot/src/ttt_msgs'
[0.590s] INFO:colcon.colcon_core.shell:Skip shell extension 'powershell' for command environment: Not usable outside of PowerShell
[0.590s] DEBUG:colcon.colcon_core.shell:Skip shell extension 'dsv' for command environment
[0.599s] DEBUG:colcon.colcon_core.event_handler.log_command:Invoking command in '/home/shai/ros2_ttt_robot/build/ttt_game': CMAKE_PREFIX_PATH=${CMAKE_PREFIX_PATH}:/home/shai/ros2_ws/install/stepper_driver:/home/shai/ros2_ws/install/poti_serial:/home/shai/ros2_ws/install/poti_mapper:/opt/ros/jazzy /usr/bin/cmake /home/shai/ros2_ttt_robot/src/ttt_game -DCMAKE_INSTALL_PREFIX=/home/shai/ros2_ttt_robot/install/ttt_game
[0.606s] DEBUG:colcon.colcon_core.event_handler.log_command:Invoking command in '/home/shai/ros2_ttt_robot/build/ttt_hardware': CMAKE_PREFIX_PATH=${CMAKE_PREFIX_PATH}:/home/shai/ros2_ws/install/stepper_driver:/home/shai/ros2_ws/install/poti_serial:/home/shai/ros2_ws/install/poti_mapper:/opt/ros/jazzy /usr/bin/cmake /home/shai/ros2_ttt_robot/src/ttt_hardware -DCMAKE_INSTALL_PREFIX=/home/shai/ros2_ttt_robot/install/ttt_hardware
[0.608s] DEBUG:colcon.colcon_core.event_handler.log_command:Invoking command in '/home/shai/ros2_ttt_robot/build/ttt_motion': CMAKE_PREFIX_PATH=${CMAKE_PREFIX_PATH}:/home/shai/ros2_ws/install/stepper_driver:/home/shai/ros2_ws/install/poti_serial:/home/shai/ros2_ws/install/poti_mapper:/opt/ros/jazzy /usr/bin/cmake /home/shai/ros2_ttt_robot/src/ttt_motion -DCMAKE_INSTALL_PREFIX=/home/shai/ros2_ttt_robot/install/ttt_motion
[0.615s] DEBUG:colcon.colcon_core.event_handler.log_command:Invoking command in '/home/shai/ros2_ttt_robot/build/ttt_msgs': CMAKE_PREFIX_PATH=${CMAKE_PREFIX_PATH}:/home/shai/ros2_ws/install/stepper_driver:/home/shai/ros2_ws/install/poti_serial:/home/shai/ros2_ws/install/poti_mapper:/opt/ros/jazzy /usr/bin/cmake /home/shai/ros2_ttt_robot/src/ttt_msgs -DCMAKE_INSTALL_PREFIX=/home/shai/ros2_ttt_robot/install/ttt_msgs
[3.668s] DEBUG:colcon.colcon_core.event_handler.log_command:Invoked command in '/home/shai/ros2_ttt_robot/build/ttt_game' returned '0': CMAKE_PREFIX_PATH=${CMAKE_PREFIX_PATH}:/home/shai/ros2_ws/install/stepper_driver:/home/shai/ros2_ws/install/poti_serial:/home/shai/ros2_ws/install/poti_mapper:/opt/ros/jazzy /usr/bin/cmake /home/shai/ros2_ttt_robot/src/ttt_game -DCMAKE_INSTALL_PREFIX=/home/shai/ros2_ttt_robot/install/ttt_game
[3.671s] DEBUG:colcon.colcon_core.event_handler.log_command:Invoking command in '/home/shai/ros2_ttt_robot/build/ttt_game': CMAKE_PREFIX_PATH=${CMAKE_PREFIX_PATH}:/home/shai/ros2_ws/install/stepper_driver:/home/shai/ros2_ws/install/poti_serial:/home/shai/ros2_ws/install/poti_mapper:/opt/ros/jazzy /usr/bin/cmake --build /home/shai/ros2_ttt_robot/build/ttt_game -- -j4 -l4
[3.675s] DEBUG:colcon.colcon_core.event_handler.log_command:Invoked command in '/home/shai/ros2_ttt_robot/build/ttt_motion' returned '0': CMAKE_PREFIX_PATH=${CMAKE_PREFIX_PATH}:/home/shai/ros2_ws/install/stepper_driver:/home/shai/ros2_ws/install/poti_serial:/home/shai/ros2_ws/install/poti_mapper:/opt/ros/jazzy /usr/bin/cmake /home/shai/ros2_ttt_robot/src/ttt_motion -DCMAKE_INSTALL_PREFIX=/home/shai/ros2_ttt_robot/install/ttt_motion
[3.676s] DEBUG:colcon.colcon_core.event_handler.log_command:Invoking command in '/home/shai/ros2_ttt_robot/build/ttt_motion': CMAKE_PREFIX_PATH=${CMAKE_PREFIX_PATH}:/home/shai/ros2_ws/install/stepper_driver:/home/shai/ros2_ws/install/poti_serial:/home/shai/ros2_ws/install/poti_mapper:/opt/ros/jazzy /usr/bin/cmake --build /home/shai/ros2_ttt_robot/build/ttt_motion -- -j4 -l4
[3.679s] DEBUG:colcon.colcon_core.event_handler.log_command:Invoked command in '/home/shai/ros2_ttt_robot/build/ttt_hardware' returned '0': CMAKE_PREFIX_PATH=${CMAKE_PREFIX_PATH}:/home/shai/ros2_ws/install/stepper_driver:/home/shai/ros2_ws/install/poti_serial:/home/shai/ros2_ws/install/poti_mapper:/opt/ros/jazzy /usr/bin/cmake /home/shai/ros2_ttt_robot/src/ttt_hardware -DCMAKE_INSTALL_PREFIX=/home/shai/ros2_ttt_robot/install/ttt_hardware
[3.682s] DEBUG:colcon.colcon_core.event_handler.log_command:Invoking command in '/home/shai/ros2_ttt_robot/build/ttt_hardware': CMAKE_PREFIX_PATH=${CMAKE_PREFIX_PATH}:/home/shai/ros2_ws/install/stepper_driver:/home/shai/ros2_ws/install/poti_serial:/home/shai/ros2_ws/install/poti_mapper:/opt/ros/jazzy /usr/bin/cmake --build /home/shai/ros2_ttt_robot/build/ttt_hardware -- -j4 -l4
[3.752s] DEBUG:colcon.colcon_core.event_handler.log_command:Invoked command in '/home/shai/ros2_ttt_robot/build/ttt_game' returned '0': CMAKE_PREFIX_PATH=${CMAKE_PREFIX_PATH}:/home/shai/ros2_ws/install/stepper_driver:/home/shai/ros2_ws/install/poti_serial:/home/shai/ros2_ws/install/poti_mapper:/opt/ros/jazzy /usr/bin/cmake --build /home/shai/ros2_ttt_robot/build/ttt_game -- -j4 -l4
[3.773s] DEBUG:colcon.colcon_core.event_handler.log_command:Invoking command in '/home/shai/ros2_ttt_robot/build/ttt_game': CMAKE_PREFIX_PATH=${CMAKE_PREFIX_PATH}:/home/shai/ros2_ws/install/stepper_driver:/home/shai/ros2_ws/install/poti_serial:/home/shai/ros2_ws/install/poti_mapper:/opt/ros/jazzy /usr/bin/cmake --install /home/shai/ros2_ttt_robot/build/ttt_game
[3.775s] DEBUG:colcon.colcon_core.event_handler.log_command:Invoked command in '/home/shai/ros2_ttt_robot/build/ttt_motion' returned '0': CMAKE_PREFIX_PATH=${CMAKE_PREFIX_PATH}:/home/shai/ros2_ws/install/stepper_driver:/home/shai/ros2_ws/install/poti_serial:/home/shai/ros2_ws/install/poti_mapper:/opt/ros/jazzy /usr/bin/cmake --build /home/shai/ros2_ttt_robot/build/ttt_motion -- -j4 -l4
[3.777s] DEBUG:colcon.colcon_core.event_handler.log_command:Invoking command in '/home/shai/ros2_ttt_robot/build/ttt_motion': CMAKE_PREFIX_PATH=${CMAKE_PREFIX_PATH}:/home/shai/ros2_ws/install/stepper_driver:/home/shai/ros2_ws/install/poti_serial:/home/shai/ros2_ws/install/poti_mapper:/opt/ros/jazzy /usr/bin/cmake --install /home/shai/ros2_ttt_robot/build/ttt_motion
[3.780s] DEBUG:colcon.colcon_core.event_handler.log_command:Invoked command in '/home/shai/ros2_ttt_robot/build/ttt_hardware' returned '0': CMAKE_PREFIX_PATH=${CMAKE_PREFIX_PATH}:/home/shai/ros2_ws/install/stepper_driver:/home/shai/ros2_ws/install/poti_serial:/home/shai/ros2_ws/install/poti_mapper:/opt/ros/jazzy /usr/bin/cmake --build /home/shai/ros2_ttt_robot/build/ttt_hardware -- -j4 -l4
[3.781s] DEBUG:colcon.colcon_core.event_handler.log_command:Invoking command in '/home/shai/ros2_ttt_robot/build/ttt_hardware': CMAKE_PREFIX_PATH=${CMAKE_PREFIX_PATH}:/home/shai/ros2_ws/install/stepper_driver:/home/shai/ros2_ws/install/poti_serial:/home/shai/ros2_ws/install/poti_mapper:/opt/ros/jazzy /usr/bin/cmake --install /home/shai/ros2_ttt_robot/build/ttt_hardware
[3.801s] Level 1:colcon.colcon_core.environment:create_environment_scripts_only(ttt_game)
[3.804s] DEBUG:colcon.colcon_core.event_handler.log_command:Invoked command in '/home/shai/ros2_ttt_robot/build/ttt_game' returned '0': CMAKE_PREFIX_PATH=${CMAKE_PREFIX_PATH}:/home/shai/ros2_ws/install/stepper_driver:/home/shai/ros2_ws/install/poti_serial:/home/shai/ros2_ws/install/poti_mapper:/opt/ros/jazzy /usr/bin/cmake --install /home/shai/ros2_ttt_robot/build/ttt_game
[3.822s] Level 1:colcon.colcon_core.environment:checking '/home/shai/ros2_ttt_robot/install/ttt_game' for CMake module files
[3.826s] Level 1:colcon.colcon_core.environment:checking '/home/shai/ros2_ttt_robot/install/ttt_game' for CMake config files
[3.826s] Level 1:colcon.colcon_core.shell:create_environment_hook('ttt_game', 'cmake_prefix_path')
[3.827s] INFO:colcon.colcon_core.shell:Creating environment hook '/home/shai/ros2_ttt_robot/install/ttt_game/share/ttt_game/hook/cmake_prefix_path.ps1'
[3.829s] INFO:colcon.colcon_core.shell:Creating environment descriptor '/home/shai/ros2_ttt_robot/install/ttt_game/share/ttt_game/hook/cmake_prefix_path.dsv'
[3.830s] INFO:colcon.colcon_core.shell:Creating environment hook '/home/shai/ros2_ttt_robot/install/ttt_game/share/ttt_game/hook/cmake_prefix_path.sh'
[3.832s] Level 1:colcon.colcon_core.environment:checking '/home/shai/ros2_ttt_robot/install/ttt_game/bin'
[3.833s] Level 1:colcon.colcon_core.environment:checking '/home/shai/ros2_ttt_robot/install/ttt_game/lib/pkgconfig/ttt_game.pc'
[3.833s] Level 1:colcon.colcon_core.environment:checking '/home/shai/ros2_ttt_robot/install/ttt_game/lib/python3.12/site-packages'
[3.833s] Level 1:colcon.colcon_core.environment:checking '/home/shai/ros2_ttt_robot/install/ttt_game/bin'
[3.834s] INFO:colcon.colcon_core.shell:Creating package script '/home/shai/ros2_ttt_robot/install/ttt_game/share/ttt_game/package.ps1'
[3.835s] INFO:colcon.colcon_core.shell:Creating package descriptor '/home/shai/ros2_ttt_robot/install/ttt_game/share/ttt_game/package.dsv'
[3.837s] INFO:colcon.colcon_core.shell:Creating package script '/home/shai/ros2_ttt_robot/install/ttt_game/share/ttt_game/package.sh'
[3.839s] INFO:colcon.colcon_core.shell:Creating package script '/home/shai/ros2_ttt_robot/install/ttt_game/share/ttt_game/package.bash'
[3.840s] INFO:colcon.colcon_core.shell:Creating package script '/home/shai/ros2_ttt_robot/install/ttt_game/share/ttt_game/package.zsh'
[3.842s] Level 1:colcon.colcon_core.environment:create_file_with_runtime_dependencies(/home/shai/ros2_ttt_robot/install/ttt_game/share/colcon-core/packages/ttt_game)
[3.843s] Level 1:colcon.colcon_core.environment:create_environment_scripts_only(ttt_game)
[3.843s] Level 1:colcon.colcon_core.environment:checking '/home/shai/ros2_ttt_robot/install/ttt_game' for CMake module files
[3.844s] Level 1:colcon.colcon_core.environment:checking '/home/shai/ros2_ttt_robot/install/ttt_game' for CMake config files
[3.844s] Level 1:colcon.colcon_core.shell:create_environment_hook('ttt_game', 'cmake_prefix_path')
[3.844s] INFO:colcon.colcon_core.shell:Creating environment hook '/home/shai/ros2_ttt_robot/install/ttt_game/share/ttt_game/hook/cmake_prefix_path.ps1'
[3.845s] INFO:colcon.colcon_core.shell:Creating environment descriptor '/home/shai/ros2_ttt_robot/install/ttt_game/share/ttt_game/hook/cmake_prefix_path.dsv'
[3.846s] INFO:colcon.colcon_core.shell:Creating environment hook '/home/shai/ros2_ttt_robot/install/ttt_game/share/ttt_game/hook/cmake_prefix_path.sh'
[3.847s] Level 1:colcon.colcon_core.environment:checking '/home/shai/ros2_ttt_robot/install/ttt_game/bin'
[3.847s] Level 1:colcon.colcon_core.environment:checking '/home/shai/ros2_ttt_robot/install/ttt_game/lib/pkgconfig/ttt_game.pc'
[3.848s] Level 1:colcon.colcon_core.environment:checking '/home/shai/ros2_ttt_robot/install/ttt_game/lib/python3.12/site-packages'
[3.848s] Level 1:colcon.colcon_core.environment:checking '/home/shai/ros2_ttt_robot/install/ttt_game/bin'
[3.849s] INFO:colcon.colcon_core.shell:Creating package script '/home/shai/ros2_ttt_robot/install/ttt_game/share/ttt_game/package.ps1'
[3.850s] INFO:colcon.colcon_core.shell:Creating package descriptor '/home/shai/ros2_ttt_robot/install/ttt_game/share/ttt_game/package.dsv'
[3.851s] INFO:colcon.colcon_core.shell:Creating package script '/home/shai/ros2_ttt_robot/install/ttt_game/share/ttt_game/package.sh'
[3.854s] INFO:colcon.colcon_core.shell:Creating package script '/home/shai/ros2_ttt_robot/install/ttt_game/share/ttt_game/package.bash'
[3.855s] INFO:colcon.colcon_core.shell:Creating package script '/home/shai/ros2_ttt_robot/install/ttt_game/share/ttt_game/package.zsh'
[3.856s] Level 1:colcon.colcon_core.environment:create_file_with_runtime_dependencies(/home/shai/ros2_ttt_robot/install/ttt_game/share/colcon-core/packages/ttt_game)
[3.858s] Level 1:colcon.colcon_core.environment:create_environment_scripts_only(ttt_motion)
[3.859s] Level 1:colcon.colcon_core.environment:checking '/home/shai/ros2_ttt_robot/install/ttt_motion' for CMake module files
[3.859s] DEBUG:colcon.colcon_core.event_handler.log_command:Invoked command in '/home/shai/ros2_ttt_robot/build/ttt_motion' returned '0': CMAKE_PREFIX_PATH=${CMAKE_PREFIX_PATH}:/home/shai/ros2_ws/install/stepper_driver:/home/shai/ros2_ws/install/poti_serial:/home/shai/ros2_ws/install/poti_mapper:/opt/ros/jazzy /usr/bin/cmake --install /home/shai/ros2_ttt_robot/build/ttt_motion
[3.860s] Level 1:colcon.colcon_core.environment:checking '/home/shai/ros2_ttt_robot/install/ttt_motion' for CMake config files
[3.860s] Level 1:colcon.colcon_core.shell:create_environment_hook('ttt_motion', 'cmake_prefix_path')
[3.860s] INFO:colcon.colcon_core.shell:Creating environment hook '/home/shai/ros2_ttt_robot/install/ttt_motion/share/ttt_motion/hook/cmake_prefix_path.ps1'
[3.861s] INFO:colcon.colcon_core.shell:Creating environment descriptor '/home/shai/ros2_ttt_robot/install/ttt_motion/share/ttt_motion/hook/cmake_prefix_path.dsv'
[3.861s] INFO:colcon.colcon_core.shell:Creating environment hook '/home/shai/ros2_ttt_robot/install/ttt_motion/share/ttt_motion/hook/cmake_prefix_path.sh'
[3.862s] Level 1:colcon.colcon_core.environment:checking '/home/shai/ros2_ttt_robot/install/ttt_motion/bin'
[3.862s] Level 1:colcon.colcon_core.environment:checking '/home/shai/ros2_ttt_robot/install/ttt_motion/lib/pkgconfig/ttt_motion.pc'
[3.863s] Level 1:colcon.colcon_core.environment:checking '/home/shai/ros2_ttt_robot/install/ttt_motion/lib/python3.12/site-packages'
[3.863s] Level 1:colcon.colcon_core.environment:checking '/home/shai/ros2_ttt_robot/install/ttt_motion/bin'
[3.863s] INFO:colcon.colcon_core.shell:Creating package script '/home/shai/ros2_ttt_robot/install/ttt_motion/share/ttt_motion/package.ps1'
[3.864s] INFO:colcon.colcon_core.shell:Creating package descriptor '/home/shai/ros2_ttt_robot/install/ttt_motion/share/ttt_motion/package.dsv'
[3.865s] INFO:colcon.colcon_core.shell:Creating package script '/home/shai/ros2_ttt_robot/install/ttt_motion/share/ttt_motion/package.sh'
[3.865s] INFO:colcon.colcon_core.shell:Creating package script '/home/shai/ros2_ttt_robot/install/ttt_motion/share/ttt_motion/package.bash'
[3.866s] INFO:colcon.colcon_core.shell:Creating package script '/home/shai/ros2_ttt_robot/install/ttt_motion/share/ttt_motion/package.zsh'
[3.866s] Level 1:colcon.colcon_core.environment:create_file_with_runtime_dependencies(/home/shai/ros2_ttt_robot/install/ttt_motion/share/colcon-core/packages/ttt_motion)
[3.867s] Level 1:colcon.colcon_core.environment:create_environment_scripts_only(ttt_motion)
[3.867s] Level 1:colcon.colcon_core.environment:checking '/home/shai/ros2_ttt_robot/install/ttt_motion' for CMake module files
[3.867s] Level 1:colcon.colcon_core.environment:checking '/home/shai/ros2_ttt_robot/install/ttt_motion' for CMake config files
[3.868s] Level 1:colcon.colcon_core.shell:create_environment_hook('ttt_motion', 'cmake_prefix_path')
[3.868s] INFO:colcon.colcon_core.shell:Creating environment hook '/home/shai/ros2_ttt_robot/install/ttt_motion/share/ttt_motion/hook/cmake_prefix_path.ps1'
[3.869s] INFO:colcon.colcon_core.shell:Creating environment descriptor '/home/shai/ros2_ttt_robot/install/ttt_motion/share/ttt_motion/hook/cmake_prefix_path.dsv'
[3.870s] INFO:colcon.colcon_core.shell:Creating environment hook '/home/shai/ros2_ttt_robot/install/ttt_motion/share/ttt_motion/hook/cmake_prefix_path.sh'
[3.871s] Level 1:colcon.colcon_core.environment:checking '/home/shai/ros2_ttt_robot/install/ttt_motion/bin'
[3.871s] Level 1:colcon.colcon_core.environment:checking '/home/shai/ros2_ttt_robot/install/ttt_motion/lib/pkgconfig/ttt_motion.pc'
[3.872s] Level 1:colcon.colcon_core.environment:checking '/home/shai/ros2_ttt_robot/install/ttt_motion/lib/python3.12/site-packages'
[3.872s] Level 1:colcon.colcon_core.environment:checking '/home/shai/ros2_ttt_robot/install/ttt_motion/bin'
[3.872s] INFO:colcon.colcon_core.shell:Creating package script '/home/shai/ros2_ttt_robot/install/ttt_motion/share/ttt_motion/package.ps1'
[3.873s] INFO:colcon.colcon_core.shell:Creating package descriptor '/home/shai/ros2_ttt_robot/install/ttt_motion/share/ttt_motion/package.dsv'
[3.874s] INFO:colcon.colcon_core.shell:Creating package script '/home/shai/ros2_ttt_robot/install/ttt_motion/share/ttt_motion/package.sh'
[3.875s] INFO:colcon.colcon_core.shell:Creating package script '/home/shai/ros2_ttt_robot/install/ttt_motion/share/ttt_motion/package.bash'
[3.877s] INFO:colcon.colcon_core.shell:Creating package script '/home/shai/ros2_ttt_robot/install/ttt_motion/share/ttt_motion/package.zsh'
[3.878s] Level 1:colcon.colcon_core.environment:create_file_with_runtime_dependencies(/home/shai/ros2_ttt_robot/install/ttt_motion/share/colcon-core/packages/ttt_motion)
[3.878s] Level 1:colcon.colcon_core.environment:create_environment_scripts_only(ttt_hardware)
[3.879s] Level 1:colcon.colcon_core.environment:checking '/home/shai/ros2_ttt_robot/install/ttt_hardware' for CMake module files
[3.880s] DEBUG:colcon.colcon_core.event_handler.log_command:Invoked command in '/home/shai/ros2_ttt_robot/build/ttt_hardware' returned '0': CMAKE_PREFIX_PATH=${CMAKE_PREFIX_PATH}:/home/shai/ros2_ws/install/stepper_driver:/home/shai/ros2_ws/install/poti_serial:/home/shai/ros2_ws/install/poti_mapper:/opt/ros/jazzy /usr/bin/cmake --install /home/shai/ros2_ttt_robot/build/ttt_hardware
[3.880s] Level 1:colcon.colcon_core.environment:checking '/home/shai/ros2_ttt_robot/install/ttt_hardware' for CMake config files
[3.880s] Level 1:colcon.colcon_core.shell:create_environment_hook('ttt_hardware', 'cmake_prefix_path')
[3.881s] INFO:colcon.colcon_core.shell:Creating environment hook '/home/shai/ros2_ttt_robot/install/ttt_hardware/share/ttt_hardware/hook/cmake_prefix_path.ps1'
[3.881s] INFO:colcon.colcon_core.shell:Creating environment descriptor '/home/shai/ros2_ttt_robot/install/ttt_hardware/share/ttt_hardware/hook/cmake_prefix_path.dsv'
[3.882s] INFO:colcon.colcon_core.shell:Creating environment hook '/home/shai/ros2_ttt_robot/install/ttt_hardware/share/ttt_hardware/hook/cmake_prefix_path.sh'
[3.882s] Level 1:colcon.colcon_core.environment:checking '/home/shai/ros2_ttt_robot/install/ttt_hardware/bin'
[3.883s] Level 1:colcon.colcon_core.environment:checking '/home/shai/ros2_ttt_robot/install/ttt_hardware/lib/pkgconfig/ttt_hardware.pc'
[3.883s] Level 1:colcon.colcon_core.environment:checking '/home/shai/ros2_ttt_robot/install/ttt_hardware/lib/python3.12/site-packages'
[3.883s] Level 1:colcon.colcon_core.environment:checking '/home/shai/ros2_ttt_robot/install/ttt_hardware/bin'
[3.884s] INFO:colcon.colcon_core.shell:Creating package script '/home/shai/ros2_ttt_robot/install/ttt_hardware/share/ttt_hardware/package.ps1'
[3.884s] INFO:colcon.colcon_core.shell:Creating package descriptor '/home/shai/ros2_ttt_robot/install/ttt_hardware/share/ttt_hardware/package.dsv'
[3.885s] INFO:colcon.colcon_core.shell:Creating package script '/home/shai/ros2_ttt_robot/install/ttt_hardware/share/ttt_hardware/package.sh'
[3.885s] INFO:colcon.colcon_core.shell:Creating package script '/home/shai/ros2_ttt_robot/install/ttt_hardware/share/ttt_hardware/package.bash'
[3.886s] INFO:colcon.colcon_core.shell:Creating package script '/home/shai/ros2_ttt_robot/install/ttt_hardware/share/ttt_hardware/package.zsh'
[3.887s] Level 1:colcon.colcon_core.environment:create_file_with_runtime_dependencies(/home/shai/ros2_ttt_robot/install/ttt_hardware/share/colcon-core/packages/ttt_hardware)
[3.887s] Level 1:colcon.colcon_core.environment:create_environment_scripts_only(ttt_hardware)
[3.888s] Level 1:colcon.colcon_core.environment:checking '/home/shai/ros2_ttt_robot/install/ttt_hardware' for CMake module files
[3.888s] Level 1:colcon.colcon_core.environment:checking '/home/shai/ros2_ttt_robot/install/ttt_hardware' for CMake config files
[3.889s] Level 1:colcon.colcon_core.shell:create_environment_hook('ttt_hardware', 'cmake_prefix_path')
[3.889s] INFO:colcon.colcon_core.shell:Creating environment hook '/home/shai/ros2_ttt_robot/install/ttt_hardware/share/ttt_hardware/hook/cmake_prefix_path.ps1'
[3.890s] INFO:colcon.colcon_core.shell:Creating environment descriptor '/home/shai/ros2_ttt_robot/install/ttt_hardware/share/ttt_hardware/hook/cmake_prefix_path.dsv'
[3.891s] INFO:colcon.colcon_core.shell:Creating environment hook '/home/shai/ros2_ttt_robot/install/ttt_hardware/share/ttt_hardware/hook/cmake_prefix_path.sh'
[3.893s] Level 1:colcon.colcon_core.environment:checking '/home/shai/ros2_ttt_robot/install/ttt_hardware/bin'
[3.893s] Level 1:colcon.colcon_core.environment:checking '/home/shai/ros2_ttt_robot/install/ttt_hardware/lib/pkgconfig/ttt_hardware.pc'
[3.893s] Level 1:colcon.colcon_core.environment:checking '/home/shai/ros2_ttt_robot/install/ttt_hardware/lib/python3.12/site-packages'
[3.894s] Level 1:colcon.colcon_core.environment:checking '/home/shai/ros2_ttt_robot/install/ttt_hardware/bin'
[3.894s] INFO:colcon.colcon_core.shell:Creating package script '/home/shai/ros2_ttt_robot/install/ttt_hardware/share/ttt_hardware/package.ps1'
[3.895s] INFO:colcon.colcon_core.shell:Creating package descriptor '/home/shai/ros2_ttt_robot/install/ttt_hardware/share/ttt_hardware/package.dsv'
[3.899s] INFO:colcon.colcon_core.shell:Creating package script '/home/shai/ros2_ttt_robot/install/ttt_hardware/share/ttt_hardware/package.sh'
[3.900s] INFO:colcon.colcon_core.shell:Creating package script '/home/shai/ros2_ttt_robot/install/ttt_hardware/share/ttt_hardware/package.bash'
[3.901s] INFO:colcon.colcon_core.shell:Creating package script '/home/shai/ros2_ttt_robot/install/ttt_hardware/share/ttt_hardware/package.zsh'
[3.902s] Level 1:colcon.colcon_core.environment:create_file_with_runtime_dependencies(/home/shai/ros2_ttt_robot/install/ttt_hardware/share/colcon-core/packages/ttt_hardware)
[4.430s] DEBUG:colcon.colcon_core.event_handler.log_command:Invoked command in '/home/shai/ros2_ttt_robot/build/ttt_msgs' returned '1': CMAKE_PREFIX_PATH=${CMAKE_PREFIX_PATH}:/home/shai/ros2_ws/install/stepper_driver:/home/shai/ros2_ws/install/poti_serial:/home/shai/ros2_ws/install/poti_mapper:/opt/ros/jazzy /usr/bin/cmake /home/shai/ros2_ttt_robot/src/ttt_msgs -DCMAKE_INSTALL_PREFIX=/home/shai/ros2_ttt_robot/install/ttt_msgs
[4.450s] Level 1:colcon.colcon_core.environment:create_environment_scripts_only(ttt_msgs)
[4.451s] Level 1:colcon.colcon_core.environment:checking '/home/shai/ros2_ttt_robot/install/ttt_msgs' for CMake module files
[4.451s] Level 1:colcon.colcon_core.environment:checking '/home/shai/ros2_ttt_robot/install/ttt_msgs' for CMake config files
[4.451s] Level 1:colcon.colcon_core.environment:checking '/home/shai/ros2_ttt_robot/install/ttt_msgs/bin'
[4.452s] Level 1:colcon.colcon_core.environment:checking '/home/shai/ros2_ttt_robot/install/ttt_msgs/lib/pkgconfig/ttt_msgs.pc'
[4.452s] Level 1:colcon.colcon_core.environment:checking '/home/shai/ros2_ttt_robot/install/ttt_msgs/lib/python3.12/site-packages'
[4.452s] Level 1:colcon.colcon_core.environment:checking '/home/shai/ros2_ttt_robot/install/ttt_msgs/bin'
[4.452s] INFO:colcon.colcon_core.shell:Creating package script '/home/shai/ros2_ttt_robot/install/ttt_msgs/share/ttt_msgs/package.ps1'
[4.453s] INFO:colcon.colcon_core.shell:Creating package descriptor '/home/shai/ros2_ttt_robot/install/ttt_msgs/share/ttt_msgs/package.dsv'
[4.454s] INFO:colcon.colcon_core.shell:Creating package script '/home/shai/ros2_ttt_robot/install/ttt_msgs/share/ttt_msgs/package.sh'
[4.454s] INFO:colcon.colcon_core.shell:Creating package script '/home/shai/ros2_ttt_robot/install/ttt_msgs/share/ttt_msgs/package.bash'
[4.454s] INFO:colcon.colcon_core.shell:Creating package script '/home/shai/ros2_ttt_robot/install/ttt_msgs/share/ttt_msgs/package.zsh'
[4.455s] Level 1:colcon.colcon_core.environment:create_file_with_runtime_dependencies(/home/shai/ros2_ttt_robot/install/ttt_msgs/share/colcon-core/packages/ttt_msgs)
[4.465s] DEBUG:colcon.colcon_parallel_executor.executor.parallel:closing loop
[4.465s] DEBUG:colcon.colcon_parallel_executor.executor.parallel:loop closed
[4.465s] DEBUG:colcon.colcon_parallel_executor.executor.parallel:run_until_complete finished with '1'
[4.465s] DEBUG:colcon.colcon_core.event_reactor:joining thread
[4.480s] INFO:colcon.colcon_core.plugin_system:Skipping extension 'colcon_notification.desktop_notification.notify_send': Could not find 'notify-send'
[4.480s] INFO:colcon.colcon_core.plugin_system:Skipping extension 'colcon_notification.desktop_notification.terminal_notifier': Not used on non-Darwin systems
[4.480s] INFO:colcon.colcon_core.plugin_system:Skipping extension 'colcon_notification.desktop_notification.win32': Not used on non-Windows systems
[4.480s] INFO:colcon.colcon_notification.desktop_notification:Sending desktop notification using 'notify2'
[4.582s] DEBUG:colcon.colcon_notification.desktop_notification.notify2:Failed to initialize notify2: org.freedesktop.DBus.Error.ServiceUnknown: The name org.freedesktop.Notifications was not provided by any .service files
[4.582s] DEBUG:colcon.colcon_core.event_reactor:joined thread
[4.582s] INFO:colcon.colcon_core.shell:Creating prefix script '/home/shai/ros2_ttt_robot/install/local_setup.ps1'
[4.585s] INFO:colcon.colcon_core.shell:Creating prefix util module '/home/shai/ros2_ttt_robot/install/_local_setup_util_ps1.py'
[4.588s] INFO:colcon.colcon_core.shell:Creating prefix chain script '/home/shai/ros2_ttt_robot/install/setup.ps1'
[4.590s] INFO:colcon.colcon_core.shell:Creating prefix script '/home/shai/ros2_ttt_robot/install/local_setup.sh'
[4.592s] INFO:colcon.colcon_core.shell:Creating prefix util module '/home/shai/ros2_ttt_robot/install/_local_setup_util_sh.py'
[4.593s] INFO:colcon.colcon_core.shell:Creating prefix chain script '/home/shai/ros2_ttt_robot/install/setup.sh'
[4.595s] INFO:colcon.colcon_core.shell:Creating prefix script '/home/shai/ros2_ttt_robot/install/local_setup.bash'
[4.596s] INFO:colcon.colcon_core.shell:Creating prefix chain script '/home/shai/ros2_ttt_robot/install/setup.bash'
[4.598s] INFO:colcon.colcon_core.shell:Creating prefix script '/home/shai/ros2_ttt_robot/install/local_setup.zsh'
[4.599s] INFO:colcon.colcon_core.shell:Creating prefix chain script '/home/shai/ros2_ttt_robot/install/setup.zsh'
