[0.024s] Invoking command in '/home/shai/ros2_ttt_robot/build/ttt_motion': CMAKE_PREFIX_PATH=${CMAKE_PREFIX_PATH}:/home/shai/ros2_ws/install/stepper_driver:/home/shai/ros2_ws/install/poti_serial:/home/shai/ros2_ws/install/poti_mapper:/opt/ros/jazzy /usr/bin/cmake /home/shai/ros2_ttt_robot/src/ttt_motion -DCMAKE_INSTALL_PREFIX=/home/shai/ros2_ttt_robot/install/ttt_motion
[0.837s] -- The C compiler identification is GNU 13.3.0
[1.426s] -- The CXX compiler identification is GNU 13.3.0
[1.479s] -- Detecting C compiler ABI info
[1.739s] -- Detecting C compiler ABI info - done
[1.756s] -- Check for working C compiler: /usr/bin/cc - skipped
[1.757s] -- Detecting C compile features
[1.759s] -- Detecting C compile features - done
[1.783s] -- Detecting CXX compiler ABI info
[2.039s] -- Detecting CXX compiler ABI info - done
[2.058s] -- Check for working CXX compiler: /usr/bin/c++ - skipped
[2.058s] -- Detecting CXX compile features
[2.060s] -- Detecting CXX compile features - done
[2.091s] -- Found ament_cmake: 2.5.4 (/opt/ros/jazzy/share/ament_cmake/cmake)
[2.454s] -- Found Python3: /usr/bin/python3 (found version "3.12.3") found components: Interpreter 
[2.763s] -- Found ament_lint_auto: 0.17.3 (/opt/ros/jazzy/share/ament_lint_auto/cmake)
[3.054s] -- Added test 'lint_cmake' to check CMake code style
[3.059s] -- Added test 'xmllint' to check XML markup files
[3.064s] -- Configuring done (2.9s)
[3.070s] -- Generating done (0.0s)
[3.070s] -- Build files have been written to: /home/shai/ros2_ttt_robot/build/ttt_motion
[3.091s] Invoked command in '/home/shai/ros2_ttt_robot/build/ttt_motion' returned '0': CMAKE_PREFIX_PATH=${CMAKE_PREFIX_PATH}:/home/shai/ros2_ws/install/stepper_driver:/home/shai/ros2_ws/install/poti_serial:/home/shai/ros2_ws/install/poti_mapper:/opt/ros/jazzy /usr/bin/cmake /home/shai/ros2_ttt_robot/src/ttt_motion -DCMAKE_INSTALL_PREFIX=/home/shai/ros2_ttt_robot/install/ttt_motion
[3.092s] Invoking command in '/home/shai/ros2_ttt_robot/build/ttt_motion': CMAKE_PREFIX_PATH=${CMAKE_PREFIX_PATH}:/home/shai/ros2_ws/install/stepper_driver:/home/shai/ros2_ws/install/poti_serial:/home/shai/ros2_ws/install/poti_mapper:/opt/ros/jazzy /usr/bin/cmake --build /home/shai/ros2_ttt_robot/build/ttt_motion -- -j4 -l4
[3.190s] Invoked command in '/home/shai/ros2_ttt_robot/build/ttt_motion' returned '0': CMAKE_PREFIX_PATH=${CMAKE_PREFIX_PATH}:/home/shai/ros2_ws/install/stepper_driver:/home/shai/ros2_ws/install/poti_serial:/home/shai/ros2_ws/install/poti_mapper:/opt/ros/jazzy /usr/bin/cmake --build /home/shai/ros2_ttt_robot/build/ttt_motion -- -j4 -l4
[3.193s] Invoking command in '/home/shai/ros2_ttt_robot/build/ttt_motion': CMAKE_PREFIX_PATH=${CMAKE_PREFIX_PATH}:/home/shai/ros2_ws/install/stepper_driver:/home/shai/ros2_ws/install/poti_serial:/home/shai/ros2_ws/install/poti_mapper:/opt/ros/jazzy /usr/bin/cmake --install /home/shai/ros2_ttt_robot/build/ttt_motion
[3.215s] -- Install configuration: ""
[3.215s] -- Installing: /home/shai/ros2_ttt_robot/install/ttt_motion/share/ament_index/resource_index/package_run_dependencies/ttt_motion
[3.215s] -- Installing: /home/shai/ros2_ttt_robot/install/ttt_motion/share/ament_index/resource_index/parent_prefix_path/ttt_motion
[3.215s] -- Installing: /home/shai/ros2_ttt_robot/install/ttt_motion/share/ttt_motion/environment/ament_prefix_path.sh
[3.215s] -- Installing: /home/shai/ros2_ttt_robot/install/ttt_motion/share/ttt_motion/environment/ament_prefix_path.dsv
[3.215s] -- Installing: /home/shai/ros2_ttt_robot/install/ttt_motion/share/ttt_motion/environment/path.sh
[3.215s] -- Installing: /home/shai/ros2_ttt_robot/install/ttt_motion/share/ttt_motion/environment/path.dsv
[3.215s] -- Installing: /home/shai/ros2_ttt_robot/install/ttt_motion/share/ttt_motion/local_setup.bash
[3.216s] -- Installing: /home/shai/ros2_ttt_robot/install/ttt_motion/share/ttt_motion/local_setup.sh
[3.216s] -- Installing: /home/shai/ros2_ttt_robot/install/ttt_motion/share/ttt_motion/local_setup.zsh
[3.218s] -- Installing: /home/shai/ros2_ttt_robot/install/ttt_motion/share/ttt_motion/local_setup.dsv
[3.218s] -- Installing: /home/shai/ros2_ttt_robot/install/ttt_motion/share/ttt_motion/package.dsv
[3.219s] -- Installing: /home/shai/ros2_ttt_robot/install/ttt_motion/share/ament_index/resource_index/packages/ttt_motion
[3.219s] -- Installing: /home/shai/ros2_ttt_robot/install/ttt_motion/share/ttt_motion/cmake/ttt_motionConfig.cmake
[3.219s] -- Installing: /home/shai/ros2_ttt_robot/install/ttt_motion/share/ttt_motion/cmake/ttt_motionConfig-version.cmake
[3.219s] -- Installing: /home/shai/ros2_ttt_robot/install/ttt_motion/share/ttt_motion/package.xml
[3.275s] Invoked command in '/home/shai/ros2_ttt_robot/build/ttt_motion' returned '0': CMAKE_PREFIX_PATH=${CMAKE_PREFIX_PATH}:/home/shai/ros2_ws/install/stepper_driver:/home/shai/ros2_ws/install/poti_serial:/home/shai/ros2_ws/install/poti_mapper:/opt/ros/jazzy /usr/bin/cmake --install /home/shai/ros2_ttt_robot/build/ttt_motion
