-- The C compiler identification is GNU 13.3.0
-- The CXX compiler identification is GNU 13.3.0
-- Detecting C compiler ABI info
-- Detecting C compiler ABI info - done
-- Check for working C compiler: /usr/bin/cc - skipped
-- Detecting C compile features
-- Detecting C compile features - done
-- Detecting CXX compiler ABI info
-- Detecting CXX compiler ABI info - done
-- Check for working CXX compiler: /usr/bin/c++ - skipped
-- Detecting CXX compile features
-- Detecting CXX compile features - done
-- Found ament_cmake: 2.5.4 (/opt/ros/jazzy/share/ament_cmake/cmake)
-- Found Python3: /usr/bin/python3 (found version "3.12.3") found components: Interpreter 
-- Found ament_lint_auto: 0.17.3 (/opt/ros/jazzy/share/ament_lint_auto/cmake)
-- Added test 'lint_cmake' to check CMake code style
-- Added test 'xmllint' to check XML markup files
-- Configuring done (2.9s)
-- Generating done (0.0s)
-- Build files have been written to: /home/shai/ros2_ttt_robot/build/ttt_game
-- Install configuration: ""
-- Installing: /home/shai/ros2_ttt_robot/install/ttt_game/share/ament_index/resource_index/package_run_dependencies/ttt_game
-- Installing: /home/shai/ros2_ttt_robot/install/ttt_game/share/ament_index/resource_index/parent_prefix_path/ttt_game
-- Installing: /home/shai/ros2_ttt_robot/install/ttt_game/share/ttt_game/environment/ament_prefix_path.sh
-- Installing: /home/shai/ros2_ttt_robot/install/ttt_game/share/ttt_game/environment/ament_prefix_path.dsv
-- Installing: /home/shai/ros2_ttt_robot/install/ttt_game/share/ttt_game/environment/path.sh
-- Installing: /home/shai/ros2_ttt_robot/install/ttt_game/share/ttt_game/environment/path.dsv
-- Installing: /home/shai/ros2_ttt_robot/install/ttt_game/share/ttt_game/local_setup.bash
-- Installing: /home/shai/ros2_ttt_robot/install/ttt_game/share/ttt_game/local_setup.sh
-- Installing: /home/shai/ros2_ttt_robot/install/ttt_game/share/ttt_game/local_setup.zsh
-- Installing: /home/shai/ros2_ttt_robot/install/ttt_game/share/ttt_game/local_setup.dsv
-- Installing: /home/shai/ros2_ttt_robot/install/ttt_game/share/ttt_game/package.dsv
-- Installing: /home/shai/ros2_ttt_robot/install/ttt_game/share/ament_index/resource_index/packages/ttt_game
-- Installing: /home/shai/ros2_ttt_robot/install/ttt_game/share/ttt_game/cmake/ttt_gameConfig.cmake
-- Installing: /home/shai/ros2_ttt_robot/install/ttt_game/share/ttt_game/cmake/ttt_gameConfig-version.cmake
-- Installing: /home/shai/ros2_ttt_robot/install/ttt_game/share/ttt_game/package.xml
