[0.032s] Invoking command in '/home/shai/ros2_ttt_robot/build/ttt_game': CMAKE_PREFIX_PATH=${CMAKE_PREFIX_PATH}:/home/shai/ros2_ws/install/stepper_driver:/home/shai/ros2_ws/install/poti_serial:/home/shai/ros2_ws/install/poti_mapper:/opt/ros/jazzy /usr/bin/cmake /home/shai/ros2_ttt_robot/src/ttt_game -DCMAKE_INSTALL_PREFIX=/home/shai/ros2_ttt_robot/install/ttt_game
[0.855s] -- The C compiler identification is GNU 13.3.0
[1.446s] -- The CXX compiler identification is GNU 13.3.0
[1.497s] -- Detecting C compiler ABI info
[1.767s] -- Detecting C compiler ABI info - done
[1.786s] -- Check for working C compiler: /usr/bin/cc - skipped
[1.786s] -- Detecting C compile features
[1.786s] -- Detecting C compile features - done
[1.811s] -- Detecting CXX compiler ABI info
[2.088s] -- Detecting CXX compiler ABI info - done
[2.107s] -- Check for working CXX compiler: /usr/bin/c++ - skipped
[2.108s] -- Detecting CXX compile features
[2.109s] -- Detecting CXX compile features - done
[2.113s] -- Found ament_cmake: 2.5.4 (/opt/ros/jazzy/share/ament_cmake/cmake)
[2.499s] -- Found Python3: /usr/bin/python3 (found version "3.12.3") found components: Interpreter 
[2.781s] -- Found ament_lint_auto: 0.17.3 (/opt/ros/jazzy/share/ament_lint_auto/cmake)
[3.072s] -- Added test 'lint_cmake' to check CMake code style
[3.076s] -- Added test 'xmllint' to check XML markup files
[3.082s] -- Configuring done (2.9s)
[3.088s] -- Generating done (0.0s)
[3.089s] -- Build files have been written to: /home/shai/ros2_ttt_robot/build/ttt_game
[3.101s] Invoked command in '/home/shai/ros2_ttt_robot/build/ttt_game' returned '0': CMAKE_PREFIX_PATH=${CMAKE_PREFIX_PATH}:/home/shai/ros2_ws/install/stepper_driver:/home/shai/ros2_ws/install/poti_serial:/home/shai/ros2_ws/install/poti_mapper:/opt/ros/jazzy /usr/bin/cmake /home/shai/ros2_ttt_robot/src/ttt_game -DCMAKE_INSTALL_PREFIX=/home/shai/ros2_ttt_robot/install/ttt_game
[3.105s] Invoking command in '/home/shai/ros2_ttt_robot/build/ttt_game': CMAKE_PREFIX_PATH=${CMAKE_PREFIX_PATH}:/home/shai/ros2_ws/install/stepper_driver:/home/shai/ros2_ws/install/poti_serial:/home/shai/ros2_ws/install/poti_mapper:/opt/ros/jazzy /usr/bin/cmake --build /home/shai/ros2_ttt_robot/build/ttt_game -- -j4 -l4
[3.186s] Invoked command in '/home/shai/ros2_ttt_robot/build/ttt_game' returned '0': CMAKE_PREFIX_PATH=${CMAKE_PREFIX_PATH}:/home/shai/ros2_ws/install/stepper_driver:/home/shai/ros2_ws/install/poti_serial:/home/shai/ros2_ws/install/poti_mapper:/opt/ros/jazzy /usr/bin/cmake --build /home/shai/ros2_ttt_robot/build/ttt_game -- -j4 -l4
[3.206s] Invoking command in '/home/shai/ros2_ttt_robot/build/ttt_game': CMAKE_PREFIX_PATH=${CMAKE_PREFIX_PATH}:/home/shai/ros2_ws/install/stepper_driver:/home/shai/ros2_ws/install/poti_serial:/home/shai/ros2_ws/install/poti_mapper:/opt/ros/jazzy /usr/bin/cmake --install /home/shai/ros2_ttt_robot/build/ttt_game
[3.224s] -- Install configuration: ""
[3.224s] -- Installing: /home/shai/ros2_ttt_robot/install/ttt_game/share/ament_index/resource_index/package_run_dependencies/ttt_game
[3.224s] -- Installing: /home/shai/ros2_ttt_robot/install/ttt_game/share/ament_index/resource_index/parent_prefix_path/ttt_game
[3.225s] -- Installing: /home/shai/ros2_ttt_robot/install/ttt_game/share/ttt_game/environment/ament_prefix_path.sh
[3.225s] -- Installing: /home/shai/ros2_ttt_robot/install/ttt_game/share/ttt_game/environment/ament_prefix_path.dsv
[3.226s] -- Installing: /home/shai/ros2_ttt_robot/install/ttt_game/share/ttt_game/environment/path.sh
[3.228s] -- Installing: /home/shai/ros2_ttt_robot/install/ttt_game/share/ttt_game/environment/path.dsv
[3.229s] -- Installing: /home/shai/ros2_ttt_robot/install/ttt_game/share/ttt_game/local_setup.bash
[3.231s] -- Installing: /home/shai/ros2_ttt_robot/install/ttt_game/share/ttt_game/local_setup.sh
[3.231s] -- Installing: /home/shai/ros2_ttt_robot/install/ttt_game/share/ttt_game/local_setup.zsh
[3.232s] -- Installing: /home/shai/ros2_ttt_robot/install/ttt_game/share/ttt_game/local_setup.dsv
[3.232s] -- Installing: /home/shai/ros2_ttt_robot/install/ttt_game/share/ttt_game/package.dsv
[3.232s] -- Installing: /home/shai/ros2_ttt_robot/install/ttt_game/share/ament_index/resource_index/packages/ttt_game
[3.232s] -- Installing: /home/shai/ros2_ttt_robot/install/ttt_game/share/ttt_game/cmake/ttt_gameConfig.cmake
[3.232s] -- Installing: /home/shai/ros2_ttt_robot/install/ttt_game/share/ttt_game/cmake/ttt_gameConfig-version.cmake
[3.232s] -- Installing: /home/shai/ros2_ttt_robot/install/ttt_game/share/ttt_game/package.xml
[3.237s] Invoked command in '/home/shai/ros2_ttt_robot/build/ttt_game' returned '0': CMAKE_PREFIX_PATH=${CMAKE_PREFIX_PATH}:/home/shai/ros2_ws/install/stepper_driver:/home/shai/ros2_ws/install/poti_serial:/home/shai/ros2_ws/install/poti_mapper:/opt/ros/jazzy /usr/bin/cmake --install /home/shai/ros2_ttt_robot/build/ttt_game
