[0.141s] DEBUG:colcon:Command line arguments: ['/usr/bin/colcon', 'build']
[0.141s] DEBUG:colcon:Parsed command line arguments: Namespace(log_base=None, log_level=None, verb_name='build', build_base='build', install_base='install', merge_install=False, symlink_install=False, test_result_base=None, continue_on_error=False, executor='parallel', parallel_workers=4, event_handlers=None, ignore_user_meta=False, metas=['./colcon.meta'], base_paths=['.'], packages_ignore=None, packages_ignore_regex=None, paths=None, packages_up_to=None, packages_up_to_regex=None, packages_above=None, packages_above_and_dependencies=None, packages_above_depth=None, packages_select_by_dep=None, packages_skip_by_dep=None, packages_skip_up_to=None, packages_select_build_failed=False, packages_skip_build_finished=False, packages_select_test_failures=False, packages_skip_test_passed=False, packages_select=None, packages_skip=None, packages_select_regex=None, packages_skip_regex=None, packages_start=None, packages_end=None, allow_overriding=[], cmake_args=None, cmake_target=None, cmake_target_skip_unavailable=False, cmake_clean_cache=False, cmake_clean_first=False, cmake_force_configure=False, ament_cmake_args=None, catkin_cmake_args=None, catkin_skip_building_tests=False, verb_parser=<colcon_defaults.argument_parser.defaults.DefaultArgumentsDecorator object at 0xffff864e4530>, verb_extension=<colcon_core.verb.build.BuildVerb object at 0xffff866851f0>, main=<bound method BuildVerb.main of <colcon_core.verb.build.BuildVerb object at 0xffff866851f0>>)
[0.198s] Level 1:colcon.colcon_core.package_discovery:discover_packages(colcon_meta) check parameters
[0.198s] Level 1:colcon.colcon_core.package_discovery:discover_packages(recursive) check parameters
[0.198s] Level 1:colcon.colcon_core.package_discovery:discover_packages(ignore) check parameters
[0.198s] Level 1:colcon.colcon_core.package_discovery:discover_packages(path) check parameters
[0.198s] Level 1:colcon.colcon_core.package_discovery:discover_packages(colcon_meta) discover
[0.198s] Level 1:colcon.colcon_core.package_discovery:discover_packages(recursive) discover
[0.198s] INFO:colcon.colcon_core.package_discovery:Crawling recursively for packages in '/home/shai/ros2_ttt_robot'
[0.199s] Level 1:colcon.colcon_core.package_identification:_identify(.) by extensions ['ignore', 'ignore_ament_install']
[0.199s] Level 1:colcon.colcon_core.package_identification:_identify(.) by extension 'ignore'
[0.199s] Level 1:colcon.colcon_core.package_identification:_identify(.) by extension 'ignore_ament_install'
[0.199s] Level 1:colcon.colcon_core.package_identification:_identify(.) by extensions ['colcon_pkg']
[0.199s] Level 1:colcon.colcon_core.package_identification:_identify(.) by extension 'colcon_pkg'
[0.199s] Level 1:colcon.colcon_core.package_identification:_identify(.) by extensions ['colcon_meta']
[0.199s] Level 1:colcon.colcon_core.package_identification:_identify(.) by extension 'colcon_meta'
[0.199s] Level 1:colcon.colcon_core.package_identification:_identify(.) by extensions ['ros']
[0.199s] Level 1:colcon.colcon_core.package_identification:_identify(.) by extension 'ros'
[0.236s] Level 1:colcon.colcon_core.package_identification:_identify(.) by extensions ['cmake', 'python']
[0.236s] Level 1:colcon.colcon_core.package_identification:_identify(.) by extension 'cmake'
[0.236s] Level 1:colcon.colcon_core.package_identification:_identify(.) by extension 'python'
[0.236s] Level 1:colcon.colcon_core.package_identification:_identify(.) by extensions ['python_setup_py']
[0.236s] Level 1:colcon.colcon_core.package_identification:_identify(.) by extension 'python_setup_py'
[0.236s] Level 1:colcon.colcon_core.package_identification:_identify(build) by extensions ['ignore', 'ignore_ament_install']
[0.236s] Level 1:colcon.colcon_core.package_identification:_identify(build) by extension 'ignore'
[0.237s] Level 1:colcon.colcon_core.package_identification:_identify(build) ignored
[0.237s] Level 1:colcon.colcon_core.package_identification:_identify(install) by extensions ['ignore', 'ignore_ament_install']
[0.237s] Level 1:colcon.colcon_core.package_identification:_identify(install) by extension 'ignore'
[0.237s] Level 1:colcon.colcon_core.package_identification:_identify(install) ignored
[0.237s] Level 1:colcon.colcon_core.package_identification:_identify(log) by extensions ['ignore', 'ignore_ament_install']
[0.237s] Level 1:colcon.colcon_core.package_identification:_identify(log) by extension 'ignore'
[0.237s] Level 1:colcon.colcon_core.package_identification:_identify(log) ignored
[0.237s] Level 1:colcon.colcon_core.package_identification:_identify(src) by extensions ['ignore', 'ignore_ament_install']
[0.237s] Level 1:colcon.colcon_core.package_identification:_identify(src) by extension 'ignore'
[0.237s] Level 1:colcon.colcon_core.package_identification:_identify(src) by extension 'ignore_ament_install'
[0.238s] Level 1:colcon.colcon_core.package_identification:_identify(src) by extensions ['colcon_pkg']
[0.238s] Level 1:colcon.colcon_core.package_identification:_identify(src) by extension 'colcon_pkg'
[0.238s] Level 1:colcon.colcon_core.package_identification:_identify(src) by extensions ['colcon_meta']
[0.238s] Level 1:colcon.colcon_core.package_identification:_identify(src) by extension 'colcon_meta'
[0.238s] Level 1:colcon.colcon_core.package_identification:_identify(src) by extensions ['ros']
[0.238s] Level 1:colcon.colcon_core.package_identification:_identify(src) by extension 'ros'
[0.238s] Level 1:colcon.colcon_core.package_identification:_identify(src) by extensions ['cmake', 'python']
[0.238s] Level 1:colcon.colcon_core.package_identification:_identify(src) by extension 'cmake'
[0.238s] Level 1:colcon.colcon_core.package_identification:_identify(src) by extension 'python'
[0.238s] Level 1:colcon.colcon_core.package_identification:_identify(src) by extensions ['python_setup_py']
[0.238s] Level 1:colcon.colcon_core.package_identification:_identify(src) by extension 'python_setup_py'
[0.238s] Level 1:colcon.colcon_core.package_identification:_identify(src/ttt_game) by extensions ['ignore', 'ignore_ament_install']
[0.238s] Level 1:colcon.colcon_core.package_identification:_identify(src/ttt_game) by extension 'ignore'
[0.238s] Level 1:colcon.colcon_core.package_identification:_identify(src/ttt_game) by extension 'ignore_ament_install'
[0.238s] Level 1:colcon.colcon_core.package_identification:_identify(src/ttt_game) by extensions ['colcon_pkg']
[0.238s] Level 1:colcon.colcon_core.package_identification:_identify(src/ttt_game) by extension 'colcon_pkg'
[0.238s] Level 1:colcon.colcon_core.package_identification:_identify(src/ttt_game) by extensions ['colcon_meta']
[0.238s] Level 1:colcon.colcon_core.package_identification:_identify(src/ttt_game) by extension 'colcon_meta'
[0.238s] Level 1:colcon.colcon_core.package_identification:_identify(src/ttt_game) by extensions ['ros']
[0.238s] Level 1:colcon.colcon_core.package_identification:_identify(src/ttt_game) by extension 'ros'
[0.243s] DEBUG:colcon.colcon_core.package_identification:Package 'src/ttt_game' with type 'ros.ament_cmake' and name 'ttt_game'
[0.244s] Level 1:colcon.colcon_core.package_identification:_identify(src/ttt_hardware) by extensions ['ignore', 'ignore_ament_install']
[0.244s] Level 1:colcon.colcon_core.package_identification:_identify(src/ttt_hardware) by extension 'ignore'
[0.244s] Level 1:colcon.colcon_core.package_identification:_identify(src/ttt_hardware) by extension 'ignore_ament_install'
[0.244s] Level 1:colcon.colcon_core.package_identification:_identify(src/ttt_hardware) by extensions ['colcon_pkg']
[0.244s] Level 1:colcon.colcon_core.package_identification:_identify(src/ttt_hardware) by extension 'colcon_pkg'
[0.244s] Level 1:colcon.colcon_core.package_identification:_identify(src/ttt_hardware) by extensions ['colcon_meta']
[0.244s] Level 1:colcon.colcon_core.package_identification:_identify(src/ttt_hardware) by extension 'colcon_meta'
[0.244s] Level 1:colcon.colcon_core.package_identification:_identify(src/ttt_hardware) by extensions ['ros']
[0.244s] Level 1:colcon.colcon_core.package_identification:_identify(src/ttt_hardware) by extension 'ros'
[0.245s] DEBUG:colcon.colcon_core.package_identification:Package 'src/ttt_hardware' with type 'ros.ament_cmake' and name 'ttt_hardware'
[0.245s] Level 1:colcon.colcon_core.package_identification:_identify(src/ttt_motion) by extensions ['ignore', 'ignore_ament_install']
[0.245s] Level 1:colcon.colcon_core.package_identification:_identify(src/ttt_motion) by extension 'ignore'
[0.245s] Level 1:colcon.colcon_core.package_identification:_identify(src/ttt_motion) by extension 'ignore_ament_install'
[0.245s] Level 1:colcon.colcon_core.package_identification:_identify(src/ttt_motion) by extensions ['colcon_pkg']
[0.245s] Level 1:colcon.colcon_core.package_identification:_identify(src/ttt_motion) by extension 'colcon_pkg'
[0.245s] Level 1:colcon.colcon_core.package_identification:_identify(src/ttt_motion) by extensions ['colcon_meta']
[0.245s] Level 1:colcon.colcon_core.package_identification:_identify(src/ttt_motion) by extension 'colcon_meta'
[0.245s] Level 1:colcon.colcon_core.package_identification:_identify(src/ttt_motion) by extensions ['ros']
[0.245s] Level 1:colcon.colcon_core.package_identification:_identify(src/ttt_motion) by extension 'ros'
[0.246s] DEBUG:colcon.colcon_core.package_identification:Package 'src/ttt_motion' with type 'ros.ament_cmake' and name 'ttt_motion'
[0.246s] Level 1:colcon.colcon_core.package_identification:_identify(src/ttt_msgs) by extensions ['ignore', 'ignore_ament_install']
[0.246s] Level 1:colcon.colcon_core.package_identification:_identify(src/ttt_msgs) by extension 'ignore'
[0.246s] Level 1:colcon.colcon_core.package_identification:_identify(src/ttt_msgs) by extension 'ignore_ament_install'
[0.246s] Level 1:colcon.colcon_core.package_identification:_identify(src/ttt_msgs) by extensions ['colcon_pkg']
[0.246s] Level 1:colcon.colcon_core.package_identification:_identify(src/ttt_msgs) by extension 'colcon_pkg'
[0.246s] Level 1:colcon.colcon_core.package_identification:_identify(src/ttt_msgs) by extensions ['colcon_meta']
[0.246s] Level 1:colcon.colcon_core.package_identification:_identify(src/ttt_msgs) by extension 'colcon_meta'
[0.246s] Level 1:colcon.colcon_core.package_identification:_identify(src/ttt_msgs) by extensions ['ros']
[0.246s] Level 1:colcon.colcon_core.package_identification:_identify(src/ttt_msgs) by extension 'ros'
[0.247s] DEBUG:colcon.colcon_core.package_identification:Package 'src/ttt_msgs' with type 'ros.ament_cmake' and name 'ttt_msgs'
[0.247s] Level 1:colcon.colcon_core.package_discovery:discover_packages(recursive) using defaults
[0.247s] Level 1:colcon.colcon_core.package_discovery:discover_packages(ignore) discover
[0.247s] Level 1:colcon.colcon_core.package_discovery:discover_packages(ignore) using defaults
[0.247s] Level 1:colcon.colcon_core.package_discovery:discover_packages(path) discover
[0.247s] Level 1:colcon.colcon_core.package_discovery:discover_packages(path) using defaults
[0.270s] Level 1:colcon.colcon_core.package_discovery:discover_packages(prefix_path) check parameters
[0.271s] Level 1:colcon.colcon_core.package_discovery:discover_packages(prefix_path) discover
[0.273s] DEBUG:colcon.colcon_installed_package_information.package_discovery:Found 3 installed packages in /home/shai/ros2_ws/install
[0.275s] DEBUG:colcon.colcon_installed_package_information.package_discovery:Found 285 installed packages in /opt/ros/jazzy
[0.276s] Level 1:colcon.colcon_core.package_discovery:discover_packages(prefix_path) using defaults
[0.335s] Level 5:colcon.colcon_core.verb:set package 'ttt_game' build argument 'cmake_args' from command line to 'None'
[0.335s] Level 5:colcon.colcon_core.verb:set package 'ttt_game' build argument 'cmake_target' from command line to 'None'
[0.335s] Level 5:colcon.colcon_core.verb:set package 'ttt_game' build argument 'cmake_target_skip_unavailable' from command line to 'False'
[0.335s] Level 5:colcon.colcon_core.verb:set package 'ttt_game' build argument 'cmake_clean_cache' from command line to 'False'
[0.335s] Level 5:colcon.colcon_core.verb:set package 'ttt_game' build argument 'cmake_clean_first' from command line to 'False'
[0.335s] Level 5:colcon.colcon_core.verb:set package 'ttt_game' build argument 'cmake_force_configure' from command line to 'False'
[0.336s] Level 5:colcon.colcon_core.verb:set package 'ttt_game' build argument 'ament_cmake_args' from command line to 'None'
[0.336s] Level 5:colcon.colcon_core.verb:set package 'ttt_game' build argument 'catkin_cmake_args' from command line to 'None'
[0.336s] Level 5:colcon.colcon_core.verb:set package 'ttt_game' build argument 'catkin_skip_building_tests' from command line to 'False'
[0.336s] DEBUG:colcon.colcon_core.verb:Building package 'ttt_game' with the following arguments: {'ament_cmake_args': None, 'build_base': '/home/shai/ros2_ttt_robot/build/ttt_game', 'catkin_cmake_args': None, 'catkin_skip_building_tests': False, 'cmake_args': None, 'cmake_clean_cache': False, 'cmake_clean_first': False, 'cmake_force_configure': False, 'cmake_target': None, 'cmake_target_skip_unavailable': False, 'install_base': '/home/shai/ros2_ttt_robot/install/ttt_game', 'merge_install': False, 'path': '/home/shai/ros2_ttt_robot/src/ttt_game', 'symlink_install': False, 'test_result_base': None}
[0.336s] Level 5:colcon.colcon_core.verb:set package 'ttt_hardware' build argument 'cmake_args' from command line to 'None'
[0.336s] Level 5:colcon.colcon_core.verb:set package 'ttt_hardware' build argument 'cmake_target' from command line to 'None'
[0.336s] Level 5:colcon.colcon_core.verb:set package 'ttt_hardware' build argument 'cmake_target_skip_unavailable' from command line to 'False'
[0.336s] Level 5:colcon.colcon_core.verb:set package 'ttt_hardware' build argument 'cmake_clean_cache' from command line to 'False'
[0.336s] Level 5:colcon.colcon_core.verb:set package 'ttt_hardware' build argument 'cmake_clean_first' from command line to 'False'
[0.336s] Level 5:colcon.colcon_core.verb:set package 'ttt_hardware' build argument 'cmake_force_configure' from command line to 'False'
[0.336s] Level 5:colcon.colcon_core.verb:set package 'ttt_hardware' build argument 'ament_cmake_args' from command line to 'None'
[0.336s] Level 5:colcon.colcon_core.verb:set package 'ttt_hardware' build argument 'catkin_cmake_args' from command line to 'None'
[0.336s] Level 5:colcon.colcon_core.verb:set package 'ttt_hardware' build argument 'catkin_skip_building_tests' from command line to 'False'
[0.336s] DEBUG:colcon.colcon_core.verb:Building package 'ttt_hardware' with the following arguments: {'ament_cmake_args': None, 'build_base': '/home/shai/ros2_ttt_robot/build/ttt_hardware', 'catkin_cmake_args': None, 'catkin_skip_building_tests': False, 'cmake_args': None, 'cmake_clean_cache': False, 'cmake_clean_first': False, 'cmake_force_configure': False, 'cmake_target': None, 'cmake_target_skip_unavailable': False, 'install_base': '/home/shai/ros2_ttt_robot/install/ttt_hardware', 'merge_install': False, 'path': '/home/shai/ros2_ttt_robot/src/ttt_hardware', 'symlink_install': False, 'test_result_base': None}
[0.337s] Level 5:colcon.colcon_core.verb:set package 'ttt_motion' build argument 'cmake_args' from command line to 'None'
[0.337s] Level 5:colcon.colcon_core.verb:set package 'ttt_motion' build argument 'cmake_target' from command line to 'None'
[0.337s] Level 5:colcon.colcon_core.verb:set package 'ttt_motion' build argument 'cmake_target_skip_unavailable' from command line to 'False'
[0.337s] Level 5:colcon.colcon_core.verb:set package 'ttt_motion' build argument 'cmake_clean_cache' from command line to 'False'
[0.337s] Level 5:colcon.colcon_core.verb:set package 'ttt_motion' build argument 'cmake_clean_first' from command line to 'False'
[0.337s] Level 5:colcon.colcon_core.verb:set package 'ttt_motion' build argument 'cmake_force_configure' from command line to 'False'
[0.337s] Level 5:colcon.colcon_core.verb:set package 'ttt_motion' build argument 'ament_cmake_args' from command line to 'None'
[0.337s] Level 5:colcon.colcon_core.verb:set package 'ttt_motion' build argument 'catkin_cmake_args' from command line to 'None'
[0.337s] Level 5:colcon.colcon_core.verb:set package 'ttt_motion' build argument 'catkin_skip_building_tests' from command line to 'False'
[0.337s] DEBUG:colcon.colcon_core.verb:Building package 'ttt_motion' with the following arguments: {'ament_cmake_args': None, 'build_base': '/home/shai/ros2_ttt_robot/build/ttt_motion', 'catkin_cmake_args': None, 'catkin_skip_building_tests': False, 'cmake_args': None, 'cmake_clean_cache': False, 'cmake_clean_first': False, 'cmake_force_configure': False, 'cmake_target': None, 'cmake_target_skip_unavailable': False, 'install_base': '/home/shai/ros2_ttt_robot/install/ttt_motion', 'merge_install': False, 'path': '/home/shai/ros2_ttt_robot/src/ttt_motion', 'symlink_install': False, 'test_result_base': None}
[0.337s] Level 5:colcon.colcon_core.verb:set package 'ttt_msgs' build argument 'cmake_args' from command line to 'None'
[0.337s] Level 5:colcon.colcon_core.verb:set package 'ttt_msgs' build argument 'cmake_target' from command line to 'None'
[0.337s] Level 5:colcon.colcon_core.verb:set package 'ttt_msgs' build argument 'cmake_target_skip_unavailable' from command line to 'False'
[0.337s] Level 5:colcon.colcon_core.verb:set package 'ttt_msgs' build argument 'cmake_clean_cache' from command line to 'False'
[0.337s] Level 5:colcon.colcon_core.verb:set package 'ttt_msgs' build argument 'cmake_clean_first' from command line to 'False'
[0.337s] Level 5:colcon.colcon_core.verb:set package 'ttt_msgs' build argument 'cmake_force_configure' from command line to 'False'
[0.338s] Level 5:colcon.colcon_core.verb:set package 'ttt_msgs' build argument 'ament_cmake_args' from command line to 'None'
[0.338s] Level 5:colcon.colcon_core.verb:set package 'ttt_msgs' build argument 'catkin_cmake_args' from command line to 'None'
[0.338s] Level 5:colcon.colcon_core.verb:set package 'ttt_msgs' build argument 'catkin_skip_building_tests' from command line to 'False'
[0.338s] DEBUG:colcon.colcon_core.verb:Building package 'ttt_msgs' with the following arguments: {'ament_cmake_args': None, 'build_base': '/home/shai/ros2_ttt_robot/build/ttt_msgs', 'catkin_cmake_args': None, 'catkin_skip_building_tests': False, 'cmake_args': None, 'cmake_clean_cache': False, 'cmake_clean_first': False, 'cmake_force_configure': False, 'cmake_target': None, 'cmake_target_skip_unavailable': False, 'install_base': '/home/shai/ros2_ttt_robot/install/ttt_msgs', 'merge_install': False, 'path': '/home/shai/ros2_ttt_robot/src/ttt_msgs', 'symlink_install': False, 'test_result_base': None}
[0.338s] INFO:colcon.colcon_core.executor:Executing jobs using 'parallel' executor
[0.339s] DEBUG:colcon.colcon_parallel_executor.executor.parallel:run_until_complete
[0.339s] INFO:colcon.colcon_ros.task.ament_cmake.build:Building ROS package in '/home/shai/ros2_ttt_robot/src/ttt_game' with build type 'ament_cmake'
[0.340s] INFO:colcon.colcon_cmake.task.cmake.build:Building CMake package in '/home/shai/ros2_ttt_robot/src/ttt_game'
[0.342s] INFO:colcon.colcon_core.plugin_system:Skipping extension 'colcon_core.shell.bat': Not used on non-Windows systems
[0.342s] INFO:colcon.colcon_core.shell:Skip shell extension 'powershell' for command environment: Not usable outside of PowerShell
[0.342s] DEBUG:colcon.colcon_core.shell:Skip shell extension 'dsv' for command environment
[0.347s] INFO:colcon.colcon_ros.task.ament_cmake.build:Building ROS package in '/home/shai/ros2_ttt_robot/src/ttt_hardware' with build type 'ament_cmake'
[0.347s] INFO:colcon.colcon_cmake.task.cmake.build:Building CMake package in '/home/shai/ros2_ttt_robot/src/ttt_hardware'
[0.347s] INFO:colcon.colcon_core.shell:Skip shell extension 'powershell' for command environment: Not usable outside of PowerShell
[0.347s] DEBUG:colcon.colcon_core.shell:Skip shell extension 'dsv' for command environment
[0.352s] INFO:colcon.colcon_ros.task.ament_cmake.build:Building ROS package in '/home/shai/ros2_ttt_robot/src/ttt_motion' with build type 'ament_cmake'
[0.352s] INFO:colcon.colcon_cmake.task.cmake.build:Building CMake package in '/home/shai/ros2_ttt_robot/src/ttt_motion'
[0.352s] INFO:colcon.colcon_core.shell:Skip shell extension 'powershell' for command environment: Not usable outside of PowerShell
[0.352s] DEBUG:colcon.colcon_core.shell:Skip shell extension 'dsv' for command environment
[0.356s] INFO:colcon.colcon_ros.task.ament_cmake.build:Building ROS package in '/home/shai/ros2_ttt_robot/src/ttt_msgs' with build type 'ament_cmake'
[0.357s] INFO:colcon.colcon_cmake.task.cmake.build:Building CMake package in '/home/shai/ros2_ttt_robot/src/ttt_msgs'
[0.357s] INFO:colcon.colcon_core.shell:Skip shell extension 'powershell' for command environment: Not usable outside of PowerShell
[0.357s] DEBUG:colcon.colcon_core.shell:Skip shell extension 'dsv' for command environment
[0.369s] DEBUG:colcon.colcon_core.event_handler.log_command:Invoking command in '/home/shai/ros2_ttt_robot/build/ttt_game': CMAKE_PREFIX_PATH=${CMAKE_PREFIX_PATH}:/home/shai/ros2_ws/install/stepper_driver:/home/shai/ros2_ws/install/poti_serial:/home/shai/ros2_ws/install/poti_mapper:/opt/ros/jazzy /usr/bin/cmake --build /home/shai/ros2_ttt_robot/build/ttt_game -- -j4 -l4
[0.373s] DEBUG:colcon.colcon_core.event_handler.log_command:Invoking command in '/home/shai/ros2_ttt_robot/build/ttt_hardware': CMAKE_PREFIX_PATH=${CMAKE_PREFIX_PATH}:/home/shai/ros2_ws/install/stepper_driver:/home/shai/ros2_ws/install/poti_serial:/home/shai/ros2_ws/install/poti_mapper:/opt/ros/jazzy /usr/bin/cmake --build /home/shai/ros2_ttt_robot/build/ttt_hardware -- -j4 -l4
[0.380s] DEBUG:colcon.colcon_core.event_handler.log_command:Invoking command in '/home/shai/ros2_ttt_robot/build/ttt_motion': CMAKE_PREFIX_PATH=${CMAKE_PREFIX_PATH}:/home/shai/ros2_ws/install/stepper_driver:/home/shai/ros2_ws/install/poti_serial:/home/shai/ros2_ws/install/poti_mapper:/opt/ros/jazzy /usr/bin/cmake --build /home/shai/ros2_ttt_robot/build/ttt_motion -- -j4 -l4
[0.391s] DEBUG:colcon.colcon_core.event_handler.log_command:Invoking command in '/home/shai/ros2_ttt_robot/build/ttt_msgs': CMAKE_PREFIX_PATH=${CMAKE_PREFIX_PATH}:/home/shai/ros2_ws/install/stepper_driver:/home/shai/ros2_ws/install/poti_serial:/home/shai/ros2_ws/install/poti_mapper:/opt/ros/jazzy /usr/bin/cmake /home/shai/ros2_ttt_robot/src/ttt_msgs -DCMAKE_INSTALL_PREFIX=/home/shai/ros2_ttt_robot/install/ttt_msgs
[0.461s] DEBUG:colcon.colcon_core.event_handler.log_command:Invoked command in '/home/shai/ros2_ttt_robot/build/ttt_hardware' returned '0': CMAKE_PREFIX_PATH=${CMAKE_PREFIX_PATH}:/home/shai/ros2_ws/install/stepper_driver:/home/shai/ros2_ws/install/poti_serial:/home/shai/ros2_ws/install/poti_mapper:/opt/ros/jazzy /usr/bin/cmake --build /home/shai/ros2_ttt_robot/build/ttt_hardware -- -j4 -l4
[0.483s] DEBUG:colcon.colcon_core.event_handler.log_command:Invoking command in '/home/shai/ros2_ttt_robot/build/ttt_hardware': CMAKE_PREFIX_PATH=${CMAKE_PREFIX_PATH}:/home/shai/ros2_ws/install/stepper_driver:/home/shai/ros2_ws/install/poti_serial:/home/shai/ros2_ws/install/poti_mapper:/opt/ros/jazzy /usr/bin/cmake --install /home/shai/ros2_ttt_robot/build/ttt_hardware
[0.487s] DEBUG:colcon.colcon_core.event_handler.log_command:Invoked command in '/home/shai/ros2_ttt_robot/build/ttt_game' returned '0': CMAKE_PREFIX_PATH=${CMAKE_PREFIX_PATH}:/home/shai/ros2_ws/install/stepper_driver:/home/shai/ros2_ws/install/poti_serial:/home/shai/ros2_ws/install/poti_mapper:/opt/ros/jazzy /usr/bin/cmake --build /home/shai/ros2_ttt_robot/build/ttt_game -- -j4 -l4
[0.488s] DEBUG:colcon.colcon_core.event_handler.log_command:Invoking command in '/home/shai/ros2_ttt_robot/build/ttt_game': CMAKE_PREFIX_PATH=${CMAKE_PREFIX_PATH}:/home/shai/ros2_ws/install/stepper_driver:/home/shai/ros2_ws/install/poti_serial:/home/shai/ros2_ws/install/poti_mapper:/opt/ros/jazzy /usr/bin/cmake --install /home/shai/ros2_ttt_robot/build/ttt_game
[0.492s] DEBUG:colcon.colcon_core.event_handler.log_command:Invoked command in '/home/shai/ros2_ttt_robot/build/ttt_motion' returned '0': CMAKE_PREFIX_PATH=${CMAKE_PREFIX_PATH}:/home/shai/ros2_ws/install/stepper_driver:/home/shai/ros2_ws/install/poti_serial:/home/shai/ros2_ws/install/poti_mapper:/opt/ros/jazzy /usr/bin/cmake --build /home/shai/ros2_ttt_robot/build/ttt_motion -- -j4 -l4
[0.493s] DEBUG:colcon.colcon_core.event_handler.log_command:Invoking command in '/home/shai/ros2_ttt_robot/build/ttt_motion': CMAKE_PREFIX_PATH=${CMAKE_PREFIX_PATH}:/home/shai/ros2_ws/install/stepper_driver:/home/shai/ros2_ws/install/poti_serial:/home/shai/ros2_ws/install/poti_mapper:/opt/ros/jazzy /usr/bin/cmake --install /home/shai/ros2_ttt_robot/build/ttt_motion
[0.505s] Level 1:colcon.colcon_core.environment:create_environment_scripts_only(ttt_hardware)
[0.509s] DEBUG:colcon.colcon_core.event_handler.log_command:Invoked command in '/home/shai/ros2_ttt_robot/build/ttt_hardware' returned '0': CMAKE_PREFIX_PATH=${CMAKE_PREFIX_PATH}:/home/shai/ros2_ws/install/stepper_driver:/home/shai/ros2_ws/install/poti_serial:/home/shai/ros2_ws/install/poti_mapper:/opt/ros/jazzy /usr/bin/cmake --install /home/shai/ros2_ttt_robot/build/ttt_hardware
[0.513s] Level 1:colcon.colcon_core.environment:checking '/home/shai/ros2_ttt_robot/install/ttt_hardware' for CMake module files
[0.514s] Level 1:colcon.colcon_core.environment:checking '/home/shai/ros2_ttt_robot/install/ttt_hardware' for CMake config files
[0.515s] Level 1:colcon.colcon_core.shell:create_environment_hook('ttt_hardware', 'cmake_prefix_path')
[0.516s] INFO:colcon.colcon_core.shell:Creating environment hook '/home/shai/ros2_ttt_robot/install/ttt_hardware/share/ttt_hardware/hook/cmake_prefix_path.ps1'
[0.520s] INFO:colcon.colcon_core.shell:Creating environment descriptor '/home/shai/ros2_ttt_robot/install/ttt_hardware/share/ttt_hardware/hook/cmake_prefix_path.dsv'
[0.523s] INFO:colcon.colcon_core.shell:Creating environment hook '/home/shai/ros2_ttt_robot/install/ttt_hardware/share/ttt_hardware/hook/cmake_prefix_path.sh'
[0.525s] Level 1:colcon.colcon_core.environment:checking '/home/shai/ros2_ttt_robot/install/ttt_hardware/bin'
[0.526s] Level 1:colcon.colcon_core.environment:checking '/home/shai/ros2_ttt_robot/install/ttt_hardware/lib/pkgconfig/ttt_hardware.pc'
[0.526s] Level 1:colcon.colcon_core.environment:checking '/home/shai/ros2_ttt_robot/install/ttt_hardware/lib/python3.12/site-packages'
[0.527s] Level 1:colcon.colcon_core.environment:checking '/home/shai/ros2_ttt_robot/install/ttt_hardware/bin'
[0.527s] INFO:colcon.colcon_core.shell:Creating package script '/home/shai/ros2_ttt_robot/install/ttt_hardware/share/ttt_hardware/package.ps1'
[0.528s] INFO:colcon.colcon_core.shell:Creating package descriptor '/home/shai/ros2_ttt_robot/install/ttt_hardware/share/ttt_hardware/package.dsv'
[0.532s] INFO:colcon.colcon_core.shell:Creating package script '/home/shai/ros2_ttt_robot/install/ttt_hardware/share/ttt_hardware/package.sh'
[0.533s] INFO:colcon.colcon_core.shell:Creating package script '/home/shai/ros2_ttt_robot/install/ttt_hardware/share/ttt_hardware/package.bash'
[0.534s] INFO:colcon.colcon_core.shell:Creating package script '/home/shai/ros2_ttt_robot/install/ttt_hardware/share/ttt_hardware/package.zsh'
[0.535s] Level 1:colcon.colcon_core.environment:create_file_with_runtime_dependencies(/home/shai/ros2_ttt_robot/install/ttt_hardware/share/colcon-core/packages/ttt_hardware)
[0.536s] Level 1:colcon.colcon_core.environment:create_environment_scripts_only(ttt_hardware)
[0.536s] Level 1:colcon.colcon_core.environment:checking '/home/shai/ros2_ttt_robot/install/ttt_hardware' for CMake module files
[0.537s] Level 1:colcon.colcon_core.environment:checking '/home/shai/ros2_ttt_robot/install/ttt_hardware' for CMake config files
[0.537s] Level 1:colcon.colcon_core.shell:create_environment_hook('ttt_hardware', 'cmake_prefix_path')
[0.538s] INFO:colcon.colcon_core.shell:Creating environment hook '/home/shai/ros2_ttt_robot/install/ttt_hardware/share/ttt_hardware/hook/cmake_prefix_path.ps1'
[0.538s] INFO:colcon.colcon_core.shell:Creating environment descriptor '/home/shai/ros2_ttt_robot/install/ttt_hardware/share/ttt_hardware/hook/cmake_prefix_path.dsv'
[0.542s] INFO:colcon.colcon_core.shell:Creating environment hook '/home/shai/ros2_ttt_robot/install/ttt_hardware/share/ttt_hardware/hook/cmake_prefix_path.sh'
[0.543s] Level 1:colcon.colcon_core.environment:checking '/home/shai/ros2_ttt_robot/install/ttt_hardware/bin'
[0.543s] Level 1:colcon.colcon_core.environment:checking '/home/shai/ros2_ttt_robot/install/ttt_hardware/lib/pkgconfig/ttt_hardware.pc'
[0.544s] Level 1:colcon.colcon_core.environment:checking '/home/shai/ros2_ttt_robot/install/ttt_hardware/lib/python3.12/site-packages'
[0.544s] Level 1:colcon.colcon_core.environment:checking '/home/shai/ros2_ttt_robot/install/ttt_hardware/bin'
[0.545s] INFO:colcon.colcon_core.shell:Creating package script '/home/shai/ros2_ttt_robot/install/ttt_hardware/share/ttt_hardware/package.ps1'
[0.546s] INFO:colcon.colcon_core.shell:Creating package descriptor '/home/shai/ros2_ttt_robot/install/ttt_hardware/share/ttt_hardware/package.dsv'
[0.547s] INFO:colcon.colcon_core.shell:Creating package script '/home/shai/ros2_ttt_robot/install/ttt_hardware/share/ttt_hardware/package.sh'
[0.548s] INFO:colcon.colcon_core.shell:Creating package script '/home/shai/ros2_ttt_robot/install/ttt_hardware/share/ttt_hardware/package.bash'
[0.549s] INFO:colcon.colcon_core.shell:Creating package script '/home/shai/ros2_ttt_robot/install/ttt_hardware/share/ttt_hardware/package.zsh'
[0.550s] Level 1:colcon.colcon_core.environment:create_file_with_runtime_dependencies(/home/shai/ros2_ttt_robot/install/ttt_hardware/share/colcon-core/packages/ttt_hardware)
[0.552s] Level 1:colcon.colcon_core.environment:create_environment_scripts_only(ttt_motion)
[0.553s] Level 1:colcon.colcon_core.environment:checking '/home/shai/ros2_ttt_robot/install/ttt_motion' for CMake module files
[0.553s] DEBUG:colcon.colcon_core.event_handler.log_command:Invoked command in '/home/shai/ros2_ttt_robot/build/ttt_motion' returned '0': CMAKE_PREFIX_PATH=${CMAKE_PREFIX_PATH}:/home/shai/ros2_ws/install/stepper_driver:/home/shai/ros2_ws/install/poti_serial:/home/shai/ros2_ws/install/poti_mapper:/opt/ros/jazzy /usr/bin/cmake --install /home/shai/ros2_ttt_robot/build/ttt_motion
[0.554s] Level 1:colcon.colcon_core.environment:checking '/home/shai/ros2_ttt_robot/install/ttt_motion' for CMake config files
[0.554s] Level 1:colcon.colcon_core.shell:create_environment_hook('ttt_motion', 'cmake_prefix_path')
[0.555s] INFO:colcon.colcon_core.shell:Creating environment hook '/home/shai/ros2_ttt_robot/install/ttt_motion/share/ttt_motion/hook/cmake_prefix_path.ps1'
[0.555s] INFO:colcon.colcon_core.shell:Creating environment descriptor '/home/shai/ros2_ttt_robot/install/ttt_motion/share/ttt_motion/hook/cmake_prefix_path.dsv'
[0.559s] INFO:colcon.colcon_core.shell:Creating environment hook '/home/shai/ros2_ttt_robot/install/ttt_motion/share/ttt_motion/hook/cmake_prefix_path.sh'
[0.560s] Level 1:colcon.colcon_core.environment:checking '/home/shai/ros2_ttt_robot/install/ttt_motion/bin'
[0.560s] Level 1:colcon.colcon_core.environment:checking '/home/shai/ros2_ttt_robot/install/ttt_motion/lib/pkgconfig/ttt_motion.pc'
[0.561s] Level 1:colcon.colcon_core.environment:checking '/home/shai/ros2_ttt_robot/install/ttt_motion/lib/python3.12/site-packages'
[0.561s] Level 1:colcon.colcon_core.environment:checking '/home/shai/ros2_ttt_robot/install/ttt_motion/bin'
[0.562s] INFO:colcon.colcon_core.shell:Creating package script '/home/shai/ros2_ttt_robot/install/ttt_motion/share/ttt_motion/package.ps1'
[0.562s] INFO:colcon.colcon_core.shell:Creating package descriptor '/home/shai/ros2_ttt_robot/install/ttt_motion/share/ttt_motion/package.dsv'
[0.564s] INFO:colcon.colcon_core.shell:Creating package script '/home/shai/ros2_ttt_robot/install/ttt_motion/share/ttt_motion/package.sh'
[0.565s] INFO:colcon.colcon_core.shell:Creating package script '/home/shai/ros2_ttt_robot/install/ttt_motion/share/ttt_motion/package.bash'
[0.566s] INFO:colcon.colcon_core.shell:Creating package script '/home/shai/ros2_ttt_robot/install/ttt_motion/share/ttt_motion/package.zsh'
[0.567s] Level 1:colcon.colcon_core.environment:create_file_with_runtime_dependencies(/home/shai/ros2_ttt_robot/install/ttt_motion/share/colcon-core/packages/ttt_motion)
[0.568s] Level 1:colcon.colcon_core.environment:create_environment_scripts_only(ttt_motion)
[0.568s] Level 1:colcon.colcon_core.environment:checking '/home/shai/ros2_ttt_robot/install/ttt_motion' for CMake module files
[0.568s] Level 1:colcon.colcon_core.environment:checking '/home/shai/ros2_ttt_robot/install/ttt_motion' for CMake config files
[0.569s] Level 1:colcon.colcon_core.shell:create_environment_hook('ttt_motion', 'cmake_prefix_path')
[0.569s] INFO:colcon.colcon_core.shell:Creating environment hook '/home/shai/ros2_ttt_robot/install/ttt_motion/share/ttt_motion/hook/cmake_prefix_path.ps1'
[0.570s] INFO:colcon.colcon_core.shell:Creating environment descriptor '/home/shai/ros2_ttt_robot/install/ttt_motion/share/ttt_motion/hook/cmake_prefix_path.dsv'
[0.571s] INFO:colcon.colcon_core.shell:Creating environment hook '/home/shai/ros2_ttt_robot/install/ttt_motion/share/ttt_motion/hook/cmake_prefix_path.sh'
[0.572s] Level 1:colcon.colcon_core.environment:checking '/home/shai/ros2_ttt_robot/install/ttt_motion/bin'
[0.572s] Level 1:colcon.colcon_core.environment:checking '/home/shai/ros2_ttt_robot/install/ttt_motion/lib/pkgconfig/ttt_motion.pc'
[0.572s] Level 1:colcon.colcon_core.environment:checking '/home/shai/ros2_ttt_robot/install/ttt_motion/lib/python3.12/site-packages'
[0.573s] Level 1:colcon.colcon_core.environment:checking '/home/shai/ros2_ttt_robot/install/ttt_motion/bin'
[0.573s] INFO:colcon.colcon_core.shell:Creating package script '/home/shai/ros2_ttt_robot/install/ttt_motion/share/ttt_motion/package.ps1'
[0.574s] INFO:colcon.colcon_core.shell:Creating package descriptor '/home/shai/ros2_ttt_robot/install/ttt_motion/share/ttt_motion/package.dsv'
[0.576s] INFO:colcon.colcon_core.shell:Creating package script '/home/shai/ros2_ttt_robot/install/ttt_motion/share/ttt_motion/package.sh'
[0.577s] INFO:colcon.colcon_core.shell:Creating package script '/home/shai/ros2_ttt_robot/install/ttt_motion/share/ttt_motion/package.bash'
[0.578s] INFO:colcon.colcon_core.shell:Creating package script '/home/shai/ros2_ttt_robot/install/ttt_motion/share/ttt_motion/package.zsh'
[0.579s] Level 1:colcon.colcon_core.environment:create_file_with_runtime_dependencies(/home/shai/ros2_ttt_robot/install/ttt_motion/share/colcon-core/packages/ttt_motion)
[0.580s] Level 1:colcon.colcon_core.environment:create_environment_scripts_only(ttt_game)
[0.580s] Level 1:colcon.colcon_core.environment:checking '/home/shai/ros2_ttt_robot/install/ttt_game' for CMake module files
[0.581s] Level 1:colcon.colcon_core.environment:checking '/home/shai/ros2_ttt_robot/install/ttt_game' for CMake config files
[0.582s] DEBUG:colcon.colcon_core.event_handler.log_command:Invoked command in '/home/shai/ros2_ttt_robot/build/ttt_game' returned '0': CMAKE_PREFIX_PATH=${CMAKE_PREFIX_PATH}:/home/shai/ros2_ws/install/stepper_driver:/home/shai/ros2_ws/install/poti_serial:/home/shai/ros2_ws/install/poti_mapper:/opt/ros/jazzy /usr/bin/cmake --install /home/shai/ros2_ttt_robot/build/ttt_game
[0.582s] Level 1:colcon.colcon_core.shell:create_environment_hook('ttt_game', 'cmake_prefix_path')
[0.582s] INFO:colcon.colcon_core.shell:Creating environment hook '/home/shai/ros2_ttt_robot/install/ttt_game/share/ttt_game/hook/cmake_prefix_path.ps1'
[0.583s] INFO:colcon.colcon_core.shell:Creating environment descriptor '/home/shai/ros2_ttt_robot/install/ttt_game/share/ttt_game/hook/cmake_prefix_path.dsv'
[0.584s] INFO:colcon.colcon_core.shell:Creating environment hook '/home/shai/ros2_ttt_robot/install/ttt_game/share/ttt_game/hook/cmake_prefix_path.sh'
[0.585s] Level 1:colcon.colcon_core.environment:checking '/home/shai/ros2_ttt_robot/install/ttt_game/bin'
[0.586s] Level 1:colcon.colcon_core.environment:checking '/home/shai/ros2_ttt_robot/install/ttt_game/lib/pkgconfig/ttt_game.pc'
[0.586s] Level 1:colcon.colcon_core.environment:checking '/home/shai/ros2_ttt_robot/install/ttt_game/lib/python3.12/site-packages'
[0.586s] Level 1:colcon.colcon_core.environment:checking '/home/shai/ros2_ttt_robot/install/ttt_game/bin'
[0.587s] INFO:colcon.colcon_core.shell:Creating package script '/home/shai/ros2_ttt_robot/install/ttt_game/share/ttt_game/package.ps1'
[0.587s] INFO:colcon.colcon_core.shell:Creating package descriptor '/home/shai/ros2_ttt_robot/install/ttt_game/share/ttt_game/package.dsv'
[0.589s] INFO:colcon.colcon_core.shell:Creating package script '/home/shai/ros2_ttt_robot/install/ttt_game/share/ttt_game/package.sh'
[0.595s] INFO:colcon.colcon_core.shell:Creating package script '/home/shai/ros2_ttt_robot/install/ttt_game/share/ttt_game/package.bash'
[0.596s] INFO:colcon.colcon_core.shell:Creating package script '/home/shai/ros2_ttt_robot/install/ttt_game/share/ttt_game/package.zsh'
[0.597s] Level 1:colcon.colcon_core.environment:create_file_with_runtime_dependencies(/home/shai/ros2_ttt_robot/install/ttt_game/share/colcon-core/packages/ttt_game)
[0.597s] Level 1:colcon.colcon_core.environment:create_environment_scripts_only(ttt_game)
[0.598s] Level 1:colcon.colcon_core.environment:checking '/home/shai/ros2_ttt_robot/install/ttt_game' for CMake module files
[0.598s] Level 1:colcon.colcon_core.environment:checking '/home/shai/ros2_ttt_robot/install/ttt_game' for CMake config files
[0.598s] Level 1:colcon.colcon_core.shell:create_environment_hook('ttt_game', 'cmake_prefix_path')
[0.599s] INFO:colcon.colcon_core.shell:Creating environment hook '/home/shai/ros2_ttt_robot/install/ttt_game/share/ttt_game/hook/cmake_prefix_path.ps1'
[0.599s] INFO:colcon.colcon_core.shell:Creating environment descriptor '/home/shai/ros2_ttt_robot/install/ttt_game/share/ttt_game/hook/cmake_prefix_path.dsv'
[0.600s] INFO:colcon.colcon_core.shell:Creating environment hook '/home/shai/ros2_ttt_robot/install/ttt_game/share/ttt_game/hook/cmake_prefix_path.sh'
[0.602s] Level 1:colcon.colcon_core.environment:checking '/home/shai/ros2_ttt_robot/install/ttt_game/bin'
[0.602s] Level 1:colcon.colcon_core.environment:checking '/home/shai/ros2_ttt_robot/install/ttt_game/lib/pkgconfig/ttt_game.pc'
[0.602s] Level 1:colcon.colcon_core.environment:checking '/home/shai/ros2_ttt_robot/install/ttt_game/lib/python3.12/site-packages'
[0.603s] Level 1:colcon.colcon_core.environment:checking '/home/shai/ros2_ttt_robot/install/ttt_game/bin'
[0.603s] INFO:colcon.colcon_core.shell:Creating package script '/home/shai/ros2_ttt_robot/install/ttt_game/share/ttt_game/package.ps1'
[0.604s] INFO:colcon.colcon_core.shell:Creating package descriptor '/home/shai/ros2_ttt_robot/install/ttt_game/share/ttt_game/package.dsv'
[0.605s] INFO:colcon.colcon_core.shell:Creating package script '/home/shai/ros2_ttt_robot/install/ttt_game/share/ttt_game/package.sh'
[0.606s] INFO:colcon.colcon_core.shell:Creating package script '/home/shai/ros2_ttt_robot/install/ttt_game/share/ttt_game/package.bash'
[0.607s] INFO:colcon.colcon_core.shell:Creating package script '/home/shai/ros2_ttt_robot/install/ttt_game/share/ttt_game/package.zsh'
[0.608s] Level 1:colcon.colcon_core.environment:create_file_with_runtime_dependencies(/home/shai/ros2_ttt_robot/install/ttt_game/share/colcon-core/packages/ttt_game)
[4.821s] DEBUG:colcon.colcon_core.event_handler.log_command:Invoked command in '/home/shai/ros2_ttt_robot/build/ttt_msgs' returned '0': CMAKE_PREFIX_PATH=${CMAKE_PREFIX_PATH}:/home/shai/ros2_ws/install/stepper_driver:/home/shai/ros2_ws/install/poti_serial:/home/shai/ros2_ws/install/poti_mapper:/opt/ros/jazzy /usr/bin/cmake /home/shai/ros2_ttt_robot/src/ttt_msgs -DCMAKE_INSTALL_PREFIX=/home/shai/ros2_ttt_robot/install/ttt_msgs
[4.823s] DEBUG:colcon.colcon_core.event_handler.log_command:Invoking command in '/home/shai/ros2_ttt_robot/build/ttt_msgs': CMAKE_PREFIX_PATH=${CMAKE_PREFIX_PATH}:/home/shai/ros2_ws/install/stepper_driver:/home/shai/ros2_ws/install/poti_serial:/home/shai/ros2_ws/install/poti_mapper:/opt/ros/jazzy /usr/bin/cmake --build /home/shai/ros2_ttt_robot/build/ttt_msgs -- -j4 -l4
[22.889s] DEBUG:colcon.colcon_core.event_handler.log_command:Invoked command in '/home/shai/ros2_ttt_robot/build/ttt_msgs' returned '0': CMAKE_PREFIX_PATH=${CMAKE_PREFIX_PATH}:/home/shai/ros2_ws/install/stepper_driver:/home/shai/ros2_ws/install/poti_serial:/home/shai/ros2_ws/install/poti_mapper:/opt/ros/jazzy /usr/bin/cmake --build /home/shai/ros2_ttt_robot/build/ttt_msgs -- -j4 -l4
[22.891s] DEBUG:colcon.colcon_core.event_handler.log_command:Invoking command in '/home/shai/ros2_ttt_robot/build/ttt_msgs': CMAKE_PREFIX_PATH=${CMAKE_PREFIX_PATH}:/home/shai/ros2_ws/install/stepper_driver:/home/shai/ros2_ws/install/poti_serial:/home/shai/ros2_ws/install/poti_mapper:/opt/ros/jazzy /usr/bin/cmake --install /home/shai/ros2_ttt_robot/build/ttt_msgs
[23.099s] Level 1:colcon.colcon_core.environment:create_environment_scripts_only(ttt_msgs)
[23.099s] Level 1:colcon.colcon_core.environment:checking '/home/shai/ros2_ttt_robot/install/ttt_msgs' for CMake module files
[23.099s] DEBUG:colcon.colcon_core.event_handler.log_command:Invoked command in '/home/shai/ros2_ttt_robot/build/ttt_msgs' returned '0': CMAKE_PREFIX_PATH=${CMAKE_PREFIX_PATH}:/home/shai/ros2_ws/install/stepper_driver:/home/shai/ros2_ws/install/poti_serial:/home/shai/ros2_ws/install/poti_mapper:/opt/ros/jazzy /usr/bin/cmake --install /home/shai/ros2_ttt_robot/build/ttt_msgs
[23.100s] Level 1:colcon.colcon_core.environment:checking '/home/shai/ros2_ttt_robot/install/ttt_msgs' for CMake config files
[23.101s] Level 1:colcon.colcon_core.shell:create_environment_hook('ttt_msgs', 'cmake_prefix_path')
[23.101s] INFO:colcon.colcon_core.shell:Creating environment hook '/home/shai/ros2_ttt_robot/install/ttt_msgs/share/ttt_msgs/hook/cmake_prefix_path.ps1'
[23.102s] INFO:colcon.colcon_core.shell:Creating environment descriptor '/home/shai/ros2_ttt_robot/install/ttt_msgs/share/ttt_msgs/hook/cmake_prefix_path.dsv'
[23.102s] INFO:colcon.colcon_core.shell:Creating environment hook '/home/shai/ros2_ttt_robot/install/ttt_msgs/share/ttt_msgs/hook/cmake_prefix_path.sh'
[23.103s] Level 1:colcon.colcon_core.environment:checking '/home/shai/ros2_ttt_robot/install/ttt_msgs/lib'
[23.103s] Level 1:colcon.colcon_core.shell:create_environment_hook('ttt_msgs', 'ld_library_path_lib')
[23.103s] INFO:colcon.colcon_core.shell:Creating environment hook '/home/shai/ros2_ttt_robot/install/ttt_msgs/share/ttt_msgs/hook/ld_library_path_lib.ps1'
[23.104s] INFO:colcon.colcon_core.shell:Creating environment descriptor '/home/shai/ros2_ttt_robot/install/ttt_msgs/share/ttt_msgs/hook/ld_library_path_lib.dsv'
[23.104s] INFO:colcon.colcon_core.shell:Creating environment hook '/home/shai/ros2_ttt_robot/install/ttt_msgs/share/ttt_msgs/hook/ld_library_path_lib.sh'
[23.105s] Level 1:colcon.colcon_core.environment:checking '/home/shai/ros2_ttt_robot/install/ttt_msgs/bin'
[23.105s] Level 1:colcon.colcon_core.environment:checking '/home/shai/ros2_ttt_robot/install/ttt_msgs/lib/pkgconfig/ttt_msgs.pc'
[23.105s] Level 1:colcon.colcon_core.environment:checking '/home/shai/ros2_ttt_robot/install/ttt_msgs/lib/python3.12/site-packages'
[23.105s] Level 1:colcon.colcon_core.shell:create_environment_hook('ttt_msgs', 'pythonpath')
[23.106s] INFO:colcon.colcon_core.shell:Creating environment hook '/home/shai/ros2_ttt_robot/install/ttt_msgs/share/ttt_msgs/hook/pythonpath.ps1'
[23.106s] INFO:colcon.colcon_core.shell:Creating environment descriptor '/home/shai/ros2_ttt_robot/install/ttt_msgs/share/ttt_msgs/hook/pythonpath.dsv'
[23.106s] INFO:colcon.colcon_core.shell:Creating environment hook '/home/shai/ros2_ttt_robot/install/ttt_msgs/share/ttt_msgs/hook/pythonpath.sh'
[23.107s] Level 1:colcon.colcon_core.environment:checking '/home/shai/ros2_ttt_robot/install/ttt_msgs/bin'
[23.108s] INFO:colcon.colcon_core.shell:Creating package script '/home/shai/ros2_ttt_robot/install/ttt_msgs/share/ttt_msgs/package.ps1'
[23.108s] INFO:colcon.colcon_core.shell:Creating package descriptor '/home/shai/ros2_ttt_robot/install/ttt_msgs/share/ttt_msgs/package.dsv'
[23.110s] INFO:colcon.colcon_core.shell:Creating package script '/home/shai/ros2_ttt_robot/install/ttt_msgs/share/ttt_msgs/package.sh'
[23.111s] INFO:colcon.colcon_core.shell:Creating package script '/home/shai/ros2_ttt_robot/install/ttt_msgs/share/ttt_msgs/package.bash'
[23.111s] INFO:colcon.colcon_core.shell:Creating package script '/home/shai/ros2_ttt_robot/install/ttt_msgs/share/ttt_msgs/package.zsh'
[23.112s] Level 1:colcon.colcon_core.environment:create_file_with_runtime_dependencies(/home/shai/ros2_ttt_robot/install/ttt_msgs/share/colcon-core/packages/ttt_msgs)
[23.114s] Level 1:colcon.colcon_core.environment:create_environment_scripts_only(ttt_msgs)
[23.114s] Level 1:colcon.colcon_core.environment:checking '/home/shai/ros2_ttt_robot/install/ttt_msgs' for CMake module files
[23.115s] Level 1:colcon.colcon_core.environment:checking '/home/shai/ros2_ttt_robot/install/ttt_msgs' for CMake config files
[23.116s] Level 1:colcon.colcon_core.shell:create_environment_hook('ttt_msgs', 'cmake_prefix_path')
[23.116s] INFO:colcon.colcon_core.shell:Creating environment hook '/home/shai/ros2_ttt_robot/install/ttt_msgs/share/ttt_msgs/hook/cmake_prefix_path.ps1'
[23.117s] INFO:colcon.colcon_core.shell:Creating environment descriptor '/home/shai/ros2_ttt_robot/install/ttt_msgs/share/ttt_msgs/hook/cmake_prefix_path.dsv'
[23.117s] INFO:colcon.colcon_core.shell:Creating environment hook '/home/shai/ros2_ttt_robot/install/ttt_msgs/share/ttt_msgs/hook/cmake_prefix_path.sh'
[23.118s] Level 1:colcon.colcon_core.environment:checking '/home/shai/ros2_ttt_robot/install/ttt_msgs/lib'
[23.119s] Level 1:colcon.colcon_core.shell:create_environment_hook('ttt_msgs', 'ld_library_path_lib')
[23.119s] INFO:colcon.colcon_core.shell:Creating environment hook '/home/shai/ros2_ttt_robot/install/ttt_msgs/share/ttt_msgs/hook/ld_library_path_lib.ps1'
[23.119s] INFO:colcon.colcon_core.shell:Creating environment descriptor '/home/shai/ros2_ttt_robot/install/ttt_msgs/share/ttt_msgs/hook/ld_library_path_lib.dsv'
[23.120s] INFO:colcon.colcon_core.shell:Creating environment hook '/home/shai/ros2_ttt_robot/install/ttt_msgs/share/ttt_msgs/hook/ld_library_path_lib.sh'
[23.121s] Level 1:colcon.colcon_core.environment:checking '/home/shai/ros2_ttt_robot/install/ttt_msgs/bin'
[23.121s] Level 1:colcon.colcon_core.environment:checking '/home/shai/ros2_ttt_robot/install/ttt_msgs/lib/pkgconfig/ttt_msgs.pc'
[23.121s] Level 1:colcon.colcon_core.environment:checking '/home/shai/ros2_ttt_robot/install/ttt_msgs/lib/python3.12/site-packages'
[23.122s] Level 1:colcon.colcon_core.shell:create_environment_hook('ttt_msgs', 'pythonpath')
[23.122s] INFO:colcon.colcon_core.shell:Creating environment hook '/home/shai/ros2_ttt_robot/install/ttt_msgs/share/ttt_msgs/hook/pythonpath.ps1'
[23.122s] INFO:colcon.colcon_core.shell:Creating environment descriptor '/home/shai/ros2_ttt_robot/install/ttt_msgs/share/ttt_msgs/hook/pythonpath.dsv'
[23.124s] INFO:colcon.colcon_core.shell:Creating environment hook '/home/shai/ros2_ttt_robot/install/ttt_msgs/share/ttt_msgs/hook/pythonpath.sh'
[23.125s] Level 1:colcon.colcon_core.environment:checking '/home/shai/ros2_ttt_robot/install/ttt_msgs/bin'
[23.125s] INFO:colcon.colcon_core.shell:Creating package script '/home/shai/ros2_ttt_robot/install/ttt_msgs/share/ttt_msgs/package.ps1'
[23.126s] INFO:colcon.colcon_core.shell:Creating package descriptor '/home/shai/ros2_ttt_robot/install/ttt_msgs/share/ttt_msgs/package.dsv'
[23.127s] INFO:colcon.colcon_core.shell:Creating package script '/home/shai/ros2_ttt_robot/install/ttt_msgs/share/ttt_msgs/package.sh'
[23.128s] INFO:colcon.colcon_core.shell:Creating package script '/home/shai/ros2_ttt_robot/install/ttt_msgs/share/ttt_msgs/package.bash'
[23.129s] INFO:colcon.colcon_core.shell:Creating package script '/home/shai/ros2_ttt_robot/install/ttt_msgs/share/ttt_msgs/package.zsh'
[23.130s] Level 1:colcon.colcon_core.environment:create_file_with_runtime_dependencies(/home/shai/ros2_ttt_robot/install/ttt_msgs/share/colcon-core/packages/ttt_msgs)
[23.131s] DEBUG:colcon.colcon_parallel_executor.executor.parallel:closing loop
[23.131s] DEBUG:colcon.colcon_parallel_executor.executor.parallel:loop closed
[23.131s] DEBUG:colcon.colcon_parallel_executor.executor.parallel:run_until_complete finished with '0'
[23.132s] DEBUG:colcon.colcon_core.event_reactor:joining thread
[23.140s] INFO:colcon.colcon_core.plugin_system:Skipping extension 'colcon_notification.desktop_notification.notify_send': Could not find 'notify-send'
[23.140s] INFO:colcon.colcon_core.plugin_system:Skipping extension 'colcon_notification.desktop_notification.terminal_notifier': Not used on non-Darwin systems
[23.140s] INFO:colcon.colcon_core.plugin_system:Skipping extension 'colcon_notification.desktop_notification.win32': Not used on non-Windows systems
[23.140s] INFO:colcon.colcon_notification.desktop_notification:Sending desktop notification using 'notify2'
[23.141s] DEBUG:colcon.colcon_notification.desktop_notification.notify2:Failed to initialize notify2: org.freedesktop.DBus.Error.ServiceUnknown: The name org.freedesktop.Notifications was not provided by any .service files
[23.142s] DEBUG:colcon.colcon_core.event_reactor:joined thread
[23.142s] INFO:colcon.colcon_core.shell:Creating prefix script '/home/shai/ros2_ttt_robot/install/local_setup.ps1'
[23.143s] INFO:colcon.colcon_core.shell:Creating prefix util module '/home/shai/ros2_ttt_robot/install/_local_setup_util_ps1.py'
[23.145s] INFO:colcon.colcon_core.shell:Creating prefix chain script '/home/shai/ros2_ttt_robot/install/setup.ps1'
[23.147s] INFO:colcon.colcon_core.shell:Creating prefix script '/home/shai/ros2_ttt_robot/install/local_setup.sh'
[23.151s] INFO:colcon.colcon_core.shell:Creating prefix util module '/home/shai/ros2_ttt_robot/install/_local_setup_util_sh.py'
[23.153s] INFO:colcon.colcon_core.shell:Creating prefix chain script '/home/shai/ros2_ttt_robot/install/setup.sh'
[23.155s] INFO:colcon.colcon_core.shell:Creating prefix script '/home/shai/ros2_ttt_robot/install/local_setup.bash'
[23.156s] INFO:colcon.colcon_core.shell:Creating prefix chain script '/home/shai/ros2_ttt_robot/install/setup.bash'
[23.157s] INFO:colcon.colcon_core.shell:Creating prefix script '/home/shai/ros2_ttt_robot/install/local_setup.zsh'
[23.158s] INFO:colcon.colcon_core.shell:Creating prefix chain script '/home/shai/ros2_ttt_robot/install/setup.zsh'
