[0.025s] Invoking command in '/home/shai/ros2_ttt_robot/build/ttt_msgs': CMAKE_PREFIX_PATH=${CMAKE_PREFIX_PATH}:/home/shai/ros2_ws/install/stepper_driver:/home/shai/ros2_ws/install/poti_serial:/home/shai/ros2_ws/install/poti_mapper:/opt/ros/jazzy /usr/bin/cmake /home/shai/ros2_ttt_robot/src/ttt_msgs -DCMAKE_INSTALL_PREFIX=/home/shai/ros2_ttt_robot/install/ttt_msgs
[0.831s] -- The C compiler identification is GNU 13.3.0
[1.426s] -- The CXX compiler identification is GNU 13.3.0
[1.473s] -- Detecting C compiler ABI info
[1.735s] -- Detecting C compiler ABI info - done
[1.751s] -- Check for working C compiler: /usr/bin/cc - skipped
[1.751s] -- Detecting C compile features
[1.755s] -- Detecting C compile features - done
[1.784s] -- Detecting CXX compiler ABI info
[2.049s] -- Detecting CXX compiler ABI info - done
[2.071s] -- Check for working CXX compiler: /usr/bin/c++ - skipped
[2.071s] -- Detecting CXX compile features
[2.072s] -- Detecting CXX compile features - done
[2.085s] -- Found ament_cmake: 2.5.4 (/opt/ros/jazzy/share/ament_cmake/cmake)
[2.467s] -- Found Python3: /usr/bin/python3 (found version "3.12.3") found components: Interpreter 
[2.759s] -- Found rosidl_default_generators: 1.6.0 (/opt/ros/jazzy/share/rosidl_default_generators/cmake)
[2.787s] -- Using all available rosidl_typesupport_c: rosidl_typesupport_fastrtps_c;rosidl_typesupport_introspection_c
[2.959s] -- Using all available rosidl_typesupport_cpp: rosidl_typesupport_fastrtps_cpp;rosidl_typesupport_introspection_cpp
[3.116s] -- Found rosidl_adapter: 4.6.6 (/opt/ros/jazzy/share/rosidl_adapter/cmake)
[3.828s] [31mCMake Error at /opt/ros/jazzy/share/rosidl_cmake/cmake/rosidl_generate_interfaces.cmake:223 (message):
[3.828s]   Packages installing interfaces must include
[3.828s]   '<member_of_group>rosidl_interface_packages</member_of_group>' in their
[3.828s]   package.xml
[3.828s] Call Stack (most recent call first):
[3.828s]   CMakeLists.txt:15 (rosidl_generate_interfaces)
[3.828s] 
[3.828s] [0m
[3.829s] -- Configuring incomplete, errors occurred!
[3.840s] Invoked command in '/home/shai/ros2_ttt_robot/build/ttt_msgs' returned '1': CMAKE_PREFIX_PATH=${CMAKE_PREFIX_PATH}:/home/shai/ros2_ws/install/stepper_driver:/home/shai/ros2_ws/install/poti_serial:/home/shai/ros2_ws/install/poti_mapper:/opt/ros/jazzy /usr/bin/cmake /home/shai/ros2_ttt_robot/src/ttt_msgs -DCMAKE_INSTALL_PREFIX=/home/shai/ros2_ttt_robot/install/ttt_msgs
