[0.028s] Invoking command in '/home/shai/ros2_ttt_robot/build/ttt_motion': CMAKE_PREFIX_PATH=${CMAKE_PREFIX_PATH}:/home/shai/ros2_ws/install/stepper_driver:/home/shai/ros2_ws/install/poti_serial:/home/shai/ros2_ws/install/poti_mapper:/opt/ros/jazzy /usr/bin/cmake --build /home/shai/ros2_ttt_robot/build/ttt_motion -- -j4 -l4
[0.141s] Invoked command in '/home/shai/ros2_ttt_robot/build/ttt_motion' returned '0': CMAKE_PREFIX_PATH=${CMAKE_PREFIX_PATH}:/home/shai/ros2_ws/install/stepper_driver:/home/shai/ros2_ws/install/poti_serial:/home/shai/ros2_ws/install/poti_mapper:/opt/ros/jazzy /usr/bin/cmake --build /home/shai/ros2_ttt_robot/build/ttt_motion -- -j4 -l4
[0.141s] Invoking command in '/home/shai/ros2_ttt_robot/build/ttt_motion': CMAKE_PREFIX_PATH=${CMAKE_PREFIX_PATH}:/home/shai/ros2_ws/install/stepper_driver:/home/shai/ros2_ws/install/poti_serial:/home/shai/ros2_ws/install/poti_mapper:/opt/ros/jazzy /usr/bin/cmake --install /home/shai/ros2_ttt_robot/build/ttt_motion
[0.158s] -- Install configuration: ""
[0.158s] -- Up-to-date: /home/shai/ros2_ttt_robot/install/ttt_motion/share/ament_index/resource_index/package_run_dependencies/ttt_motion
[0.158s] -- Up-to-date: /home/shai/ros2_ttt_robot/install/ttt_motion/share/ament_index/resource_index/parent_prefix_path/ttt_motion
[0.158s] -- Up-to-date: /home/shai/ros2_ttt_robot/install/ttt_motion/share/ttt_motion/environment/ament_prefix_path.sh
[0.158s] -- Up-to-date: /home/shai/ros2_ttt_robot/install/ttt_motion/share/ttt_motion/environment/ament_prefix_path.dsv
[0.158s] -- Up-to-date: /home/shai/ros2_ttt_robot/install/ttt_motion/share/ttt_motion/environment/path.sh
[0.159s] -- Up-to-date: /home/shai/ros2_ttt_robot/install/ttt_motion/share/ttt_motion/environment/path.dsv
[0.159s] -- Up-to-date: /home/shai/ros2_ttt_robot/install/ttt_motion/share/ttt_motion/local_setup.bash
[0.159s] -- Up-to-date: /home/shai/ros2_ttt_robot/install/ttt_motion/share/ttt_motion/local_setup.sh
[0.159s] -- Up-to-date: /home/shai/ros2_ttt_robot/install/ttt_motion/share/ttt_motion/local_setup.zsh
[0.162s] -- Up-to-date: /home/shai/ros2_ttt_robot/install/ttt_motion/share/ttt_motion/local_setup.dsv
[0.162s] -- Up-to-date: /home/shai/ros2_ttt_robot/install/ttt_motion/share/ttt_motion/package.dsv
[0.163s] -- Up-to-date: /home/shai/ros2_ttt_robot/install/ttt_motion/share/ament_index/resource_index/packages/ttt_motion
[0.163s] -- Up-to-date: /home/shai/ros2_ttt_robot/install/ttt_motion/share/ttt_motion/cmake/ttt_motionConfig.cmake
[0.163s] -- Up-to-date: /home/shai/ros2_ttt_robot/install/ttt_motion/share/ttt_motion/cmake/ttt_motionConfig-version.cmake
[0.163s] -- Up-to-date: /home/shai/ros2_ttt_robot/install/ttt_motion/share/ttt_motion/package.xml
[0.201s] Invoked command in '/home/shai/ros2_ttt_robot/build/ttt_motion' returned '0': CMAKE_PREFIX_PATH=${CMAKE_PREFIX_PATH}:/home/shai/ros2_ws/install/stepper_driver:/home/shai/ros2_ws/install/poti_serial:/home/shai/ros2_ws/install/poti_mapper:/opt/ros/jazzy /usr/bin/cmake --install /home/shai/ros2_ttt_robot/build/ttt_motion
