[0.027s] Invoking command in '/home/shai/ros2_ttt_robot/build/ttt_hardware': CMAKE_PREFIX_PATH=${CMAKE_PREFIX_PATH}:/home/shai/ros2_ws/install/stepper_driver:/home/shai/ros2_ws/install/poti_serial:/home/shai/ros2_ws/install/poti_mapper:/opt/ros/jazzy /usr/bin/cmake /home/shai/ros2_ttt_robot/src/ttt_hardware -DCMAKE_INSTALL_PREFIX=/home/shai/ros2_ttt_robot/install/ttt_hardware
[0.845s] -- The C compiler identification is GNU 13.3.0
[1.437s] -- The CXX compiler identification is GNU 13.3.0
[1.484s] -- Detecting C compiler ABI info
[1.751s] -- Detecting C compiler ABI info - done
[1.767s] -- Check for working C compiler: /usr/bin/cc - skipped
[1.767s] -- Detecting C compile features
[1.768s] -- Detecting C compile features - done
[1.789s] -- Detecting CXX compiler ABI info
[2.055s] -- Detecting CXX compiler ABI info - done
[2.082s] -- Check for working CXX compiler: /usr/bin/c++ - skipped
[2.083s] -- Detecting CXX compile features
[2.084s] -- Detecting CXX compile features - done
[2.096s] -- Found ament_cmake: 2.5.4 (/opt/ros/jazzy/share/ament_cmake/cmake)
[2.459s] -- Found Python3: /usr/bin/python3 (found version "3.12.3") found components: Interpreter 
[2.769s] -- Found ament_lint_auto: 0.17.3 (/opt/ros/jazzy/share/ament_lint_auto/cmake)
[3.059s] -- Added test 'lint_cmake' to check CMake code style
[3.064s] -- Added test 'xmllint' to check XML markup files
[3.069s] -- Configuring done (2.9s)
[3.077s] -- Generating done (0.0s)
[3.085s] -- Build files have been written to: /home/shai/ros2_ttt_robot/build/ttt_hardware
[3.100s] Invoked command in '/home/shai/ros2_ttt_robot/build/ttt_hardware' returned '0': CMAKE_PREFIX_PATH=${CMAKE_PREFIX_PATH}:/home/shai/ros2_ws/install/stepper_driver:/home/shai/ros2_ws/install/poti_serial:/home/shai/ros2_ws/install/poti_mapper:/opt/ros/jazzy /usr/bin/cmake /home/shai/ros2_ttt_robot/src/ttt_hardware -DCMAKE_INSTALL_PREFIX=/home/shai/ros2_ttt_robot/install/ttt_hardware
[3.103s] Invoking command in '/home/shai/ros2_ttt_robot/build/ttt_hardware': CMAKE_PREFIX_PATH=${CMAKE_PREFIX_PATH}:/home/shai/ros2_ws/install/stepper_driver:/home/shai/ros2_ws/install/poti_serial:/home/shai/ros2_ws/install/poti_mapper:/opt/ros/jazzy /usr/bin/cmake --build /home/shai/ros2_ttt_robot/build/ttt_hardware -- -j4 -l4
[3.201s] Invoked command in '/home/shai/ros2_ttt_robot/build/ttt_hardware' returned '0': CMAKE_PREFIX_PATH=${CMAKE_PREFIX_PATH}:/home/shai/ros2_ws/install/stepper_driver:/home/shai/ros2_ws/install/poti_serial:/home/shai/ros2_ws/install/poti_mapper:/opt/ros/jazzy /usr/bin/cmake --build /home/shai/ros2_ttt_robot/build/ttt_hardware -- -j4 -l4
[3.202s] Invoking command in '/home/shai/ros2_ttt_robot/build/ttt_hardware': CMAKE_PREFIX_PATH=${CMAKE_PREFIX_PATH}:/home/shai/ros2_ws/install/stepper_driver:/home/shai/ros2_ws/install/poti_serial:/home/shai/ros2_ws/install/poti_mapper:/opt/ros/jazzy /usr/bin/cmake --install /home/shai/ros2_ttt_robot/build/ttt_hardware
[3.229s] -- Install configuration: ""
[3.230s] -- Installing: /home/shai/ros2_ttt_robot/install/ttt_hardware/share/ament_index/resource_index/package_run_dependencies/ttt_hardware
[3.233s] -- Installing: /home/shai/ros2_ttt_robot/install/ttt_hardware/share/ament_index/resource_index/parent_prefix_path/ttt_hardware
[3.233s] -- Installing: /home/shai/ros2_ttt_robot/install/ttt_hardware/share/ttt_hardware/environment/ament_prefix_path.sh
[3.233s] -- Installing: /home/shai/ros2_ttt_robot/install/ttt_hardware/share/ttt_hardware/environment/ament_prefix_path.dsv
[3.234s] -- Installing: /home/shai/ros2_ttt_robot/install/ttt_hardware/share/ttt_hardware/environment/path.sh
[3.235s] -- Installing: /home/shai/ros2_ttt_robot/install/ttt_hardware/share/ttt_hardware/environment/path.dsv
[3.235s] -- Installing: /home/shai/ros2_ttt_robot/install/ttt_hardware/share/ttt_hardware/local_setup.bash
[3.236s] -- Installing: /home/shai/ros2_ttt_robot/install/ttt_hardware/share/ttt_hardware/local_setup.sh
[3.238s] -- Installing: /home/shai/ros2_ttt_robot/install/ttt_hardware/share/ttt_hardware/local_setup.zsh
[3.239s] -- Installing: /home/shai/ros2_ttt_robot/install/ttt_hardware/share/ttt_hardware/local_setup.dsv
[3.242s] -- Installing: /home/shai/ros2_ttt_robot/install/ttt_hardware/share/ttt_hardware/package.dsv
[3.245s] -- Installing: /home/shai/ros2_ttt_robot/install/ttt_hardware/share/ament_index/resource_index/packages/ttt_hardware
[3.246s] -- Installing: /home/shai/ros2_ttt_robot/install/ttt_hardware/share/ttt_hardware/cmake/ttt_hardwareConfig.cmake
[3.246s] -- Installing: /home/shai/ros2_ttt_robot/install/ttt_hardware/share/ttt_hardware/cmake/ttt_hardwareConfig-version.cmake
[3.246s] -- Installing: /home/shai/ros2_ttt_robot/install/ttt_hardware/share/ttt_hardware/package.xml
[3.301s] Invoked command in '/home/shai/ros2_ttt_robot/build/ttt_hardware' returned '0': CMAKE_PREFIX_PATH=${CMAKE_PREFIX_PATH}:/home/shai/ros2_ws/install/stepper_driver:/home/shai/ros2_ws/install/poti_serial:/home/shai/ros2_ws/install/poti_mapper:/opt/ros/jazzy /usr/bin/cmake --install /home/shai/ros2_ttt_robot/build/ttt_hardware
